Using pre-set license
Built from '2021.3/staging' branch; Version is '2021.3.9f1 (ad3870b89536) revision 11352176'; Using compiler version '192829333'; Build Type 'Release'
OS: 'Windows 11  (10.0.22621) 64bit Core' Language: 'en' Physical Memory: 32694 MB
BatchMode: 1, IsHumanControllingUs: 0, StartBugReporterOnCrash: 0, Is64bit: 1, IsPro: 1

COMMAND LINE ARGUMENTS:
C:\Program Files\Unity\Hub\Editor\2021.3.9f1\Editor\Unity.exe
-adb2
-batchMode
-noUpm
-name
AssetImportWorker0
-projectPath
C:/Users/cocru/Documents/GitHub/RandomlyGeneratedHexBoard/Tilemap Practice
-logFile
Logs/AssetImportWorker0.log
-srvPort
62553
Successfully changed project path to: C:/Users/cocru/Documents/GitHub/RandomlyGeneratedHexBoard/Tilemap Practice
C:/Users/cocru/Documents/GitHub/RandomlyGeneratedHexBoard/Tilemap Practice
[UnityMemory] Configuration Parameters - Can be set up in boot.config
    "memorysetup-bucket-allocator-granularity=16"
    "memorysetup-bucket-allocator-bucket-count=8"
    "memorysetup-bucket-allocator-block-size=33554432"
    "memorysetup-bucket-allocator-block-count=8"
    "memorysetup-main-allocator-block-size=16777216"
    "memorysetup-thread-allocator-block-size=16777216"
    "memorysetup-gfx-main-allocator-block-size=16777216"
    "memorysetup-gfx-thread-allocator-block-size=16777216"
    "memorysetup-cache-allocator-block-size=4194304"
    "memorysetup-typetree-allocator-block-size=2097152"
    "memorysetup-profiler-bucket-allocator-granularity=16"
    "memorysetup-profiler-bucket-allocator-bucket-count=8"
    "memorysetup-profiler-bucket-allocator-block-size=33554432"
    "memorysetup-profiler-bucket-allocator-block-count=8"
    "memorysetup-profiler-allocator-block-size=16777216"
    "memorysetup-profiler-editor-allocator-block-size=1048576"
    "memorysetup-temp-allocator-size-main=16777216"
    "memorysetup-job-temp-allocator-block-size=2097152"
    "memorysetup-job-temp-allocator-block-size-background=1048576"
    "memorysetup-job-temp-allocator-reduction-small-platforms=262144"
    "memorysetup-temp-allocator-size-background-worker=32768"
    "memorysetup-temp-allocator-size-job-worker=262144"
    "memorysetup-temp-allocator-size-preload-manager=33554432"
    "memorysetup-temp-allocator-size-nav-mesh-worker=65536"
    "memorysetup-temp-allocator-size-audio-worker=65536"
    "memorysetup-temp-allocator-size-cloud-worker=32768"
    "memorysetup-temp-allocator-size-gi-baking-worker=262144"
    "memorysetup-temp-allocator-size-gfx=262144"
Refreshing native plugins compatible for Editor in 112.74 ms, found 2 plugins.
Preloading 0 native plugins for Editor in 0.00 ms.
Initialize engine version: 2021.3.9f1 (ad3870b89536)
[Subsystems] Discovering subsystems at path C:/Program Files/Unity/Hub/Editor/2021.3.9f1/Editor/Data/Resources/UnitySubsystems
[Subsystems] Discovering subsystems at path C:/Users/cocru/Documents/GitHub/RandomlyGeneratedHexBoard/Tilemap Practice/Assets
GfxDevice: creating device client; threaded=0; jobified=0
Direct3D:
    Version:  Direct3D 11.0 [level 11.1]
    Renderer: NVIDIA GeForce RTX 3080 Ti (ID=0x2208)
    Vendor:   NVIDIA
    VRAM:     12108 MB
    Driver:   31.0.15.1694
Initialize mono
Mono path[0] = 'C:/Program Files/Unity/Hub/Editor/2021.3.9f1/Editor/Data/Managed'
Mono path[1] = 'C:/Program Files/Unity/Hub/Editor/2021.3.9f1/Editor/Data/MonoBleedingEdge/lib/mono/unityjit-win32'
Mono config path = 'C:/Program Files/Unity/Hub/Editor/2021.3.9f1/Editor/Data/MonoBleedingEdge/etc'
Using monoOptions --debugger-agent=transport=dt_socket,embedding=1,server=y,suspend=n,address=127.0.0.1:56836
Begin MonoManager ReloadAssembly
Registering precompiled unity dll's ...
Register platform support module: C:/Program Files/Unity/Hub/Editor/2021.3.9f1/Editor/Data/PlaybackEngines/AndroidPlayer/UnityEditor.Android.Extensions.dll
Register platform support module: C:/Program Files/Unity/Hub/Editor/2021.3.9f1/Editor/Data/PlaybackEngines/WindowsStandaloneSupport/UnityEditor.WindowsStandalone.Extensions.dll
Registered in 0.005933 seconds.
Native extension for WindowsStandalone target not found
Native extension for Android target not found
Refreshing native plugins compatible for Editor in 113.21 ms, found 2 plugins.
Preloading 0 native plugins for Editor in 0.00 ms.
Mono: successfully reloaded assembly
- Completed reload, in  0.652 seconds
Domain Reload Profiling:
	ReloadAssembly (653ms)
		BeginReloadAssembly (60ms)
			ExecutionOrderSort (0ms)
			DisableScriptedObjects (0ms)
			BackupInstance (0ms)
			ReleaseScriptingObjects (0ms)
			CreateAndSetChildDomain (1ms)
		EndReloadAssembly (493ms)
			LoadAssemblies (59ms)
			RebuildTransferFunctionScriptingTraits (0ms)
			SetupTypeCache (108ms)
			ReleaseScriptCaches (0ms)
			RebuildScriptCaches (31ms)
			SetupLoadedEditorAssemblies (304ms)
				LogAssemblyErrors (0ms)
				InitializePlatformSupportModulesInManaged (49ms)
				SetLoadedEditorAssemblies (0ms)
				RefreshPlugins (113ms)
				BeforeProcessingInitializeOnLoad (1ms)
				ProcessInitializeOnLoadAttributes (97ms)
				ProcessInitializeOnLoadMethodAttributes (43ms)
				AfterProcessingInitializeOnLoad (0ms)
				EditorAssembliesLoaded (0ms)
			ExecutionOrderSort2 (0ms)
			AwakeInstancesAfterBackupRestoration (0ms)
Platform modules already initialized, skipping
Registering precompiled user dll's ...
Registered in 0.010010 seconds.
Begin MonoManager ReloadAssembly
Symbol file LoadedFromMemory doesn't match image C:\Users\cocru\Documents\GitHub\RandomlyGeneratedHexBoard\Tilemap Practice\Library\PackageCache\com.unity.visualscripting@1.7.8\Editor\VisualScripting.Core\Dependencies\YamlDotNet\Unity.VisualScripting.YamlDotNet.dll
Symbol file LoadedFromMemory doesn't match image C:\Users\cocru\Documents\GitHub\RandomlyGeneratedHexBoard\Tilemap Practice\Library\PackageCache\com.unity.visualscripting@1.7.8\Editor\VisualScripting.Core\Dependencies\DotNetZip\Unity.VisualScripting.IonicZip.dll
Native extension for WindowsStandalone target not found
Native extension for Android target not found
Refreshing native plugins compatible for Editor in 120.15 ms, found 2 plugins.
Preloading 0 native plugins for Editor in 0.00 ms.
Mono: successfully reloaded assembly
- Completed reload, in  1.459 seconds
Domain Reload Profiling:
	ReloadAssembly (1460ms)
		BeginReloadAssembly (233ms)
			ExecutionOrderSort (0ms)
			DisableScriptedObjects (6ms)
			BackupInstance (0ms)
			ReleaseScriptingObjects (0ms)
			CreateAndSetChildDomain (124ms)
		EndReloadAssembly (1102ms)
			LoadAssemblies (108ms)
			RebuildTransferFunctionScriptingTraits (0ms)
			SetupTypeCache (271ms)
			ReleaseScriptCaches (1ms)
			RebuildScriptCaches (73ms)
			SetupLoadedEditorAssemblies (593ms)
				LogAssemblyErrors (0ms)
				InitializePlatformSupportModulesInManaged (13ms)
				SetLoadedEditorAssemblies (0ms)
				RefreshPlugins (120ms)
				BeforeProcessingInitializeOnLoad (137ms)
				ProcessInitializeOnLoadAttributes (260ms)
				ProcessInitializeOnLoadMethodAttributes (55ms)
				AfterProcessingInitializeOnLoad (7ms)
				EditorAssembliesLoaded (0ms)
			ExecutionOrderSort2 (0ms)
			AwakeInstancesAfterBackupRestoration (6ms)
Platform modules already initialized, skipping
========================================================================
Worker process is ready to serve import requests
Launched and connected shader compiler UnityShaderCompiler.exe after 0.07 seconds
Refreshing native plugins compatible for Editor in 1.59 ms, found 2 plugins.
Preloading 0 native plugins for Editor in 0.00 ms.
Unloading 4940 Unused Serialized files (Serialized files now loaded: 0)
Unloading 37 unused Assets / (55.5 KB). Loaded Objects now: 5407.
Memory consumption went from 183.9 MB to 183.8 MB.
Total: 4.190900 ms (FindLiveObjects: 0.602900 ms CreateObjectMapping: 0.194800 ms MarkObjects: 3.293800 ms  DeleteObjects: 0.097900 ms)

AssetImportParameters requested are different than current active one (requested -> active):
  custom:video-decoder-ogg-theora: a1e56fd34408186e4bbccfd4996cb3dc -> 
  custom:container-muxer-webm: aa71ff27fc2769a1b78a27578f13a17b -> 
  custom:container-demuxer-webm: 4f35f7cbe854078d1ac9338744f61a02 -> 
  custom:video-encoder-webm-vp8: eb34c28f22e8b96e1ab97ce403110664 -> 
  custom:audio-encoder-webm-vorbis: bf7c407c2cedff20999df2af8eb42d56 -> 
  custom:framework-win-MediaFoundation: 216162199b28c13a410421893ffa2e32 -> 
  custom:container-demuxer-ogg: 62fdf1f143b41e24485cea50d1cbac27 -> 
  custom:video-decoder-webm-vp8: 9c59270c3fd7afecdb556c50c9e8de78 -> 
  custom:audio-decoder-ogg-vorbis: bf7c407c2cedff20999df2af8eb42d56 -> 
========================================================================
Received Import Request.
  Time since last request: 329125.711122 seconds.
  path: Assets/Scripts/BaseTile.cs
  artifactKey: Guid(73d2461fcfc9e7c488288f52779a42df) Importer(815301076,1909f56bfc062723c751e8b465ee728b)
Start importing Assets/Scripts/BaseTile.cs using Guid(73d2461fcfc9e7c488288f52779a42df) Importer(815301076,1909f56bfc062723c751e8b465ee728b)  -> (artifact id: '58b0d4da2bd136fc4d52ec446b9697ca') in 0.020635 seconds 
========================================================================
Received Prepare
Registering precompiled user dll's ...
Registered in 0.007489 seconds.
Begin MonoManager ReloadAssembly
Symbol file LoadedFromMemory doesn't match image C:\Users\cocru\Documents\GitHub\RandomlyGeneratedHexBoard\Tilemap Practice\Library\PackageCache\com.unity.visualscripting@1.7.8\Editor\VisualScripting.Core\Dependencies\YamlDotNet\Unity.VisualScripting.YamlDotNet.dll
Symbol file LoadedFromMemory doesn't match image C:\Users\cocru\Documents\GitHub\RandomlyGeneratedHexBoard\Tilemap Practice\Library\PackageCache\com.unity.visualscripting@1.7.8\Editor\VisualScripting.Core\Dependencies\DotNetZip\Unity.VisualScripting.IonicZip.dll
Native extension for WindowsStandalone target not found
Native extension for Android target not found
Refreshing native plugins compatible for Editor in 0.98 ms, found 2 plugins.
Preloading 0 native plugins for Editor in 0.00 ms.
Mono: successfully reloaded assembly
- Completed reload, in  0.907 seconds
Domain Reload Profiling:
	ReloadAssembly (907ms)
		BeginReloadAssembly (113ms)
			ExecutionOrderSort (0ms)
			DisableScriptedObjects (5ms)
			BackupInstance (0ms)
			ReleaseScriptingObjects (0ms)
			CreateAndSetChildDomain (29ms)
		EndReloadAssembly (708ms)
			LoadAssemblies (80ms)
			RebuildTransferFunctionScriptingTraits (0ms)
			SetupTypeCache (197ms)
			ReleaseScriptCaches (1ms)
			RebuildScriptCaches (40ms)
			SetupLoadedEditorAssemblies (335ms)
				LogAssemblyErrors (0ms)
				InitializePlatformSupportModulesInManaged (22ms)
				SetLoadedEditorAssemblies (0ms)
				RefreshPlugins (1ms)
				BeforeProcessingInitializeOnLoad (92ms)
				ProcessInitializeOnLoadAttributes (178ms)
				ProcessInitializeOnLoadMethodAttributes (35ms)
				AfterProcessingInitializeOnLoad (6ms)
				EditorAssembliesLoaded (0ms)
			ExecutionOrderSort2 (0ms)
			AwakeInstancesAfterBackupRestoration (6ms)
Platform modules already initialized, skipping
Refreshing native plugins compatible for Editor in 2.43 ms, found 2 plugins.
Preloading 0 native plugins for Editor in 0.00 ms.
Unloading 4916 Unused Serialized files (Serialized files now loaded: 0)
Unloading 24 unused Assets / (25.6 KB). Loaded Objects now: 5410.
Memory consumption went from 182.0 MB to 181.9 MB.
Total: 3.191500 ms (FindLiveObjects: 0.347100 ms CreateObjectMapping: 0.130200 ms MarkObjects: 2.679100 ms  DeleteObjects: 0.034000 ms)

AssetImportParameters requested are different than current active one (requested -> active):
  custom:video-decoder-ogg-theora: a1e56fd34408186e4bbccfd4996cb3dc -> 
  custom:container-muxer-webm: aa71ff27fc2769a1b78a27578f13a17b -> 
  custom:container-demuxer-webm: 4f35f7cbe854078d1ac9338744f61a02 -> 
  custom:video-encoder-webm-vp8: eb34c28f22e8b96e1ab97ce403110664 -> 
  custom:audio-encoder-webm-vorbis: bf7c407c2cedff20999df2af8eb42d56 -> 
  custom:framework-win-MediaFoundation: 216162199b28c13a410421893ffa2e32 -> 
  custom:container-demuxer-ogg: 62fdf1f143b41e24485cea50d1cbac27 -> 
  custom:video-decoder-webm-vp8: 9c59270c3fd7afecdb556c50c9e8de78 -> 
  custom:audio-decoder-ogg-vorbis: bf7c407c2cedff20999df2af8eb42d56 -> 
========================================================================
Received Import Request.
  Time since last request: 115.374559 seconds.
  path: Assets/Scripts/BaseTile.cs
  artifactKey: Guid(73d2461fcfc9e7c488288f52779a42df) Importer(815301076,1909f56bfc062723c751e8b465ee728b)
Start importing Assets/Scripts/BaseTile.cs using Guid(73d2461fcfc9e7c488288f52779a42df) Importer(815301076,1909f56bfc062723c751e8b465ee728b)  -> (artifact id: '93b8216da0201c5b4978a239938f17f8') in 0.008525 seconds 
========================================================================
Received Import Request.
  Time since last request: 5.875063 seconds.
  path: Assets/Scripts/FlyingCreature.cs
  artifactKey: Guid(5a162f6973a76ae4fabee9c5e4722480) Importer(815301076,1909f56bfc062723c751e8b465ee728b)
Start importing Assets/Scripts/FlyingCreature.cs using Guid(5a162f6973a76ae4fabee9c5e4722480) Importer(815301076,1909f56bfc062723c751e8b465ee728b)  -> (artifact id: '180f6028d137ed11aef8d0d749faa6e2') in 0.006641 seconds 
========================================================================
Received Import Request.
  Time since last request: 38.921836 seconds.
  path: Assets/Prefabs/Elf.prefab
  artifactKey: Guid(e8a57f89e7d2125429e633d3a5fe927b) Importer(815301076,1909f56bfc062723c751e8b465ee728b)
Start importing Assets/Prefabs/Elf.prefab using Guid(e8a57f89e7d2125429e633d3a5fe927b) Importer(815301076,1909f56bfc062723c751e8b465ee728b)  -> (artifact id: 'c6bd77af105a897c92e1aeea25aa6a7b') in 0.134544 seconds 
========================================================================
Received Import Request.
  Time since last request: 13.148708 seconds.
  path: Assets/Low Poly Hexagons/Assets/Prefabs/Hexagons/BeachShore.prefab
  artifactKey: Guid(71199765df3f9d147bc10d0b8c6f4af7) Importer(815301076,1909f56bfc062723c751e8b465ee728b)
Start importing Assets/Low Poly Hexagons/Assets/Prefabs/Hexagons/BeachShore.prefab using Guid(71199765df3f9d147bc10d0b8c6f4af7) Importer(815301076,1909f56bfc062723c751e8b465ee728b)  -> (artifact id: 'e98cf429c6225715e84c41c9f75e2181') in 0.018092 seconds 
========================================================================
Received Import Request.
  Time since last request: 0.000023 seconds.
  path: Assets/Low Poly Hexagons/Assets/Prefabs/Hexagons/Hex2.prefab
  artifactKey: Guid(ba54e0f64ad505c4fa5521c008dc356e) Importer(815301076,1909f56bfc062723c751e8b465ee728b)
Start importing Assets/Low Poly Hexagons/Assets/Prefabs/Hexagons/Hex2.prefab using Guid(ba54e0f64ad505c4fa5521c008dc356e) Importer(815301076,1909f56bfc062723c751e8b465ee728b)  -> (artifact id: '004f3609f773e202b13a1fd508a54865') in 0.016693 seconds 
========================================================================
Received Import Request.
  Time since last request: 0.000020 seconds.
  path: Assets/Low Poly Hexagons/Assets/Prefabs/Hexagons/Hex5.prefab
  artifactKey: Guid(beebce36c61d60f42b22b153abcfd9b0) Importer(815301076,1909f56bfc062723c751e8b465ee728b)
Start importing Assets/Low Poly Hexagons/Assets/Prefabs/Hexagons/Hex5.prefab using Guid(beebce36c61d60f42b22b153abcfd9b0) Importer(815301076,1909f56bfc062723c751e8b465ee728b)  -> (artifact id: 'a6cf2d531a2f700d8ac8a19a0029b2f2') in 0.017747 seconds 
========================================================================
Received Import Request.
  Time since last request: 0.000018 seconds.
  path: Assets/Low Poly Hexagons/Assets/Prefabs/Hexagons/Hex11.prefab
  artifactKey: Guid(8d65fe10dbb32e34aa703943ab85d9c0) Importer(815301076,1909f56bfc062723c751e8b465ee728b)
Start importing Assets/Low Poly Hexagons/Assets/Prefabs/Hexagons/Hex11.prefab using Guid(8d65fe10dbb32e34aa703943ab85d9c0) Importer(815301076,1909f56bfc062723c751e8b465ee728b)  -> (artifact id: 'f2bd31d2411c8e2f74bea3119fe0297c') in 0.011229 seconds 
========================================================================
Received Import Request.
  Time since last request: 0.000016 seconds.
  path: Assets/Low Poly Hexagons/Assets/Prefabs/Hexagons/Hex13.prefab
  artifactKey: Guid(9c6353c0a6f5e524b8c947bc6aa1c756) Importer(815301076,1909f56bfc062723c751e8b465ee728b)
Start importing Assets/Low Poly Hexagons/Assets/Prefabs/Hexagons/Hex13.prefab using Guid(9c6353c0a6f5e524b8c947bc6aa1c756) Importer(815301076,1909f56bfc062723c751e8b465ee728b)  -> (artifact id: '1e5c5b13c9c412ecd0d790b101152f89') in 0.016531 seconds 
========================================================================
Received Import Request.
  Time since last request: 0.000015 seconds.
  path: Assets/Low Poly Hexagons/Assets/Prefabs/Hexagons/Hex7.prefab
  artifactKey: Guid(1e37ca3e943829a479e4ff6d29c23d73) Importer(815301076,1909f56bfc062723c751e8b465ee728b)
Start importing Assets/Low Poly Hexagons/Assets/Prefabs/Hexagons/Hex7.prefab using Guid(1e37ca3e943829a479e4ff6d29c23d73) Importer(815301076,1909f56bfc062723c751e8b465ee728b)  -> (artifact id: '0ae5459ec97490b543bede042a53bc75') in 0.015138 seconds 
========================================================================
Received Import Request.
  Time since last request: 0.000021 seconds.
  path: Assets/Low Poly Hexagons/Assets/Prefabs/Hexagons/Hex8.prefab
  artifactKey: Guid(4f49c09706dbf4a4e99dc6a51fab25cc) Importer(815301076,1909f56bfc062723c751e8b465ee728b)
Start importing Assets/Low Poly Hexagons/Assets/Prefabs/Hexagons/Hex8.prefab using Guid(4f49c09706dbf4a4e99dc6a51fab25cc) Importer(815301076,1909f56bfc062723c751e8b465ee728b)  -> (artifact id: '504c710a06d19774d064f2158fc5834d') in 0.056465 seconds 
========================================================================
Received Import Request.
  Time since last request: 0.000027 seconds.
  path: Assets/Low Poly Hexagons/Assets/Prefabs/Hexagons/Hex29.prefab
  artifactKey: Guid(f2360a07b6cee064aad307fa66e6f8f8) Importer(815301076,1909f56bfc062723c751e8b465ee728b)
Start importing Assets/Low Poly Hexagons/Assets/Prefabs/Hexagons/Hex29.prefab using Guid(f2360a07b6cee064aad307fa66e6f8f8) Importer(815301076,1909f56bfc062723c751e8b465ee728b)  -> (artifact id: '5b933fe409f2c37cf55c6650b2e66393') in 0.018078 seconds 
========================================================================
Received Import Request.
  Time since last request: 0.000032 seconds.
  path: Assets/Low Poly Hexagons/Assets/Prefabs/Hexagons/Hex25.prefab
  artifactKey: Guid(d4f75f0ac34d85a43a92e749133c074f) Importer(815301076,1909f56bfc062723c751e8b465ee728b)
Start importing Assets/Low Poly Hexagons/Assets/Prefabs/Hexagons/Hex25.prefab using Guid(d4f75f0ac34d85a43a92e749133c074f) Importer(815301076,1909f56bfc062723c751e8b465ee728b)  -> (artifact id: '0eb83ba18239e78840669333c1531aa8') in 0.018209 seconds 
========================================================================
Received Import Request.
  Time since last request: 0.000017 seconds.
  path: Assets/Low Poly Hexagons/Assets/Prefabs/Hexagons/Hex26.prefab
  artifactKey: Guid(d3c74397fa533914f914ecf70ad28d73) Importer(815301076,1909f56bfc062723c751e8b465ee728b)
Start importing Assets/Low Poly Hexagons/Assets/Prefabs/Hexagons/Hex26.prefab using Guid(d3c74397fa533914f914ecf70ad28d73) Importer(815301076,1909f56bfc062723c751e8b465ee728b)  -> (artifact id: 'f496eaa68c262757b9505e70061c8939') in 0.030828 seconds 
========================================================================
Received Import Request.
  Time since last request: 0.000019 seconds.
  path: Assets/Low Poly Hexagons/Assets/Prefabs/Hexagons/Hex3.prefab
  artifactKey: Guid(b4ad4e21329130e4a99ffc8cefe46816) Importer(815301076,1909f56bfc062723c751e8b465ee728b)
Start importing Assets/Low Poly Hexagons/Assets/Prefabs/Hexagons/Hex3.prefab using Guid(b4ad4e21329130e4a99ffc8cefe46816) Importer(815301076,1909f56bfc062723c751e8b465ee728b)  -> (artifact id: 'b49427f68142f279b4eb0d165a2fc721') in 0.032483 seconds 
========================================================================
Received Import Request.
  Time since last request: 0.000021 seconds.
  path: Assets/Low Poly Hexagons/Assets/Prefabs/Hexagons/Hex15.prefab
  artifactKey: Guid(6d34a82773c25b44a97610f246fb01f7) Importer(815301076,1909f56bfc062723c751e8b465ee728b)
Start importing Assets/Low Poly Hexagons/Assets/Prefabs/Hexagons/Hex15.prefab using Guid(6d34a82773c25b44a97610f246fb01f7) Importer(815301076,1909f56bfc062723c751e8b465ee728b)  -> (artifact id: 'ddb400c7b63e1414fbc1f57dd2773493') in 0.039302 seconds 
========================================================================
Received Import Request.
  Time since last request: 0.000022 seconds.
  path: Assets/Low Poly Hexagons/Assets/Prefabs/Hexagons/Hex4.prefab
  artifactKey: Guid(2ee43f6acf07a194eb588a7dd5bc1c5b) Importer(815301076,1909f56bfc062723c751e8b465ee728b)
Start importing Assets/Low Poly Hexagons/Assets/Prefabs/Hexagons/Hex4.prefab using Guid(2ee43f6acf07a194eb588a7dd5bc1c5b) Importer(815301076,1909f56bfc062723c751e8b465ee728b)  -> (artifact id: '88a4c4ce411e2cb5b8c44f67e6499afa') in 0.029064 seconds 
========================================================================
Received Import Request.
  Time since last request: 0.000019 seconds.
  path: Assets/Low Poly Hexagons/Assets/Prefabs/Hexagons/Hex6.prefab
  artifactKey: Guid(2e0f1312996d68349933ef1d0445cd09) Importer(815301076,1909f56bfc062723c751e8b465ee728b)
Start importing Assets/Low Poly Hexagons/Assets/Prefabs/Hexagons/Hex6.prefab using Guid(2e0f1312996d68349933ef1d0445cd09) Importer(815301076,1909f56bfc062723c751e8b465ee728b)  -> (artifact id: '801a16f345c6bbf987a0d71c8a20277f') in 0.015356 seconds 
========================================================================
Received Import Request.
  Time since last request: 0.000022 seconds.
  path: Assets/Low Poly Hexagons/Assets/Prefabs/Hexagons/Hex18.prefab
  artifactKey: Guid(8c907f122f4a8a2468dec14493d763ff) Importer(815301076,1909f56bfc062723c751e8b465ee728b)
Start importing Assets/Low Poly Hexagons/Assets/Prefabs/Hexagons/Hex18.prefab using Guid(8c907f122f4a8a2468dec14493d763ff) Importer(815301076,1909f56bfc062723c751e8b465ee728b)  -> (artifact id: '35084a0dad5eafacbd9456708ee6245f') in 0.019593 seconds 
========================================================================
Received Import Request.
  Time since last request: 0.000030 seconds.
  path: Assets/Low Poly Hexagons/Assets/Prefabs/Hexagons/Hex23.prefab
  artifactKey: Guid(de4d7d45706bba64093bd478a8d6c363) Importer(815301076,1909f56bfc062723c751e8b465ee728b)
Start importing Assets/Low Poly Hexagons/Assets/Prefabs/Hexagons/Hex23.prefab using Guid(de4d7d45706bba64093bd478a8d6c363) Importer(815301076,1909f56bfc062723c751e8b465ee728b)  -> (artifact id: 'f37e664e85584c689db8075caf0e428b') in 0.015602 seconds 
========================================================================
Received Import Request.
  Time since last request: 0.000030 seconds.
  path: Assets/Low Poly Hexagons/Assets/Prefabs/Hexagons/Hex28.prefab
  artifactKey: Guid(4dfdc0faa2101104796fb91f4c9b60ce) Importer(815301076,1909f56bfc062723c751e8b465ee728b)
Start importing Assets/Low Poly Hexagons/Assets/Prefabs/Hexagons/Hex28.prefab using Guid(4dfdc0faa2101104796fb91f4c9b60ce) Importer(815301076,1909f56bfc062723c751e8b465ee728b)  -> (artifact id: '567a2b49bb40dc6837bb151dbac6fcbd') in 0.013154 seconds 
========================================================================
Received Import Request.
  Time since last request: 0.000018 seconds.
  path: Assets/Low Poly Hexagons/Assets/Prefabs/Hexagons/Hex32.prefab
  artifactKey: Guid(971c5d43846e5244f8c75cdaee9e9087) Importer(815301076,1909f56bfc062723c751e8b465ee728b)
Start importing Assets/Low Poly Hexagons/Assets/Prefabs/Hexagons/Hex32.prefab using Guid(971c5d43846e5244f8c75cdaee9e9087) Importer(815301076,1909f56bfc062723c751e8b465ee728b)  -> (artifact id: '805bad929ce32e7d51b72ce3a7509f8a') in 0.016878 seconds 
========================================================================
Received Import Request.
  Time since last request: 0.000021 seconds.
  path: Assets/Low Poly Hexagons/Assets/Prefabs/Hexagons/HellLake.prefab
  artifactKey: Guid(0c9cd282647074244950d07c3846fa0c) Importer(815301076,1909f56bfc062723c751e8b465ee728b)
Start importing Assets/Low Poly Hexagons/Assets/Prefabs/Hexagons/HellLake.prefab using Guid(0c9cd282647074244950d07c3846fa0c) Importer(815301076,1909f56bfc062723c751e8b465ee728b)  -> (artifact id: '647b0cda3e26b4ffc56d73e2c49ea0ba') in 0.015334 seconds 
========================================================================
Received Prepare
Registering precompiled user dll's ...
Registered in 0.007156 seconds.
Begin MonoManager ReloadAssembly
Symbol file LoadedFromMemory doesn't match image C:\Users\cocru\Documents\GitHub\RandomlyGeneratedHexBoard\Tilemap Practice\Library\PackageCache\com.unity.visualscripting@1.7.8\Editor\VisualScripting.Core\Dependencies\YamlDotNet\Unity.VisualScripting.YamlDotNet.dll
Symbol file LoadedFromMemory doesn't match image C:\Users\cocru\Documents\GitHub\RandomlyGeneratedHexBoard\Tilemap Practice\Library\PackageCache\com.unity.visualscripting@1.7.8\Editor\VisualScripting.Core\Dependencies\DotNetZip\Unity.VisualScripting.IonicZip.dll
Native extension for WindowsStandalone target not found
Native extension for Android target not found
Refreshing native plugins compatible for Editor in 0.99 ms, found 2 plugins.
Preloading 0 native plugins for Editor in 0.00 ms.
Mono: successfully reloaded assembly
- Completed reload, in  0.899 seconds
Domain Reload Profiling:
	ReloadAssembly (900ms)
		BeginReloadAssembly (119ms)
			ExecutionOrderSort (0ms)
			DisableScriptedObjects (6ms)
			BackupInstance (0ms)
			ReleaseScriptingObjects (0ms)
			CreateAndSetChildDomain (33ms)
		EndReloadAssembly (686ms)
			LoadAssemblies (88ms)
			RebuildTransferFunctionScriptingTraits (0ms)
			SetupTypeCache (196ms)
			ReleaseScriptCaches (1ms)
			RebuildScriptCaches (44ms)
			SetupLoadedEditorAssemblies (309ms)
				LogAssemblyErrors (0ms)
				InitializePlatformSupportModulesInManaged (16ms)
				SetLoadedEditorAssemblies (1ms)
				RefreshPlugins (1ms)
				BeforeProcessingInitializeOnLoad (86ms)
				ProcessInitializeOnLoadAttributes (164ms)
				ProcessInitializeOnLoadMethodAttributes (35ms)
				AfterProcessingInitializeOnLoad (6ms)
				EditorAssembliesLoaded (0ms)
			ExecutionOrderSort2 (0ms)
			AwakeInstancesAfterBackupRestoration (6ms)
Platform modules already initialized, skipping
Refreshing native plugins compatible for Editor in 3.40 ms, found 2 plugins.
Preloading 0 native plugins for Editor in 0.00 ms.
Unloading 4916 Unused Serialized files (Serialized files now loaded: 0)
Unloading 24 unused Assets / (24.7 KB). Loaded Objects now: 5422.
Memory consumption went from 186.2 MB to 186.2 MB.
Total: 3.013600 ms (FindLiveObjects: 0.393200 ms CreateObjectMapping: 0.104500 ms MarkObjects: 2.483200 ms  DeleteObjects: 0.031300 ms)

AssetImportParameters requested are different than current active one (requested -> active):
  custom:video-decoder-ogg-theora: a1e56fd34408186e4bbccfd4996cb3dc -> 
  custom:container-muxer-webm: aa71ff27fc2769a1b78a27578f13a17b -> 
  custom:container-demuxer-webm: 4f35f7cbe854078d1ac9338744f61a02 -> 
  custom:video-encoder-webm-vp8: eb34c28f22e8b96e1ab97ce403110664 -> 
  custom:audio-encoder-webm-vorbis: bf7c407c2cedff20999df2af8eb42d56 -> 
  custom:framework-win-MediaFoundation: 216162199b28c13a410421893ffa2e32 -> 
  custom:container-demuxer-ogg: 62fdf1f143b41e24485cea50d1cbac27 -> 
  custom:video-decoder-webm-vp8: 9c59270c3fd7afecdb556c50c9e8de78 -> 
  custom:audio-decoder-ogg-vorbis: bf7c407c2cedff20999df2af8eb42d56 -> 
========================================================================
Received Import Request.
  Time since last request: 57.588237 seconds.
  path: Assets/Low Poly Hexagons/Assets/Prefabs/Hexagons/Hex13.prefab
  artifactKey: Guid(9c6353c0a6f5e524b8c947bc6aa1c756) Importer(815301076,1909f56bfc062723c751e8b465ee728b)
Start importing Assets/Low Poly Hexagons/Assets/Prefabs/Hexagons/Hex13.prefab using Guid(9c6353c0a6f5e524b8c947bc6aa1c756) Importer(815301076,1909f56bfc062723c751e8b465ee728b)  -> (artifact id: '3de702b23b0af3e0986d7b39778e5395') in 0.071937 seconds 
========================================================================
Received Import Request.
  Time since last request: 0.000027 seconds.
  path: Assets/Low Poly Hexagons/Assets/Prefabs/Hexagons/Hex9.prefab
  artifactKey: Guid(b6b0c220ebe042b498958eadf1f52fa4) Importer(815301076,1909f56bfc062723c751e8b465ee728b)
Start importing Assets/Low Poly Hexagons/Assets/Prefabs/Hexagons/Hex9.prefab using Guid(b6b0c220ebe042b498958eadf1f52fa4) Importer(815301076,1909f56bfc062723c751e8b465ee728b)  -> (artifact id: 'e81d9902cb3a8eca73ee11337ba6d987') in 0.011343 seconds 
========================================================================
Received Import Request.
  Time since last request: 0.000016 seconds.
  path: Assets/Low Poly Hexagons/Assets/Prefabs/Hexagons/Hex24.prefab
  artifactKey: Guid(c6f768877d23ae843aec051dd03e03e6) Importer(815301076,1909f56bfc062723c751e8b465ee728b)
Start importing Assets/Low Poly Hexagons/Assets/Prefabs/Hexagons/Hex24.prefab using Guid(c6f768877d23ae843aec051dd03e03e6) Importer(815301076,1909f56bfc062723c751e8b465ee728b)  -> (artifact id: '21e16a1a201c731ba66d57e03d84bef6') in 0.014927 seconds 
========================================================================
Received Import Request.
  Time since last request: 0.000023 seconds.
  path: Assets/Low Poly Hexagons/Assets/Prefabs/Hexagons/Hex26.prefab
  artifactKey: Guid(d3c74397fa533914f914ecf70ad28d73) Importer(815301076,1909f56bfc062723c751e8b465ee728b)
Start importing Assets/Low Poly Hexagons/Assets/Prefabs/Hexagons/Hex26.prefab using Guid(d3c74397fa533914f914ecf70ad28d73) Importer(815301076,1909f56bfc062723c751e8b465ee728b)  -> (artifact id: 'e6d19d69e8a9cf4302d8cd9abc9a2867') in 0.012035 seconds 
========================================================================
Received Import Request.
  Time since last request: 0.000018 seconds.
  path: Assets/Low Poly Hexagons/Assets/Prefabs/Hexagons/BeachShore.prefab
  artifactKey: Guid(71199765df3f9d147bc10d0b8c6f4af7) Importer(815301076,1909f56bfc062723c751e8b465ee728b)
Start importing Assets/Low Poly Hexagons/Assets/Prefabs/Hexagons/BeachShore.prefab using Guid(71199765df3f9d147bc10d0b8c6f4af7) Importer(815301076,1909f56bfc062723c751e8b465ee728b)  -> (artifact id: '5701fe8804e88a9c9599faec2126a0e9') in 0.010340 seconds 
========================================================================
Received Import Request.
  Time since last request: 0.000018 seconds.
  path: Assets/Low Poly Hexagons/Assets/Prefabs/Hexagons/Hex10.prefab
  artifactKey: Guid(61a4f649633a1f94abeb21559df74bd4) Importer(815301076,1909f56bfc062723c751e8b465ee728b)
Start importing Assets/Low Poly Hexagons/Assets/Prefabs/Hexagons/Hex10.prefab using Guid(61a4f649633a1f94abeb21559df74bd4) Importer(815301076,1909f56bfc062723c751e8b465ee728b)  -> (artifact id: '4dce95b3892aa3ed2fd2e6ac54881d1e') in 0.009390 seconds 
========================================================================
Received Import Request.
  Time since last request: 0.000022 seconds.
  path: Assets/Low Poly Hexagons/Assets/Prefabs/Hexagons/Hex20.prefab
  artifactKey: Guid(cd4f2cbde7d033f45a5d96afb77a69e1) Importer(815301076,1909f56bfc062723c751e8b465ee728b)
Start importing Assets/Low Poly Hexagons/Assets/Prefabs/Hexagons/Hex20.prefab using Guid(cd4f2cbde7d033f45a5d96afb77a69e1) Importer(815301076,1909f56bfc062723c751e8b465ee728b)  -> (artifact id: '2e18b8f059f2e74550ad1a0955f40815') in 0.009151 seconds 
========================================================================
Received Import Request.
  Time since last request: 0.000021 seconds.
  path: Assets/Low Poly Hexagons/Assets/Prefabs/Hexagons/Hex2.prefab
  artifactKey: Guid(ba54e0f64ad505c4fa5521c008dc356e) Importer(815301076,1909f56bfc062723c751e8b465ee728b)
Start importing Assets/Low Poly Hexagons/Assets/Prefabs/Hexagons/Hex2.prefab using Guid(ba54e0f64ad505c4fa5521c008dc356e) Importer(815301076,1909f56bfc062723c751e8b465ee728b)  -> (artifact id: '2ce2b93674b8b2754bd151f365ab8748') in 0.008778 seconds 
========================================================================
Received Import Request.
  Time since last request: 0.000021 seconds.
  path: Assets/Low Poly Hexagons/Assets/Prefabs/Hexagons/Hex1.prefab
  artifactKey: Guid(88d6135510f32df49aeb43b51172cc52) Importer(815301076,1909f56bfc062723c751e8b465ee728b)
Start importing Assets/Low Poly Hexagons/Assets/Prefabs/Hexagons/Hex1.prefab using Guid(88d6135510f32df49aeb43b51172cc52) Importer(815301076,1909f56bfc062723c751e8b465ee728b)  -> (artifact id: '44be6bcb80973874e6109296b7b85278') in 0.009448 seconds 
========================================================================
Received Prepare
Registering precompiled user dll's ...
Registered in 0.007498 seconds.
Begin MonoManager ReloadAssembly
Symbol file LoadedFromMemory doesn't match image C:\Users\cocru\Documents\GitHub\RandomlyGeneratedHexBoard\Tilemap Practice\Library\PackageCache\com.unity.visualscripting@1.7.8\Editor\VisualScripting.Core\Dependencies\YamlDotNet\Unity.VisualScripting.YamlDotNet.dll
Symbol file LoadedFromMemory doesn't match image C:\Users\cocru\Documents\GitHub\RandomlyGeneratedHexBoard\Tilemap Practice\Library\PackageCache\com.unity.visualscripting@1.7.8\Editor\VisualScripting.Core\Dependencies\DotNetZip\Unity.VisualScripting.IonicZip.dll
Native extension for WindowsStandalone target not found
Native extension for Android target not found
Refreshing native plugins compatible for Editor in 0.94 ms, found 2 plugins.
Preloading 0 native plugins for Editor in 0.00 ms.
Mono: successfully reloaded assembly
- Completed reload, in  0.901 seconds
Domain Reload Profiling:
	ReloadAssembly (901ms)
		BeginReloadAssembly (115ms)
			ExecutionOrderSort (0ms)
			DisableScriptedObjects (5ms)
			BackupInstance (0ms)
			ReleaseScriptingObjects (0ms)
			CreateAndSetChildDomain (36ms)
		EndReloadAssembly (698ms)
			LoadAssemblies (82ms)
			RebuildTransferFunctionScriptingTraits (0ms)
			SetupTypeCache (190ms)
			ReleaseScriptCaches (2ms)
			RebuildScriptCaches (41ms)
			SetupLoadedEditorAssemblies (340ms)
				LogAssemblyErrors (0ms)
				InitializePlatformSupportModulesInManaged (16ms)
				SetLoadedEditorAssemblies (0ms)
				RefreshPlugins (1ms)
				BeforeProcessingInitializeOnLoad (99ms)
				ProcessInitializeOnLoadAttributes (181ms)
				ProcessInitializeOnLoadMethodAttributes (37ms)
				AfterProcessingInitializeOnLoad (5ms)
				EditorAssembliesLoaded (0ms)
			ExecutionOrderSort2 (0ms)
			AwakeInstancesAfterBackupRestoration (6ms)
Platform modules already initialized, skipping
Refreshing native plugins compatible for Editor in 3.40 ms, found 2 plugins.
Preloading 0 native plugins for Editor in 0.00 ms.
Unloading 4916 Unused Serialized files (Serialized files now loaded: 0)
Unloading 24 unused Assets / (24.7 KB). Loaded Objects now: 5425.
Memory consumption went from 186.2 MB to 186.2 MB.
Total: 4.021900 ms (FindLiveObjects: 0.485000 ms CreateObjectMapping: 0.158200 ms MarkObjects: 3.346800 ms  DeleteObjects: 0.030600 ms)

AssetImportParameters requested are different than current active one (requested -> active):
  custom:video-decoder-ogg-theora: a1e56fd34408186e4bbccfd4996cb3dc -> 
  custom:container-muxer-webm: aa71ff27fc2769a1b78a27578f13a17b -> 
  custom:container-demuxer-webm: 4f35f7cbe854078d1ac9338744f61a02 -> 
  custom:video-encoder-webm-vp8: eb34c28f22e8b96e1ab97ce403110664 -> 
  custom:audio-encoder-webm-vorbis: bf7c407c2cedff20999df2af8eb42d56 -> 
  custom:framework-win-MediaFoundation: 216162199b28c13a410421893ffa2e32 -> 
  custom:container-demuxer-ogg: 62fdf1f143b41e24485cea50d1cbac27 -> 
  custom:video-decoder-webm-vp8: 9c59270c3fd7afecdb556c50c9e8de78 -> 
  custom:audio-decoder-ogg-vorbis: bf7c407c2cedff20999df2af8eb42d56 -> 
========================================================================
Received Import Request.
  Time since last request: 66.971696 seconds.
  path: Assets/Low Poly Hexagons/Assets/Prefabs/Hexagons/Hex11.prefab
  artifactKey: Guid(8d65fe10dbb32e34aa703943ab85d9c0) Importer(815301076,1909f56bfc062723c751e8b465ee728b)
Start importing Assets/Low Poly Hexagons/Assets/Prefabs/Hexagons/Hex11.prefab using Guid(8d65fe10dbb32e34aa703943ab85d9c0) Importer(815301076,1909f56bfc062723c751e8b465ee728b)  -> (artifact id: '9399aa8c658ed893d4f3bb00cc4c2c45') in 0.069151 seconds 
========================================================================
Received Import Request.
  Time since last request: 0.000016 seconds.
  path: Assets/Low Poly Hexagons/Assets/Prefabs/Hexagons/Hex7.prefab
  artifactKey: Guid(1e37ca3e943829a479e4ff6d29c23d73) Importer(815301076,1909f56bfc062723c751e8b465ee728b)
Start importing Assets/Low Poly Hexagons/Assets/Prefabs/Hexagons/Hex7.prefab using Guid(1e37ca3e943829a479e4ff6d29c23d73) Importer(815301076,1909f56bfc062723c751e8b465ee728b)  -> (artifact id: 'f3e3ac013ab729ff0ba2c59d46771fe2') in 0.009261 seconds 
========================================================================
Received Import Request.
  Time since last request: 0.000015 seconds.
  path: Assets/Low Poly Hexagons/Assets/Prefabs/Hexagons/Hex8.prefab
  artifactKey: Guid(4f49c09706dbf4a4e99dc6a51fab25cc) Importer(815301076,1909f56bfc062723c751e8b465ee728b)
Start importing Assets/Low Poly Hexagons/Assets/Prefabs/Hexagons/Hex8.prefab using Guid(4f49c09706dbf4a4e99dc6a51fab25cc) Importer(815301076,1909f56bfc062723c751e8b465ee728b)  -> (artifact id: 'c14aafdffae594c5863c378e8449d784') in 0.009472 seconds 
========================================================================
Received Import Request.
  Time since last request: 0.000015 seconds.
  path: Assets/Low Poly Hexagons/Assets/Prefabs/Hexagons/Hex24.prefab
  artifactKey: Guid(c6f768877d23ae843aec051dd03e03e6) Importer(815301076,1909f56bfc062723c751e8b465ee728b)
Start importing Assets/Low Poly Hexagons/Assets/Prefabs/Hexagons/Hex24.prefab using Guid(c6f768877d23ae843aec051dd03e03e6) Importer(815301076,1909f56bfc062723c751e8b465ee728b)  -> (artifact id: '503e38ea4a92d797e6e127a29b468518') in 0.009408 seconds 
========================================================================
Received Import Request.
  Time since last request: 0.000025 seconds.
  path: Assets/Low Poly Hexagons/Assets/Prefabs/Hexagons/Hex14.prefab
  artifactKey: Guid(92b694c77a8f5d64eb88d747e08f1905) Importer(815301076,1909f56bfc062723c751e8b465ee728b)
Start importing Assets/Low Poly Hexagons/Assets/Prefabs/Hexagons/Hex14.prefab using Guid(92b694c77a8f5d64eb88d747e08f1905) Importer(815301076,1909f56bfc062723c751e8b465ee728b)  -> (artifact id: 'b01fd8181fa684a396f40cdf851fde2e') in 0.009026 seconds 
========================================================================
Received Import Request.
  Time since last request: 0.000017 seconds.
  path: Assets/Low Poly Hexagons/Assets/Prefabs/Hexagons/Hex31.prefab
  artifactKey: Guid(a41f077c11efded408e9a886cd98d8be) Importer(815301076,1909f56bfc062723c751e8b465ee728b)
Start importing Assets/Low Poly Hexagons/Assets/Prefabs/Hexagons/Hex31.prefab using Guid(a41f077c11efded408e9a886cd98d8be) Importer(815301076,1909f56bfc062723c751e8b465ee728b)  -> (artifact id: 'f5a104b6408fdeca08c725e3a5a0dc3d') in 0.009848 seconds 
========================================================================
Received Import Request.
  Time since last request: 0.000016 seconds.
  path: Assets/Low Poly Hexagons/Assets/Prefabs/Hexagons/Hex15.prefab
  artifactKey: Guid(6d34a82773c25b44a97610f246fb01f7) Importer(815301076,1909f56bfc062723c751e8b465ee728b)
Start importing Assets/Low Poly Hexagons/Assets/Prefabs/Hexagons/Hex15.prefab using Guid(6d34a82773c25b44a97610f246fb01f7) Importer(815301076,1909f56bfc062723c751e8b465ee728b)  -> (artifact id: '5cdcf8e01dff1e0bc314f9e33eccee4f') in 0.009059 seconds 
========================================================================
Received Import Request.
  Time since last request: 0.000018 seconds.
  path: Assets/Low Poly Hexagons/Assets/Prefabs/Hexagons/Hex10.prefab
  artifactKey: Guid(61a4f649633a1f94abeb21559df74bd4) Importer(815301076,1909f56bfc062723c751e8b465ee728b)
Start importing Assets/Low Poly Hexagons/Assets/Prefabs/Hexagons/Hex10.prefab using Guid(61a4f649633a1f94abeb21559df74bd4) Importer(815301076,1909f56bfc062723c751e8b465ee728b)  -> (artifact id: '90fb5da87276d31ccde0f4c66252747c') in 0.011088 seconds 
========================================================================
Received Import Request.
  Time since last request: 0.000024 seconds.
  path: Assets/Low Poly Hexagons/Assets/Prefabs/Hexagons/Hex18.prefab
  artifactKey: Guid(8c907f122f4a8a2468dec14493d763ff) Importer(815301076,1909f56bfc062723c751e8b465ee728b)
Start importing Assets/Low Poly Hexagons/Assets/Prefabs/Hexagons/Hex18.prefab using Guid(8c907f122f4a8a2468dec14493d763ff) Importer(815301076,1909f56bfc062723c751e8b465ee728b)  -> (artifact id: 'dd85e03aff89128e0f4c4b627f50578a') in 0.010966 seconds 
========================================================================
Received Import Request.
  Time since last request: 0.000023 seconds.
  path: Assets/Low Poly Hexagons/Assets/Prefabs/Hexagons/Hex21.prefab
  artifactKey: Guid(9f72ec78b69754d4e837c0e91c22412b) Importer(815301076,1909f56bfc062723c751e8b465ee728b)
Start importing Assets/Low Poly Hexagons/Assets/Prefabs/Hexagons/Hex21.prefab using Guid(9f72ec78b69754d4e837c0e91c22412b) Importer(815301076,1909f56bfc062723c751e8b465ee728b)  -> (artifact id: 'e68c0d99613a61c93cfd71f2f3ee426c') in 0.009509 seconds 
========================================================================
Received Import Request.
  Time since last request: 0.000024 seconds.
  path: Assets/Low Poly Hexagons/Assets/Prefabs/Hexagons/Hex28.prefab
  artifactKey: Guid(4dfdc0faa2101104796fb91f4c9b60ce) Importer(815301076,1909f56bfc062723c751e8b465ee728b)
Start importing Assets/Low Poly Hexagons/Assets/Prefabs/Hexagons/Hex28.prefab using Guid(4dfdc0faa2101104796fb91f4c9b60ce) Importer(815301076,1909f56bfc062723c751e8b465ee728b)  -> (artifact id: '6c4a46ce713597b9192736f54f0adc70') in 0.011182 seconds 
========================================================================
Received Import Request.
  Time since last request: 0.000031 seconds.
  path: Assets/Low Poly Hexagons/Assets/Prefabs/Hexagons/Hex1.prefab
  artifactKey: Guid(88d6135510f32df49aeb43b51172cc52) Importer(815301076,1909f56bfc062723c751e8b465ee728b)
Start importing Assets/Low Poly Hexagons/Assets/Prefabs/Hexagons/Hex1.prefab using Guid(88d6135510f32df49aeb43b51172cc52) Importer(815301076,1909f56bfc062723c751e8b465ee728b)  -> (artifact id: 'ee11379bf870a4d2c43bb9db38179513') in 0.009953 seconds 
========================================================================
Received Prepare
Registering precompiled user dll's ...
Registered in 0.008419 seconds.
Begin MonoManager ReloadAssembly
Symbol file LoadedFromMemory doesn't match image C:\Users\cocru\Documents\GitHub\RandomlyGeneratedHexBoard\Tilemap Practice\Library\PackageCache\com.unity.visualscripting@1.7.8\Editor\VisualScripting.Core\Dependencies\YamlDotNet\Unity.VisualScripting.YamlDotNet.dll
Symbol file LoadedFromMemory doesn't match image C:\Users\cocru\Documents\GitHub\RandomlyGeneratedHexBoard\Tilemap Practice\Library\PackageCache\com.unity.visualscripting@1.7.8\Editor\VisualScripting.Core\Dependencies\DotNetZip\Unity.VisualScripting.IonicZip.dll
Native extension for WindowsStandalone target not found
Native extension for Android target not found
Refreshing native plugins compatible for Editor in 0.97 ms, found 2 plugins.
Preloading 0 native plugins for Editor in 0.00 ms.
Mono: successfully reloaded assembly
- Completed reload, in  0.898 seconds
Domain Reload Profiling:
	ReloadAssembly (898ms)
		BeginReloadAssembly (119ms)
			ExecutionOrderSort (0ms)
			DisableScriptedObjects (5ms)
			BackupInstance (0ms)
			ReleaseScriptingObjects (0ms)
			CreateAndSetChildDomain (31ms)
		EndReloadAssembly (687ms)
			LoadAssemblies (89ms)
			RebuildTransferFunctionScriptingTraits (0ms)
			SetupTypeCache (202ms)
			ReleaseScriptCaches (1ms)
			RebuildScriptCaches (35ms)
			SetupLoadedEditorAssemblies (316ms)
				LogAssemblyErrors (0ms)
				InitializePlatformSupportModulesInManaged (18ms)
				SetLoadedEditorAssemblies (0ms)
				RefreshPlugins (1ms)
				BeforeProcessingInitializeOnLoad (84ms)
				ProcessInitializeOnLoadAttributes (169ms)
				ProcessInitializeOnLoadMethodAttributes (36ms)
				AfterProcessingInitializeOnLoad (7ms)
				EditorAssembliesLoaded (0ms)
			ExecutionOrderSort2 (0ms)
			AwakeInstancesAfterBackupRestoration (7ms)
Platform modules already initialized, skipping
Refreshing native plugins compatible for Editor in 3.38 ms, found 2 plugins.
Preloading 0 native plugins for Editor in 0.00 ms.
Unloading 4916 Unused Serialized files (Serialized files now loaded: 0)
Unloading 24 unused Assets / (25.8 KB). Loaded Objects now: 5428.
Memory consumption went from 186.3 MB to 186.3 MB.
Total: 4.054000 ms (FindLiveObjects: 0.527700 ms CreateObjectMapping: 0.149100 ms MarkObjects: 3.335700 ms  DeleteObjects: 0.040000 ms)

AssetImportParameters requested are different than current active one (requested -> active):
  custom:video-decoder-ogg-theora: a1e56fd34408186e4bbccfd4996cb3dc -> 
  custom:container-muxer-webm: aa71ff27fc2769a1b78a27578f13a17b -> 
  custom:container-demuxer-webm: 4f35f7cbe854078d1ac9338744f61a02 -> 
  custom:video-encoder-webm-vp8: eb34c28f22e8b96e1ab97ce403110664 -> 
  custom:audio-encoder-webm-vorbis: bf7c407c2cedff20999df2af8eb42d56 -> 
  custom:framework-win-MediaFoundation: 216162199b28c13a410421893ffa2e32 -> 
  custom:container-demuxer-ogg: 62fdf1f143b41e24485cea50d1cbac27 -> 
  custom:video-decoder-webm-vp8: 9c59270c3fd7afecdb556c50c9e8de78 -> 
  custom:audio-decoder-ogg-vorbis: bf7c407c2cedff20999df2af8eb42d56 -> 
========================================================================
Received Import Request.
  Time since last request: 23.782172 seconds.
  path: Assets/Low Poly Hexagons/Assets/Prefabs/Hexagons/Hex11.prefab
  artifactKey: Guid(8d65fe10dbb32e34aa703943ab85d9c0) Importer(815301076,1909f56bfc062723c751e8b465ee728b)
Start importing Assets/Low Poly Hexagons/Assets/Prefabs/Hexagons/Hex11.prefab using Guid(8d65fe10dbb32e34aa703943ab85d9c0) Importer(815301076,1909f56bfc062723c751e8b465ee728b)  -> (artifact id: '619695c09b96c5a4b12935f8fecb0a80') in 0.072322 seconds 
========================================================================
Received Import Request.
  Time since last request: 0.000025 seconds.
  path: Assets/Low Poly Hexagons/Assets/Prefabs/Hexagons/Hex30.prefab
  artifactKey: Guid(c4ebe42ebb2ebe64e8119790524c9852) Importer(815301076,1909f56bfc062723c751e8b465ee728b)
Start importing Assets/Low Poly Hexagons/Assets/Prefabs/Hexagons/Hex30.prefab using Guid(c4ebe42ebb2ebe64e8119790524c9852) Importer(815301076,1909f56bfc062723c751e8b465ee728b)  -> (artifact id: 'dbcbee5cd6171ad2eee5a609f10a281f') in 0.040887 seconds 
========================================================================
Received Import Request.
  Time since last request: 0.000015 seconds.
  path: Assets/Low Poly Hexagons/Assets/Prefabs/Hexagons/Hex24.prefab
  artifactKey: Guid(c6f768877d23ae843aec051dd03e03e6) Importer(815301076,1909f56bfc062723c751e8b465ee728b)
Start importing Assets/Low Poly Hexagons/Assets/Prefabs/Hexagons/Hex24.prefab using Guid(c6f768877d23ae843aec051dd03e03e6) Importer(815301076,1909f56bfc062723c751e8b465ee728b)  -> (artifact id: '5c834cf5100d128f9f50d294658a2173') in 0.039637 seconds 
========================================================================
Received Import Request.
  Time since last request: 0.000015 seconds.
  path: Assets/Low Poly Hexagons/Assets/Prefabs/Hexagons/Hex26.prefab
  artifactKey: Guid(d3c74397fa533914f914ecf70ad28d73) Importer(815301076,1909f56bfc062723c751e8b465ee728b)
Start importing Assets/Low Poly Hexagons/Assets/Prefabs/Hexagons/Hex26.prefab using Guid(d3c74397fa533914f914ecf70ad28d73) Importer(815301076,1909f56bfc062723c751e8b465ee728b)  -> (artifact id: '338ee3e024d2a9887919744c9341f8a8') in 0.026578 seconds 
========================================================================
Received Import Request.
  Time since last request: 0.000020 seconds.
  path: Assets/Low Poly Hexagons/Assets/Prefabs/Hexagons/BeachShore.prefab
  artifactKey: Guid(71199765df3f9d147bc10d0b8c6f4af7) Importer(815301076,1909f56bfc062723c751e8b465ee728b)
Start importing Assets/Low Poly Hexagons/Assets/Prefabs/Hexagons/BeachShore.prefab using Guid(71199765df3f9d147bc10d0b8c6f4af7) Importer(815301076,1909f56bfc062723c751e8b465ee728b)  -> (artifact id: '8858e93b7c5de24bc510e49935595748') in 0.048976 seconds 
========================================================================
Received Import Request.
  Time since last request: 0.000019 seconds.
  path: Assets/Low Poly Hexagons/Assets/Prefabs/Hexagons/Hex10.prefab
  artifactKey: Guid(61a4f649633a1f94abeb21559df74bd4) Importer(815301076,1909f56bfc062723c751e8b465ee728b)
Start importing Assets/Low Poly Hexagons/Assets/Prefabs/Hexagons/Hex10.prefab using Guid(61a4f649633a1f94abeb21559df74bd4) Importer(815301076,1909f56bfc062723c751e8b465ee728b)  -> (artifact id: '7998559f614d5e584e4eb0662b6162fd') in 0.017142 seconds 
========================================================================
Received Import Request.
  Time since last request: 0.000031 seconds.
  path: Assets/Low Poly Hexagons/Assets/Prefabs/Hexagons/Hex20.prefab
  artifactKey: Guid(cd4f2cbde7d033f45a5d96afb77a69e1) Importer(815301076,1909f56bfc062723c751e8b465ee728b)
Start importing Assets/Low Poly Hexagons/Assets/Prefabs/Hexagons/Hex20.prefab using Guid(cd4f2cbde7d033f45a5d96afb77a69e1) Importer(815301076,1909f56bfc062723c751e8b465ee728b)  -> (artifact id: '67d0d3335eb88fc7d57e2f7953fec105') in 0.029547 seconds 
========================================================================
Received Import Request.
  Time since last request: 0.000016 seconds.
  path: Assets/Low Poly Hexagons/Assets/Prefabs/Hexagons/Hex28.prefab
  artifactKey: Guid(4dfdc0faa2101104796fb91f4c9b60ce) Importer(815301076,1909f56bfc062723c751e8b465ee728b)
Start importing Assets/Low Poly Hexagons/Assets/Prefabs/Hexagons/Hex28.prefab using Guid(4dfdc0faa2101104796fb91f4c9b60ce) Importer(815301076,1909f56bfc062723c751e8b465ee728b)  -> (artifact id: '4d7f5057f60e590ccb20c40dfe693346') in 0.032376 seconds 
========================================================================
Received Import Request.
  Time since last request: 0.000017 seconds.
  path: Assets/Low Poly Hexagons/Assets/Prefabs/Hexagons/HellLake.prefab
  artifactKey: Guid(0c9cd282647074244950d07c3846fa0c) Importer(815301076,1909f56bfc062723c751e8b465ee728b)
Start importing Assets/Low Poly Hexagons/Assets/Prefabs/Hexagons/HellLake.prefab using Guid(0c9cd282647074244950d07c3846fa0c) Importer(815301076,1909f56bfc062723c751e8b465ee728b)  -> (artifact id: '70d0939bc4981659eff7752bcb47afd3') in 0.009089 seconds 
========================================================================
Received Prepare
Registering precompiled user dll's ...
Registered in 0.009267 seconds.
Begin MonoManager ReloadAssembly
Symbol file LoadedFromMemory doesn't match image C:\Users\cocru\Documents\GitHub\RandomlyGeneratedHexBoard\Tilemap Practice\Library\PackageCache\com.unity.visualscripting@1.7.8\Editor\VisualScripting.Core\Dependencies\YamlDotNet\Unity.VisualScripting.YamlDotNet.dll
Symbol file LoadedFromMemory doesn't match image C:\Users\cocru\Documents\GitHub\RandomlyGeneratedHexBoard\Tilemap Practice\Library\PackageCache\com.unity.visualscripting@1.7.8\Editor\VisualScripting.Core\Dependencies\DotNetZip\Unity.VisualScripting.IonicZip.dll
Native extension for WindowsStandalone target not found
Native extension for Android target not found
Refreshing native plugins compatible for Editor in 0.77 ms, found 2 plugins.
Preloading 0 native plugins for Editor in 0.00 ms.
Mono: successfully reloaded assembly
- Completed reload, in  0.904 seconds
Domain Reload Profiling:
	ReloadAssembly (905ms)
		BeginReloadAssembly (116ms)
			ExecutionOrderSort (0ms)
			DisableScriptedObjects (5ms)
			BackupInstance (0ms)
			ReleaseScriptingObjects (0ms)
			CreateAndSetChildDomain (30ms)
		EndReloadAssembly (697ms)
			LoadAssemblies (85ms)
			RebuildTransferFunctionScriptingTraits (0ms)
			SetupTypeCache (204ms)
			ReleaseScriptCaches (1ms)
			RebuildScriptCaches (42ms)
			SetupLoadedEditorAssemblies (331ms)
				LogAssemblyErrors (0ms)
				InitializePlatformSupportModulesInManaged (15ms)
				SetLoadedEditorAssemblies (0ms)
				RefreshPlugins (1ms)
				BeforeProcessingInitializeOnLoad (90ms)
				ProcessInitializeOnLoadAttributes (179ms)
				ProcessInitializeOnLoadMethodAttributes (39ms)
				AfterProcessingInitializeOnLoad (6ms)
				EditorAssembliesLoaded (0ms)
			ExecutionOrderSort2 (0ms)
			AwakeInstancesAfterBackupRestoration (6ms)
Platform modules already initialized, skipping
Refreshing native plugins compatible for Editor in 3.02 ms, found 2 plugins.
Preloading 0 native plugins for Editor in 0.00 ms.
Unloading 4916 Unused Serialized files (Serialized files now loaded: 0)
Unloading 24 unused Assets / (24.8 KB). Loaded Objects now: 5431.
Memory consumption went from 186.3 MB to 186.3 MB.
Total: 4.357500 ms (FindLiveObjects: 0.510000 ms CreateObjectMapping: 0.152300 ms MarkObjects: 3.655800 ms  DeleteObjects: 0.037800 ms)

AssetImportParameters requested are different than current active one (requested -> active):
  custom:video-decoder-ogg-theora: a1e56fd34408186e4bbccfd4996cb3dc -> 
  custom:container-muxer-webm: aa71ff27fc2769a1b78a27578f13a17b -> 
  custom:container-demuxer-webm: 4f35f7cbe854078d1ac9338744f61a02 -> 
  custom:video-encoder-webm-vp8: eb34c28f22e8b96e1ab97ce403110664 -> 
  custom:audio-encoder-webm-vorbis: bf7c407c2cedff20999df2af8eb42d56 -> 
  custom:framework-win-MediaFoundation: 216162199b28c13a410421893ffa2e32 -> 
  custom:container-demuxer-ogg: 62fdf1f143b41e24485cea50d1cbac27 -> 
  custom:video-decoder-webm-vp8: 9c59270c3fd7afecdb556c50c9e8de78 -> 
  custom:audio-decoder-ogg-vorbis: bf7c407c2cedff20999df2af8eb42d56 -> 
========================================================================
Received Import Request.
  Time since last request: 27.457062 seconds.
  path: Assets/Low Poly Hexagons/Assets/Prefabs/Hexagons/Hex11.prefab
  artifactKey: Guid(8d65fe10dbb32e34aa703943ab85d9c0) Importer(815301076,1909f56bfc062723c751e8b465ee728b)
Start importing Assets/Low Poly Hexagons/Assets/Prefabs/Hexagons/Hex11.prefab using Guid(8d65fe10dbb32e34aa703943ab85d9c0) Importer(815301076,1909f56bfc062723c751e8b465ee728b)  -> (artifact id: '09a91f2f7ecc96367b17c1bc3c9683fa') in 0.069859 seconds 
========================================================================
Received Import Request.
  Time since last request: 0.000019 seconds.
  path: Assets/Low Poly Hexagons/Assets/Prefabs/Hexagons/Hex8.prefab
  artifactKey: Guid(4f49c09706dbf4a4e99dc6a51fab25cc) Importer(815301076,1909f56bfc062723c751e8b465ee728b)
Start importing Assets/Low Poly Hexagons/Assets/Prefabs/Hexagons/Hex8.prefab using Guid(4f49c09706dbf4a4e99dc6a51fab25cc) Importer(815301076,1909f56bfc062723c751e8b465ee728b)  -> (artifact id: '15e055b75feb2a9ea0716540a9a98111') in 0.008951 seconds 
========================================================================
Received Import Request.
  Time since last request: 0.000025 seconds.
  path: Assets/Low Poly Hexagons/Assets/Prefabs/Hexagons/Hex25.prefab
  artifactKey: Guid(d4f75f0ac34d85a43a92e749133c074f) Importer(815301076,1909f56bfc062723c751e8b465ee728b)
Start importing Assets/Low Poly Hexagons/Assets/Prefabs/Hexagons/Hex25.prefab using Guid(d4f75f0ac34d85a43a92e749133c074f) Importer(815301076,1909f56bfc062723c751e8b465ee728b)  -> (artifact id: 'db462fe1c5e5ec074ad53a6577128082') in 0.010932 seconds 
========================================================================
Received Import Request.
  Time since last request: 0.000020 seconds.
  path: Assets/Low Poly Hexagons/Assets/Prefabs/Hexagons/Hex31.prefab
  artifactKey: Guid(a41f077c11efded408e9a886cd98d8be) Importer(815301076,1909f56bfc062723c751e8b465ee728b)
Start importing Assets/Low Poly Hexagons/Assets/Prefabs/Hexagons/Hex31.prefab using Guid(a41f077c11efded408e9a886cd98d8be) Importer(815301076,1909f56bfc062723c751e8b465ee728b)  -> (artifact id: 'b3b8e1fc546f42cd8a55bf3f4dc8fd1c') in 0.009477 seconds 
========================================================================
Received Import Request.
  Time since last request: 0.000028 seconds.
  path: Assets/Low Poly Hexagons/Assets/Prefabs/Hexagons/Hex15.prefab
  artifactKey: Guid(6d34a82773c25b44a97610f246fb01f7) Importer(815301076,1909f56bfc062723c751e8b465ee728b)
Start importing Assets/Low Poly Hexagons/Assets/Prefabs/Hexagons/Hex15.prefab using Guid(6d34a82773c25b44a97610f246fb01f7) Importer(815301076,1909f56bfc062723c751e8b465ee728b)  -> (artifact id: 'df93fe16dbdabbfcdcedffb24f34f17a') in 0.008789 seconds 
========================================================================
Received Import Request.
  Time since last request: 0.000019 seconds.
  path: Assets/Low Poly Hexagons/Assets/Prefabs/Hexagons/Hex6.prefab
  artifactKey: Guid(2e0f1312996d68349933ef1d0445cd09) Importer(815301076,1909f56bfc062723c751e8b465ee728b)
Start importing Assets/Low Poly Hexagons/Assets/Prefabs/Hexagons/Hex6.prefab using Guid(2e0f1312996d68349933ef1d0445cd09) Importer(815301076,1909f56bfc062723c751e8b465ee728b)  -> (artifact id: '406b18a16d0617a179b2724adbf79fb8') in 0.008680 seconds 
========================================================================
Received Import Request.
  Time since last request: 0.000020 seconds.
  path: Assets/Low Poly Hexagons/Assets/Prefabs/Hexagons/Hex23.prefab
  artifactKey: Guid(de4d7d45706bba64093bd478a8d6c363) Importer(815301076,1909f56bfc062723c751e8b465ee728b)
Start importing Assets/Low Poly Hexagons/Assets/Prefabs/Hexagons/Hex23.prefab using Guid(de4d7d45706bba64093bd478a8d6c363) Importer(815301076,1909f56bfc062723c751e8b465ee728b)  -> (artifact id: 'c4eb7b8fb3f8eebe4fe72f90bb18204c') in 0.011295 seconds 
========================================================================
Received Import Request.
  Time since last request: 0.000017 seconds.
  path: Assets/Low Poly Hexagons/Assets/Prefabs/Hexagons/Hex28.prefab
  artifactKey: Guid(4dfdc0faa2101104796fb91f4c9b60ce) Importer(815301076,1909f56bfc062723c751e8b465ee728b)
Start importing Assets/Low Poly Hexagons/Assets/Prefabs/Hexagons/Hex28.prefab using Guid(4dfdc0faa2101104796fb91f4c9b60ce) Importer(815301076,1909f56bfc062723c751e8b465ee728b)  -> (artifact id: '25514fc5dd7e16f6df7bc79fb754a0db') in 0.028317 seconds 
========================================================================
Received Import Request.
  Time since last request: 0.000035 seconds.
  path: Assets/Low Poly Hexagons/Assets/Prefabs/Hexagons/Hex12.prefab
  artifactKey: Guid(e451c469d5daa4e46aac7a3b9de0c3a4) Importer(815301076,1909f56bfc062723c751e8b465ee728b)
Start importing Assets/Low Poly Hexagons/Assets/Prefabs/Hexagons/Hex12.prefab using Guid(e451c469d5daa4e46aac7a3b9de0c3a4) Importer(815301076,1909f56bfc062723c751e8b465ee728b)  -> (artifact id: 'a26053b51d85e3b2f7d48493f2c47441') in 0.014121 seconds 
========================================================================
Received Prepare
Registering precompiled user dll's ...
Registered in 0.006547 seconds.
Begin MonoManager ReloadAssembly
Symbol file LoadedFromMemory doesn't match image C:\Users\cocru\Documents\GitHub\RandomlyGeneratedHexBoard\Tilemap Practice\Library\PackageCache\com.unity.visualscripting@1.7.8\Editor\VisualScripting.Core\Dependencies\YamlDotNet\Unity.VisualScripting.YamlDotNet.dll
Symbol file LoadedFromMemory doesn't match image C:\Users\cocru\Documents\GitHub\RandomlyGeneratedHexBoard\Tilemap Practice\Library\PackageCache\com.unity.visualscripting@1.7.8\Editor\VisualScripting.Core\Dependencies\DotNetZip\Unity.VisualScripting.IonicZip.dll
Native extension for WindowsStandalone target not found
Native extension for Android target not found
Refreshing native plugins compatible for Editor in 1.34 ms, found 2 plugins.
Preloading 0 native plugins for Editor in 0.00 ms.
Mono: successfully reloaded assembly
- Completed reload, in  0.942 seconds
Domain Reload Profiling:
	ReloadAssembly (943ms)
		BeginReloadAssembly (121ms)
			ExecutionOrderSort (0ms)
			DisableScriptedObjects (5ms)
			BackupInstance (0ms)
			ReleaseScriptingObjects (0ms)
			CreateAndSetChildDomain (32ms)
		EndReloadAssembly (718ms)
			LoadAssemblies (91ms)
			RebuildTransferFunctionScriptingTraits (0ms)
			SetupTypeCache (213ms)
			ReleaseScriptCaches (1ms)
			RebuildScriptCaches (36ms)
			SetupLoadedEditorAssemblies (345ms)
				LogAssemblyErrors (0ms)
				InitializePlatformSupportModulesInManaged (23ms)
				SetLoadedEditorAssemblies (1ms)
				RefreshPlugins (1ms)
				BeforeProcessingInitializeOnLoad (100ms)
				ProcessInitializeOnLoadAttributes (174ms)
				ProcessInitializeOnLoadMethodAttributes (41ms)
				AfterProcessingInitializeOnLoad (5ms)
				EditorAssembliesLoaded (0ms)
			ExecutionOrderSort2 (0ms)
			AwakeInstancesAfterBackupRestoration (6ms)
Platform modules already initialized, skipping
Refreshing native plugins compatible for Editor in 4.72 ms, found 2 plugins.
Preloading 0 native plugins for Editor in 0.00 ms.
Unloading 4916 Unused Serialized files (Serialized files now loaded: 0)
Unloading 24 unused Assets / (24.7 KB). Loaded Objects now: 5434.
Memory consumption went from 186.3 MB to 186.3 MB.
Total: 4.179600 ms (FindLiveObjects: 0.515400 ms CreateObjectMapping: 0.175400 ms MarkObjects: 3.449700 ms  DeleteObjects: 0.037900 ms)

AssetImportParameters requested are different than current active one (requested -> active):
  custom:video-decoder-ogg-theora: a1e56fd34408186e4bbccfd4996cb3dc -> 
  custom:container-muxer-webm: aa71ff27fc2769a1b78a27578f13a17b -> 
  custom:container-demuxer-webm: 4f35f7cbe854078d1ac9338744f61a02 -> 
  custom:video-encoder-webm-vp8: eb34c28f22e8b96e1ab97ce403110664 -> 
  custom:audio-encoder-webm-vorbis: bf7c407c2cedff20999df2af8eb42d56 -> 
  custom:framework-win-MediaFoundation: 216162199b28c13a410421893ffa2e32 -> 
  custom:container-demuxer-ogg: 62fdf1f143b41e24485cea50d1cbac27 -> 
  custom:video-decoder-webm-vp8: 9c59270c3fd7afecdb556c50c9e8de78 -> 
  custom:audio-decoder-ogg-vorbis: bf7c407c2cedff20999df2af8eb42d56 -> 
========================================================================
Received Import Request.
  Time since last request: 60.041192 seconds.
  path: Assets/Low Poly Hexagons/Assets/Prefabs/Hexagons/Hex5.prefab
  artifactKey: Guid(beebce36c61d60f42b22b153abcfd9b0) Importer(815301076,1909f56bfc062723c751e8b465ee728b)
Start importing Assets/Low Poly Hexagons/Assets/Prefabs/Hexagons/Hex5.prefab using Guid(beebce36c61d60f42b22b153abcfd9b0) Importer(815301076,1909f56bfc062723c751e8b465ee728b)  -> (artifact id: '27bcb24727ceaa7e7d7c9a92099df428') in 0.074938 seconds 
========================================================================
Received Import Request.
  Time since last request: 0.000020 seconds.
  path: Assets/Low Poly Hexagons/Assets/Prefabs/Hexagons/Hex9.prefab
  artifactKey: Guid(b6b0c220ebe042b498958eadf1f52fa4) Importer(815301076,1909f56bfc062723c751e8b465ee728b)
Start importing Assets/Low Poly Hexagons/Assets/Prefabs/Hexagons/Hex9.prefab using Guid(b6b0c220ebe042b498958eadf1f52fa4) Importer(815301076,1909f56bfc062723c751e8b465ee728b)  -> (artifact id: '7711825ebcd0a947a1386ef5869d73d9') in 0.009318 seconds 
========================================================================
Received Import Request.
  Time since last request: 0.000023 seconds.
  path: Assets/Low Poly Hexagons/Assets/Prefabs/Hexagons/Hex30.prefab
  artifactKey: Guid(c4ebe42ebb2ebe64e8119790524c9852) Importer(815301076,1909f56bfc062723c751e8b465ee728b)
Start importing Assets/Low Poly Hexagons/Assets/Prefabs/Hexagons/Hex30.prefab using Guid(c4ebe42ebb2ebe64e8119790524c9852) Importer(815301076,1909f56bfc062723c751e8b465ee728b)  -> (artifact id: '684cad5b6cb2e9e7779014976296f2d4') in 0.012429 seconds 
========================================================================
Received Import Request.
  Time since last request: 0.000021 seconds.
  path: Assets/Low Poly Hexagons/Assets/Prefabs/Hexagons/Hex25.prefab
  artifactKey: Guid(d4f75f0ac34d85a43a92e749133c074f) Importer(815301076,1909f56bfc062723c751e8b465ee728b)
Start importing Assets/Low Poly Hexagons/Assets/Prefabs/Hexagons/Hex25.prefab using Guid(d4f75f0ac34d85a43a92e749133c074f) Importer(815301076,1909f56bfc062723c751e8b465ee728b)  -> (artifact id: '8cc7dd7fbfe5eea72b0859551a9191a4') in 0.012591 seconds 
========================================================================
Received Import Request.
  Time since last request: 0.000019 seconds.
  path: Assets/Low Poly Hexagons/Assets/Prefabs/Hexagons/Hex31.prefab
  artifactKey: Guid(a41f077c11efded408e9a886cd98d8be) Importer(815301076,1909f56bfc062723c751e8b465ee728b)
Start importing Assets/Low Poly Hexagons/Assets/Prefabs/Hexagons/Hex31.prefab using Guid(a41f077c11efded408e9a886cd98d8be) Importer(815301076,1909f56bfc062723c751e8b465ee728b)  -> (artifact id: '103f1bf48872a922096620c70c974223') in 0.024109 seconds 
========================================================================
Received Import Request.
  Time since last request: 0.000023 seconds.
  path: Assets/Low Poly Hexagons/Assets/Prefabs/Hexagons/Hex10.prefab
  artifactKey: Guid(61a4f649633a1f94abeb21559df74bd4) Importer(815301076,1909f56bfc062723c751e8b465ee728b)
Start importing Assets/Low Poly Hexagons/Assets/Prefabs/Hexagons/Hex10.prefab using Guid(61a4f649633a1f94abeb21559df74bd4) Importer(815301076,1909f56bfc062723c751e8b465ee728b)  -> (artifact id: '29d3e441d5eb6cd46e5248f12141216d') in 0.010951 seconds 
========================================================================
Received Import Request.
  Time since last request: 0.000018 seconds.
  path: Assets/Low Poly Hexagons/Assets/Prefabs/Hexagons/Hex20.prefab
  artifactKey: Guid(cd4f2cbde7d033f45a5d96afb77a69e1) Importer(815301076,1909f56bfc062723c751e8b465ee728b)
Start importing Assets/Low Poly Hexagons/Assets/Prefabs/Hexagons/Hex20.prefab using Guid(cd4f2cbde7d033f45a5d96afb77a69e1) Importer(815301076,1909f56bfc062723c751e8b465ee728b)  -> (artifact id: 'e81a2708b8906bf9d12f56c640fe4a10') in 0.009860 seconds 
========================================================================
Received Import Request.
  Time since last request: 0.000029 seconds.
  path: Assets/Low Poly Hexagons/Assets/Prefabs/Hexagons/Hex2.prefab
  artifactKey: Guid(ba54e0f64ad505c4fa5521c008dc356e) Importer(815301076,1909f56bfc062723c751e8b465ee728b)
Start importing Assets/Low Poly Hexagons/Assets/Prefabs/Hexagons/Hex2.prefab using Guid(ba54e0f64ad505c4fa5521c008dc356e) Importer(815301076,1909f56bfc062723c751e8b465ee728b)  -> (artifact id: 'e6afbbe9ecb800f2a8b77530eaf878ed') in 0.012136 seconds 
========================================================================
Received Import Request.
  Time since last request: 0.000023 seconds.
  path: Assets/Low Poly Hexagons/Assets/Prefabs/Hexagons/Hex1.prefab
  artifactKey: Guid(88d6135510f32df49aeb43b51172cc52) Importer(815301076,1909f56bfc062723c751e8b465ee728b)
Start importing Assets/Low Poly Hexagons/Assets/Prefabs/Hexagons/Hex1.prefab using Guid(88d6135510f32df49aeb43b51172cc52) Importer(815301076,1909f56bfc062723c751e8b465ee728b)  -> (artifact id: 'eee429daa56f0bd3062c14b5d70af36c') in 0.009482 seconds 
Editor requested this worker to shutdown with reason: Scaling down because of idle timeout
AssetImportWorker is now disconnected from the server
Process exiting
Exiting without the bug reporter. Application will terminate with return code 0