Using pre-set license
Built from '2021.3/staging' branch; Version is '2021.3.9f1 (ad3870b89536) revision 11352176'; Using compiler version '192829333'; Build Type 'Release'
OS: 'Windows 11  (10.0.22621) 64bit Core' Language: 'en' Physical Memory: 32694 MB
BatchMode: 1, IsHumanControllingUs: 0, StartBugReporterOnCrash: 0, Is64bit: 1, IsPro: 1

COMMAND LINE ARGUMENTS:
C:\Program Files\Unity\Hub\Editor\2021.3.9f1\Editor\Unity.exe
-adb2
-batchMode
-noUpm
-name
AssetImportWorker15
-projectPath
C:/Users/cocru/Documents/GitHub/RandomlyGeneratedHexBoard/Tilemap Practice
-logFile
Logs/AssetImportWorker15.log
-srvPort
62094
Successfully changed project path to: C:/Users/cocru/Documents/GitHub/RandomlyGeneratedHexBoard/Tilemap Practice
C:/Users/cocru/Documents/GitHub/RandomlyGeneratedHexBoard/Tilemap Practice
[UnityMemory] Configuration Parameters - Can be set up in boot.config
    "memorysetup-bucket-allocator-granularity=16"
    "memorysetup-bucket-allocator-bucket-count=8"
    "memorysetup-bucket-allocator-block-size=33554432"
    "memorysetup-bucket-allocator-block-count=8"
    "memorysetup-main-allocator-block-size=16777216"
    "memorysetup-thread-allocator-block-size=16777216"
    "memorysetup-gfx-main-allocator-block-size=16777216"
    "memorysetup-gfx-thread-allocator-block-size=16777216"
    "memorysetup-cache-allocator-block-size=4194304"
    "memorysetup-typetree-allocator-block-size=2097152"
    "memorysetup-profiler-bucket-allocator-granularity=16"
    "memorysetup-profiler-bucket-allocator-bucket-count=8"
    "memorysetup-profiler-bucket-allocator-block-size=33554432"
    "memorysetup-profiler-bucket-allocator-block-count=8"
    "memorysetup-profiler-allocator-block-size=16777216"
    "memorysetup-profiler-editor-allocator-block-size=1048576"
    "memorysetup-temp-allocator-size-main=16777216"
    "memorysetup-job-temp-allocator-block-size=2097152"
    "memorysetup-job-temp-allocator-block-size-background=1048576"
    "memorysetup-job-temp-allocator-reduction-small-platforms=262144"
    "memorysetup-temp-allocator-size-background-worker=32768"
    "memorysetup-temp-allocator-size-job-worker=262144"
    "memorysetup-temp-allocator-size-preload-manager=33554432"
    "memorysetup-temp-allocator-size-nav-mesh-worker=65536"
    "memorysetup-temp-allocator-size-audio-worker=65536"
    "memorysetup-temp-allocator-size-cloud-worker=32768"
    "memorysetup-temp-allocator-size-gi-baking-worker=262144"
    "memorysetup-temp-allocator-size-gfx=262144"
Refreshing native plugins compatible for Editor in 138.65 ms, found 2 plugins.
Preloading 0 native plugins for Editor in 0.00 ms.
Initialize engine version: 2021.3.9f1 (ad3870b89536)
[Subsystems] Discovering subsystems at path C:/Program Files/Unity/Hub/Editor/2021.3.9f1/Editor/Data/Resources/UnitySubsystems
[Subsystems] Discovering subsystems at path C:/Users/cocru/Documents/GitHub/RandomlyGeneratedHexBoard/Tilemap Practice/Assets
GfxDevice: creating device client; threaded=0; jobified=0
Direct3D:
    Version:  Direct3D 11.0 [level 11.1]
    Renderer: NVIDIA GeForce RTX 3080 Ti (ID=0x2208)
    Vendor:   NVIDIA
    VRAM:     12108 MB
    Driver:   31.0.15.1694
Initialize mono
Mono path[0] = 'C:/Program Files/Unity/Hub/Editor/2021.3.9f1/Editor/Data/Managed'
Mono path[1] = 'C:/Program Files/Unity/Hub/Editor/2021.3.9f1/Editor/Data/MonoBleedingEdge/lib/mono/unityjit-win32'
Mono config path = 'C:/Program Files/Unity/Hub/Editor/2021.3.9f1/Editor/Data/MonoBleedingEdge/etc'
Using monoOptions --debugger-agent=transport=dt_socket,embedding=1,server=y,suspend=n,address=127.0.0.1:56456
Begin MonoManager ReloadAssembly
Registering precompiled unity dll's ...
Register platform support module: C:/Program Files/Unity/Hub/Editor/2021.3.9f1/Editor/Data/PlaybackEngines/AndroidPlayer/UnityEditor.Android.Extensions.dll
Register platform support module: C:/Program Files/Unity/Hub/Editor/2021.3.9f1/Editor/Data/PlaybackEngines/WindowsStandaloneSupport/UnityEditor.WindowsStandalone.Extensions.dll
Registered in 0.004917 seconds.
Native extension for WindowsStandalone target not found
Native extension for Android target not found
Refreshing native plugins compatible for Editor in 134.58 ms, found 2 plugins.
Preloading 0 native plugins for Editor in 0.00 ms.
Mono: successfully reloaded assembly
- Completed reload, in  0.700 seconds
Domain Reload Profiling:
	ReloadAssembly (700ms)
		BeginReloadAssembly (77ms)
			ExecutionOrderSort (0ms)
			DisableScriptedObjects (0ms)
			BackupInstance (0ms)
			ReleaseScriptingObjects (0ms)
			CreateAndSetChildDomain (1ms)
		EndReloadAssembly (508ms)
			LoadAssemblies (76ms)
			RebuildTransferFunctionScriptingTraits (0ms)
			SetupTypeCache (106ms)
			ReleaseScriptCaches (0ms)
			RebuildScriptCaches (29ms)
			SetupLoadedEditorAssemblies (331ms)
				LogAssemblyErrors (0ms)
				InitializePlatformSupportModulesInManaged (51ms)
				SetLoadedEditorAssemblies (0ms)
				RefreshPlugins (135ms)
				BeforeProcessingInitializeOnLoad (2ms)
				ProcessInitializeOnLoadAttributes (101ms)
				ProcessInitializeOnLoadMethodAttributes (42ms)
				AfterProcessingInitializeOnLoad (0ms)
				EditorAssembliesLoaded (0ms)
			ExecutionOrderSort2 (0ms)
			AwakeInstancesAfterBackupRestoration (0ms)
Platform modules already initialized, skipping
Registering precompiled user dll's ...
Registered in 0.008609 seconds.
Begin MonoManager ReloadAssembly
Symbol file LoadedFromMemory doesn't match image C:\Users\cocru\Documents\GitHub\RandomlyGeneratedHexBoard\Tilemap Practice\Library\PackageCache\com.unity.visualscripting@1.7.8\Editor\VisualScripting.Core\Dependencies\YamlDotNet\Unity.VisualScripting.YamlDotNet.dll
Symbol file LoadedFromMemory doesn't match image C:\Users\cocru\Documents\GitHub\RandomlyGeneratedHexBoard\Tilemap Practice\Library\PackageCache\com.unity.visualscripting@1.7.8\Editor\VisualScripting.Core\Dependencies\DotNetZip\Unity.VisualScripting.IonicZip.dll
Native extension for WindowsStandalone target not found
Native extension for Android target not found
Refreshing native plugins compatible for Editor in 117.80 ms, found 2 plugins.
Preloading 0 native plugins for Editor in 0.00 ms.
Mono: successfully reloaded assembly
- Completed reload, in  1.268 seconds
Domain Reload Profiling:
	ReloadAssembly (1268ms)
		BeginReloadAssembly (193ms)
			ExecutionOrderSort (0ms)
			DisableScriptedObjects (4ms)
			BackupInstance (0ms)
			ReleaseScriptingObjects (0ms)
			CreateAndSetChildDomain (118ms)
		EndReloadAssembly (976ms)
			LoadAssemblies (86ms)
			RebuildTransferFunctionScriptingTraits (0ms)
			SetupTypeCache (254ms)
			ReleaseScriptCaches (1ms)
			RebuildScriptCaches (56ms)
			SetupLoadedEditorAssemblies (524ms)
				LogAssemblyErrors (0ms)
				InitializePlatformSupportModulesInManaged (12ms)
				SetLoadedEditorAssemblies (0ms)
				RefreshPlugins (118ms)
				BeforeProcessingInitializeOnLoad (131ms)
				ProcessInitializeOnLoadAttributes (210ms)
				ProcessInitializeOnLoadMethodAttributes (46ms)
				AfterProcessingInitializeOnLoad (7ms)
				EditorAssembliesLoaded (0ms)
			ExecutionOrderSort2 (0ms)
			AwakeInstancesAfterBackupRestoration (4ms)
Platform modules already initialized, skipping
========================================================================
Worker process is ready to serve import requests
Launched and connected shader compiler UnityShaderCompiler.exe after 0.04 seconds
Refreshing native plugins compatible for Editor in 1.53 ms, found 2 plugins.
Preloading 0 native plugins for Editor in 0.00 ms.
Unloading 4944 Unused Serialized files (Serialized files now loaded: 0)
Unloading 37 unused Assets / (56.1 KB). Loaded Objects now: 5411.
Memory consumption went from 184.3 MB to 184.2 MB.
Total: 3.182000 ms (FindLiveObjects: 0.403700 ms CreateObjectMapping: 0.111300 ms MarkObjects: 2.586600 ms  DeleteObjects: 0.079500 ms)

AssetImportParameters requested are different than current active one (requested -> active):
  custom:video-decoder-ogg-theora: a1e56fd34408186e4bbccfd4996cb3dc -> 
  custom:container-muxer-webm: aa71ff27fc2769a1b78a27578f13a17b -> 
  custom:container-demuxer-webm: 4f35f7cbe854078d1ac9338744f61a02 -> 
  custom:video-encoder-webm-vp8: eb34c28f22e8b96e1ab97ce403110664 -> 
  custom:audio-encoder-webm-vorbis: bf7c407c2cedff20999df2af8eb42d56 -> 
  custom:framework-win-MediaFoundation: 216162199b28c13a410421893ffa2e32 -> 
  custom:container-demuxer-ogg: 62fdf1f143b41e24485cea50d1cbac27 -> 
  custom:video-decoder-webm-vp8: 9c59270c3fd7afecdb556c50c9e8de78 -> 
  custom:audio-decoder-ogg-vorbis: bf7c407c2cedff20999df2af8eb42d56 -> 
========================================================================
Received Prepare
Registering precompiled user dll's ...
Registered in 0.007966 seconds.
Begin MonoManager ReloadAssembly
Symbol file LoadedFromMemory doesn't match image C:\Users\cocru\Documents\GitHub\RandomlyGeneratedHexBoard\Tilemap Practice\Library\PackageCache\com.unity.visualscripting@1.7.8\Editor\VisualScripting.Core\Dependencies\YamlDotNet\Unity.VisualScripting.YamlDotNet.dll
Symbol file LoadedFromMemory doesn't match image C:\Users\cocru\Documents\GitHub\RandomlyGeneratedHexBoard\Tilemap Practice\Library\PackageCache\com.unity.visualscripting@1.7.8\Editor\VisualScripting.Core\Dependencies\DotNetZip\Unity.VisualScripting.IonicZip.dll
Native extension for WindowsStandalone target not found
Native extension for Android target not found
Refreshing native plugins compatible for Editor in 1.74 ms, found 2 plugins.
Preloading 0 native plugins for Editor in 0.00 ms.
Mono: successfully reloaded assembly
- Completed reload, in  0.988 seconds
Domain Reload Profiling:
	ReloadAssembly (989ms)
		BeginReloadAssembly (122ms)
			ExecutionOrderSort (0ms)
			DisableScriptedObjects (5ms)
			BackupInstance (0ms)
			ReleaseScriptingObjects (0ms)
			CreateAndSetChildDomain (33ms)
		EndReloadAssembly (772ms)
			LoadAssemblies (96ms)
			RebuildTransferFunctionScriptingTraits (0ms)
			SetupTypeCache (238ms)
			ReleaseScriptCaches (1ms)
			RebuildScriptCaches (44ms)
			SetupLoadedEditorAssemblies (350ms)
				LogAssemblyErrors (0ms)
				InitializePlatformSupportModulesInManaged (23ms)
				SetLoadedEditorAssemblies (1ms)
				RefreshPlugins (2ms)
				BeforeProcessingInitializeOnLoad (101ms)
				ProcessInitializeOnLoadAttributes (176ms)
				ProcessInitializeOnLoadMethodAttributes (40ms)
				AfterProcessingInitializeOnLoad (6ms)
				EditorAssembliesLoaded (0ms)
			ExecutionOrderSort2 (0ms)
			AwakeInstancesAfterBackupRestoration (7ms)
Platform modules already initialized, skipping
Refreshing native plugins compatible for Editor in 3.14 ms, found 2 plugins.
Preloading 0 native plugins for Editor in 0.00 ms.
Unloading 4920 Unused Serialized files (Serialized files now loaded: 0)
Unloading 24 unused Assets / (24.7 KB). Loaded Objects now: 5414.
Memory consumption went from 182.4 MB to 182.4 MB.
Total: 2.852200 ms (FindLiveObjects: 0.322500 ms CreateObjectMapping: 0.099600 ms MarkObjects: 2.400600 ms  DeleteObjects: 0.028800 ms)

AssetImportParameters requested are different than current active one (requested -> active):
  custom:video-decoder-ogg-theora: a1e56fd34408186e4bbccfd4996cb3dc -> 
  custom:container-muxer-webm: aa71ff27fc2769a1b78a27578f13a17b -> 
  custom:container-demuxer-webm: 4f35f7cbe854078d1ac9338744f61a02 -> 
  custom:video-encoder-webm-vp8: eb34c28f22e8b96e1ab97ce403110664 -> 
  custom:audio-encoder-webm-vorbis: bf7c407c2cedff20999df2af8eb42d56 -> 
  custom:framework-win-MediaFoundation: 216162199b28c13a410421893ffa2e32 -> 
  custom:container-demuxer-ogg: 62fdf1f143b41e24485cea50d1cbac27 -> 
  custom:video-decoder-webm-vp8: 9c59270c3fd7afecdb556c50c9e8de78 -> 
  custom:audio-decoder-ogg-vorbis: bf7c407c2cedff20999df2af8eb42d56 -> 
========================================================================
Received Import Request.
  Time since last request: 210752.644949 seconds.
  path: Assets/Prefabs/Cards/AngryTurtle.prefab
  artifactKey: Guid(a5e55e4c6dc8f16458776c4eba7c3e33) Importer(815301076,1909f56bfc062723c751e8b465ee728b)
Start importing Assets/Prefabs/Cards/AngryTurtle.prefab using Guid(a5e55e4c6dc8f16458776c4eba7c3e33) Importer(815301076,1909f56bfc062723c751e8b465ee728b)  -> (artifact id: '20c4cf2041a26bb349aad1c2b4ee1aad') in 0.195925 seconds 
========================================================================
Received Import Request.
  Time since last request: 0.000027 seconds.
  path: Assets/Prefabs/Cards/Dissolve.prefab
  artifactKey: Guid(74925e6ecbf343841b0307779dc3021c) Importer(815301076,1909f56bfc062723c751e8b465ee728b)
Start importing Assets/Prefabs/Cards/Dissolve.prefab using Guid(74925e6ecbf343841b0307779dc3021c) Importer(815301076,1909f56bfc062723c751e8b465ee728b)  -> (artifact id: '7d63aad5090ded1621de2cafde3af0bf') in 0.047249 seconds 
========================================================================
Received Import Request.
  Time since last request: 0.000030 seconds.
  path: Assets/Prefabs/Cards/MeteorShower.prefab
  artifactKey: Guid(5b89c2ae167118447ae9dc50def990d7) Importer(815301076,1909f56bfc062723c751e8b465ee728b)
Start importing Assets/Prefabs/Cards/MeteorShower.prefab using Guid(5b89c2ae167118447ae9dc50def990d7) Importer(815301076,1909f56bfc062723c751e8b465ee728b)  -> (artifact id: '1c9eb6333102f87cbd30571c4a19469d') in 0.065386 seconds 
========================================================================
Received Import Request.
  Time since last request: 0.000024 seconds.
  path: Assets/Prefabs/Cards/GoldspanDragon.prefab
  artifactKey: Guid(a537093ed9ea8cb4fa6b52c94ea281da) Importer(815301076,1909f56bfc062723c751e8b465ee728b)
Start importing Assets/Prefabs/Cards/GoldspanDragon.prefab using Guid(a537093ed9ea8cb4fa6b52c94ea281da) Importer(815301076,1909f56bfc062723c751e8b465ee728b)  -> (artifact id: 'b142306109b76f29d93627c35cc1cdaa') in 0.068560 seconds 
========================================================================
Received Import Request.
  Time since last request: 0.000015 seconds.
  path: Assets/Prefabs/Cards/Keywords.prefab
  artifactKey: Guid(744e86d2ce7a2634b91be9280002a843) Importer(815301076,1909f56bfc062723c751e8b465ee728b)
Start importing Assets/Prefabs/Cards/Keywords.prefab using Guid(744e86d2ce7a2634b91be9280002a843) Importer(815301076,1909f56bfc062723c751e8b465ee728b)  -> (artifact id: '84dd5839fd4df720e59deef0ecc47b7b') in 0.005906 seconds 
========================================================================
Received Import Request.
  Time since last request: 5.457593 seconds.
  path: Assets/Prefabs/Cards/AngryTurtle.prefab
  artifactKey: Guid(a5e55e4c6dc8f16458776c4eba7c3e33) Importer(815301076,1909f56bfc062723c751e8b465ee728b)
Start importing Assets/Prefabs/Cards/AngryTurtle.prefab using Guid(a5e55e4c6dc8f16458776c4eba7c3e33) Importer(815301076,1909f56bfc062723c751e8b465ee728b)  -> (artifact id: '8e3e0142d128db00f10d970162519425') in 0.055811 seconds 
========================================================================
Received Import Request.
  Time since last request: 0.000022 seconds.
  path: Assets/Prefabs/Cards/HiredAssassin.prefab
  artifactKey: Guid(47020441a673f9042ad04542f6d74166) Importer(815301076,1909f56bfc062723c751e8b465ee728b)
Start importing Assets/Prefabs/Cards/HiredAssassin.prefab using Guid(47020441a673f9042ad04542f6d74166) Importer(815301076,1909f56bfc062723c751e8b465ee728b)  -> (artifact id: '6708290268eadf1379b2f5ccf336233d') in 0.052763 seconds 
========================================================================
Received Import Request.
  Time since last request: 0.000023 seconds.
  path: Assets/Prefabs/Cards/Overcommited Cleric.prefab
  artifactKey: Guid(45ee776fa49641948979e1ea3356dcfd) Importer(815301076,1909f56bfc062723c751e8b465ee728b)
Start importing Assets/Prefabs/Cards/Overcommited Cleric.prefab using Guid(45ee776fa49641948979e1ea3356dcfd) Importer(815301076,1909f56bfc062723c751e8b465ee728b)  -> (artifact id: 'db420152880b9c57f2a1713f6f8f5f2f') in 0.047845 seconds 
========================================================================
Received Import Request.
  Time since last request: 0.000027 seconds.
  path: Assets/Prefabs/Cards/Raziel.prefab
  artifactKey: Guid(385e4dc85ccef4249b19c086c2e9f803) Importer(815301076,1909f56bfc062723c751e8b465ee728b)
Start importing Assets/Prefabs/Cards/Raziel.prefab using Guid(385e4dc85ccef4249b19c086c2e9f803) Importer(815301076,1909f56bfc062723c751e8b465ee728b)  -> (artifact id: 'ea7f343f1316e1174901c9f169755ba2') in 0.040856 seconds 
========================================================================
Received Import Request.
  Time since last request: 4.630771 seconds.
  path: Assets/Prefabs/Cards/AngryTurtle.prefab
  artifactKey: Guid(a5e55e4c6dc8f16458776c4eba7c3e33) Importer(815301076,1909f56bfc062723c751e8b465ee728b)
Start importing Assets/Prefabs/Cards/AngryTurtle.prefab using Guid(a5e55e4c6dc8f16458776c4eba7c3e33) Importer(815301076,1909f56bfc062723c751e8b465ee728b)  -> (artifact id: 'a91fa4b1d0996aa08c25a8fa23b0faff') in 0.045780 seconds 
========================================================================
Received Import Request.
  Time since last request: 17.869864 seconds.
  path: Assets/Prefabs/Cards/BattleScarredDragon.prefab
  artifactKey: Guid(0d4fac986963f3341ae936fd1dd6f654) Importer(815301076,1909f56bfc062723c751e8b465ee728b)
Start importing Assets/Prefabs/Cards/BattleScarredDragon.prefab using Guid(0d4fac986963f3341ae936fd1dd6f654) Importer(815301076,1909f56bfc062723c751e8b465ee728b)  -> (artifact id: 'f0f65108124f4312fb4edca8bc1ffa1d') in 0.052400 seconds 
========================================================================
Received Import Request.
  Time since last request: 5.973113 seconds.
  path: Assets/Prefabs/Cards/BattleScarredDragon.prefab
  artifactKey: Guid(0d4fac986963f3341ae936fd1dd6f654) Importer(815301076,1909f56bfc062723c751e8b465ee728b)
Start importing Assets/Prefabs/Cards/BattleScarredDragon.prefab using Guid(0d4fac986963f3341ae936fd1dd6f654) Importer(815301076,1909f56bfc062723c751e8b465ee728b)  -> (artifact id: 'ce2430c106b2cb8bafb207cbf739b163') in 0.064356 seconds 
========================================================================
Received Import Request.
  Time since last request: 8.581720 seconds.
  path: Assets/Prefabs/Cards/BattleScarredDragon.prefab
  artifactKey: Guid(0d4fac986963f3341ae936fd1dd6f654) Importer(815301076,1909f56bfc062723c751e8b465ee728b)
Start importing Assets/Prefabs/Cards/BattleScarredDragon.prefab using Guid(0d4fac986963f3341ae936fd1dd6f654) Importer(815301076,1909f56bfc062723c751e8b465ee728b)  -> (artifact id: 'ea89ad2cafa850eee7e1353c9f2e54b9') in 0.047729 seconds 
========================================================================
Received Import Request.
  Time since last request: 2.765020 seconds.
  path: Assets/Prefabs/Cards/BattleScarredDragon.prefab
  artifactKey: Guid(0d4fac986963f3341ae936fd1dd6f654) Importer(815301076,1909f56bfc062723c751e8b465ee728b)
Start importing Assets/Prefabs/Cards/BattleScarredDragon.prefab using Guid(0d4fac986963f3341ae936fd1dd6f654) Importer(815301076,1909f56bfc062723c751e8b465ee728b)  -> (artifact id: 'bb10afb70add916def0dcf19ce07c378') in 0.050995 seconds 
========================================================================
Received Import Request.
  Time since last request: 3.955981 seconds.
  path: Assets/Prefabs/Cards/BattleScarredDragon.prefab
  artifactKey: Guid(0d4fac986963f3341ae936fd1dd6f654) Importer(815301076,1909f56bfc062723c751e8b465ee728b)
Start importing Assets/Prefabs/Cards/BattleScarredDragon.prefab using Guid(0d4fac986963f3341ae936fd1dd6f654) Importer(815301076,1909f56bfc062723c751e8b465ee728b)  -> (artifact id: 'd0c63c0fd56da35ee82f5dfae51699cc') in 0.058923 seconds 
========================================================================
Received Import Request.
  Time since last request: 5.544570 seconds.
  path: Assets/Prefabs/Cards/AngryTurtle.prefab
  artifactKey: Guid(a5e55e4c6dc8f16458776c4eba7c3e33) Importer(815301076,1909f56bfc062723c751e8b465ee728b)
Start importing Assets/Prefabs/Cards/AngryTurtle.prefab using Guid(a5e55e4c6dc8f16458776c4eba7c3e33) Importer(815301076,1909f56bfc062723c751e8b465ee728b)  -> (artifact id: '124b04f93745a054cad1c2f81d2bc544') in 0.081443 seconds 
========================================================================
Received Import Request.
  Time since last request: 0.000018 seconds.
  path: Assets/Prefabs/Cards/MeteorShower.prefab
  artifactKey: Guid(5b89c2ae167118447ae9dc50def990d7) Importer(815301076,1909f56bfc062723c751e8b465ee728b)
Start importing Assets/Prefabs/Cards/MeteorShower.prefab using Guid(5b89c2ae167118447ae9dc50def990d7) Importer(815301076,1909f56bfc062723c751e8b465ee728b)  -> (artifact id: '878501459a134ca2452c71ad519ca61b') in 0.057230 seconds 
========================================================================
Received Import Request.
  Time since last request: 0.000026 seconds.
  path: Assets/Prefabs/Cards/Keywords.prefab
  artifactKey: Guid(744e86d2ce7a2634b91be9280002a843) Importer(815301076,1909f56bfc062723c751e8b465ee728b)
Start importing Assets/Prefabs/Cards/Keywords.prefab using Guid(744e86d2ce7a2634b91be9280002a843) Importer(815301076,1909f56bfc062723c751e8b465ee728b)  -> (artifact id: '016b3b06d3718f6d2761904a23be7d13') in 0.008066 seconds 
========================================================================
Received Import Request.
  Time since last request: 11.493208 seconds.
  path: Assets/Prefabs/Cards/GoldspanDragon.prefab
  artifactKey: Guid(a537093ed9ea8cb4fa6b52c94ea281da) Importer(815301076,1909f56bfc062723c751e8b465ee728b)
Start importing Assets/Prefabs/Cards/GoldspanDragon.prefab using Guid(a537093ed9ea8cb4fa6b52c94ea281da) Importer(815301076,1909f56bfc062723c751e8b465ee728b)  -> (artifact id: '60caaea2ff5b21a897c5c0e025e2121c') in 0.048789 seconds 
========================================================================
Received Import Request.
  Time since last request: 12.429483 seconds.
  path: Assets/Prefabs/Cards/HiredAssassin.prefab
  artifactKey: Guid(47020441a673f9042ad04542f6d74166) Importer(815301076,1909f56bfc062723c751e8b465ee728b)
Start importing Assets/Prefabs/Cards/HiredAssassin.prefab using Guid(47020441a673f9042ad04542f6d74166) Importer(815301076,1909f56bfc062723c751e8b465ee728b)  -> (artifact id: '1b2f040da5e1cbbb0f4d076ada78dd88') in 0.052485 seconds 
========================================================================
Received Import Request.
  Time since last request: 9.173930 seconds.
  path: Assets/Prefabs/Cards/HiredAssassin.prefab
  artifactKey: Guid(47020441a673f9042ad04542f6d74166) Importer(815301076,1909f56bfc062723c751e8b465ee728b)
Start importing Assets/Prefabs/Cards/HiredAssassin.prefab using Guid(47020441a673f9042ad04542f6d74166) Importer(815301076,1909f56bfc062723c751e8b465ee728b)  -> (artifact id: '07cfcb82a8840824df101ff3f08e387f') in 0.047882 seconds 
========================================================================
Received Import Request.
  Time since last request: 16.271134 seconds.
  path: Assets/Prefabs/Cards/HiredAssassin.prefab
  artifactKey: Guid(47020441a673f9042ad04542f6d74166) Importer(815301076,1909f56bfc062723c751e8b465ee728b)
Start importing Assets/Prefabs/Cards/HiredAssassin.prefab using Guid(47020441a673f9042ad04542f6d74166) Importer(815301076,1909f56bfc062723c751e8b465ee728b)  -> (artifact id: '6e6efad4539ff98d2305475db01f3609') in 0.048468 seconds 
========================================================================
Received Import Request.
  Time since last request: 0.142840 seconds.
  path: Assets/Prefabs/Cards/HiredAssassin.prefab
  artifactKey: Guid(47020441a673f9042ad04542f6d74166) Importer(815301076,1909f56bfc062723c751e8b465ee728b)
Start importing Assets/Prefabs/Cards/HiredAssassin.prefab using Guid(47020441a673f9042ad04542f6d74166) Importer(815301076,1909f56bfc062723c751e8b465ee728b)  -> (artifact id: '600a2cd5a73f6d37c733995a3f605315') in 0.045563 seconds 
========================================================================
Received Import Request.
  Time since last request: 22.315160 seconds.
  path: Assets/Prefabs/Cards/HiredAssassin.prefab
  artifactKey: Guid(47020441a673f9042ad04542f6d74166) Importer(815301076,1909f56bfc062723c751e8b465ee728b)
Start importing Assets/Prefabs/Cards/HiredAssassin.prefab using Guid(47020441a673f9042ad04542f6d74166) Importer(815301076,1909f56bfc062723c751e8b465ee728b)  -> (artifact id: '91db8c9f96f8b4234a50c9a2a60ae0f5') in 0.049394 seconds 
========================================================================
Received Import Request.
  Time since last request: 7.205693 seconds.
  path: Assets/Prefabs/Cards/HiredAssassin.prefab
  artifactKey: Guid(47020441a673f9042ad04542f6d74166) Importer(815301076,1909f56bfc062723c751e8b465ee728b)
Start importing Assets/Prefabs/Cards/HiredAssassin.prefab using Guid(47020441a673f9042ad04542f6d74166) Importer(815301076,1909f56bfc062723c751e8b465ee728b)  -> (artifact id: 'd689337d861fe0e3c9fb82e7a06e908d') in 0.047878 seconds 
========================================================================
Received Import Request.
  Time since last request: 3.750182 seconds.
  path: Assets/Prefabs/Cards/HiredAssassin.prefab
  artifactKey: Guid(47020441a673f9042ad04542f6d74166) Importer(815301076,1909f56bfc062723c751e8b465ee728b)
Start importing Assets/Prefabs/Cards/HiredAssassin.prefab using Guid(47020441a673f9042ad04542f6d74166) Importer(815301076,1909f56bfc062723c751e8b465ee728b)  -> (artifact id: 'c667affcba18c106449c9851b576f541') in 0.048407 seconds 
========================================================================
Received Import Request.
  Time since last request: 2.354788 seconds.
  path: Assets/Prefabs/Cards/HiredAssassin.prefab
  artifactKey: Guid(47020441a673f9042ad04542f6d74166) Importer(815301076,1909f56bfc062723c751e8b465ee728b)
Start importing Assets/Prefabs/Cards/HiredAssassin.prefab using Guid(47020441a673f9042ad04542f6d74166) Importer(815301076,1909f56bfc062723c751e8b465ee728b)  -> (artifact id: '3807209044d52d5ffba08a8178b1b527') in 0.051825 seconds 
========================================================================
Received Import Request.
  Time since last request: 6.193754 seconds.
  path: Assets/Prefabs/Cards/HiredAssassin.prefab
  artifactKey: Guid(47020441a673f9042ad04542f6d74166) Importer(815301076,1909f56bfc062723c751e8b465ee728b)
Start importing Assets/Prefabs/Cards/HiredAssassin.prefab using Guid(47020441a673f9042ad04542f6d74166) Importer(815301076,1909f56bfc062723c751e8b465ee728b)  -> (artifact id: '28c74e5946c8a2eade489fae9f98a4e6') in 0.047686 seconds 
========================================================================
Received Import Request.
  Time since last request: 17.884861 seconds.
  path: Assets/Prefabs/Cards/HiredAssassin.prefab
  artifactKey: Guid(47020441a673f9042ad04542f6d74166) Importer(815301076,1909f56bfc062723c751e8b465ee728b)
Start importing Assets/Prefabs/Cards/HiredAssassin.prefab using Guid(47020441a673f9042ad04542f6d74166) Importer(815301076,1909f56bfc062723c751e8b465ee728b)  -> (artifact id: '68bee72acc6968ae2f7cca70bb78de0b') in 0.060950 seconds 
========================================================================
Received Import Request.
  Time since last request: 11.003675 seconds.
  path: Assets/Prefabs/Cards/Overcommited Cleric.prefab
  artifactKey: Guid(45ee776fa49641948979e1ea3356dcfd) Importer(815301076,1909f56bfc062723c751e8b465ee728b)
Start importing Assets/Prefabs/Cards/Overcommited Cleric.prefab using Guid(45ee776fa49641948979e1ea3356dcfd) Importer(815301076,1909f56bfc062723c751e8b465ee728b)  -> (artifact id: 'e766406363ee90fad58caa5bd044f4f0') in 0.059437 seconds 
========================================================================
Received Import Request.
  Time since last request: 7.984013 seconds.
  path: Assets/Prefabs/Cards/Raziel.prefab
  artifactKey: Guid(385e4dc85ccef4249b19c086c2e9f803) Importer(815301076,1909f56bfc062723c751e8b465ee728b)
Start importing Assets/Prefabs/Cards/Raziel.prefab using Guid(385e4dc85ccef4249b19c086c2e9f803) Importer(815301076,1909f56bfc062723c751e8b465ee728b)  -> (artifact id: '4e24749bd961a29a45e2a5b5dd685a92') in 0.047916 seconds 
========================================================================
Received Import Request.
  Time since last request: 5.286143 seconds.
  path: Assets/Prefabs/Cards/GoldspanDragon.prefab
  artifactKey: Guid(a537093ed9ea8cb4fa6b52c94ea281da) Importer(815301076,1909f56bfc062723c751e8b465ee728b)
Start importing Assets/Prefabs/Cards/GoldspanDragon.prefab using Guid(a537093ed9ea8cb4fa6b52c94ea281da) Importer(815301076,1909f56bfc062723c751e8b465ee728b)  -> (artifact id: 'e21a80c49aa80faefd5e9c2c62fd924f') in 0.055322 seconds 
========================================================================
Received Import Request.
  Time since last request: 0.000023 seconds.
  path: Assets/Prefabs/Cards/Overcommited Cleric.prefab
  artifactKey: Guid(45ee776fa49641948979e1ea3356dcfd) Importer(815301076,1909f56bfc062723c751e8b465ee728b)
Start importing Assets/Prefabs/Cards/Overcommited Cleric.prefab using Guid(45ee776fa49641948979e1ea3356dcfd) Importer(815301076,1909f56bfc062723c751e8b465ee728b)  -> (artifact id: '50566e4f7862d1577e1e3cb07b348d80') in 0.042447 seconds 
========================================================================
Received Import Request.
  Time since last request: 3.400013 seconds.
  path: Assets/Prefabs/Cards/AngryTurtle.prefab
  artifactKey: Guid(a5e55e4c6dc8f16458776c4eba7c3e33) Importer(815301076,1909f56bfc062723c751e8b465ee728b)
Start importing Assets/Prefabs/Cards/AngryTurtle.prefab using Guid(a5e55e4c6dc8f16458776c4eba7c3e33) Importer(815301076,1909f56bfc062723c751e8b465ee728b)  -> (artifact id: 'e013839a5bb3a5c44e85e1010680c5e0') in 0.051988 seconds 
========================================================================
Received Import Request.
  Time since last request: 0.000023 seconds.
  path: Assets/Prefabs/Cards/Dissolve.prefab
  artifactKey: Guid(74925e6ecbf343841b0307779dc3021c) Importer(815301076,1909f56bfc062723c751e8b465ee728b)
Start importing Assets/Prefabs/Cards/Dissolve.prefab using Guid(74925e6ecbf343841b0307779dc3021c) Importer(815301076,1909f56bfc062723c751e8b465ee728b)  -> (artifact id: '29a048d694ce097ce02a6b6607e165a2') in 0.047482 seconds 
========================================================================
Received Import Request.
  Time since last request: 0.000019 seconds.
  path: Assets/Prefabs/Cards/MeteorShower.prefab
  artifactKey: Guid(5b89c2ae167118447ae9dc50def990d7) Importer(815301076,1909f56bfc062723c751e8b465ee728b)
Start importing Assets/Prefabs/Cards/MeteorShower.prefab using Guid(5b89c2ae167118447ae9dc50def990d7) Importer(815301076,1909f56bfc062723c751e8b465ee728b)  -> (artifact id: 'bf6b6f13b3c87049dc2cfe7d4a9c007d') in 0.052793 seconds 
========================================================================
Received Import Request.
  Time since last request: 0.000036 seconds.
  path: Assets/Prefabs/Cards/GoldspanDragon.prefab
  artifactKey: Guid(a537093ed9ea8cb4fa6b52c94ea281da) Importer(815301076,1909f56bfc062723c751e8b465ee728b)
Start importing Assets/Prefabs/Cards/GoldspanDragon.prefab using Guid(a537093ed9ea8cb4fa6b52c94ea281da) Importer(815301076,1909f56bfc062723c751e8b465ee728b)  -> (artifact id: 'dd50b789da0028a5302fe0fcc6b2a8be') in 0.055386 seconds 
========================================================================
Received Import Request.
  Time since last request: 0.000020 seconds.
  path: Assets/Prefabs/Cards/Raziel.prefab
  artifactKey: Guid(385e4dc85ccef4249b19c086c2e9f803) Importer(815301076,1909f56bfc062723c751e8b465ee728b)
Start importing Assets/Prefabs/Cards/Raziel.prefab using Guid(385e4dc85ccef4249b19c086c2e9f803) Importer(815301076,1909f56bfc062723c751e8b465ee728b)  -> (artifact id: 'e5eb3e0cb835c06d803f1cea8ce4fa9d') in 0.050199 seconds 
========================================================================
Received Import Request.
  Time since last request: 6.515641 seconds.
  path: Assets/Prefabs/Cards/Raziel.prefab
  artifactKey: Guid(385e4dc85ccef4249b19c086c2e9f803) Importer(815301076,1909f56bfc062723c751e8b465ee728b)
Start importing Assets/Prefabs/Cards/Raziel.prefab using Guid(385e4dc85ccef4249b19c086c2e9f803) Importer(815301076,1909f56bfc062723c751e8b465ee728b)  -> (artifact id: 'a8ecd4b3fa0d3cf242ae372032a121cf') in 0.041587 seconds 
========================================================================
Received Import Request.
  Time since last request: 4.381558 seconds.
  path: Assets/Prefabs/Cards/Raziel.prefab
  artifactKey: Guid(385e4dc85ccef4249b19c086c2e9f803) Importer(815301076,1909f56bfc062723c751e8b465ee728b)
Start importing Assets/Prefabs/Cards/Raziel.prefab using Guid(385e4dc85ccef4249b19c086c2e9f803) Importer(815301076,1909f56bfc062723c751e8b465ee728b)  -> (artifact id: '9135ba554db251936c03b4aa501bdd4d') in 0.040740 seconds 
========================================================================
Received Import Request.
  Time since last request: 11.846222 seconds.
  path: Assets/Prefabs/Cards/BattleScarredDragon.prefab
  artifactKey: Guid(0d4fac986963f3341ae936fd1dd6f654) Importer(815301076,1909f56bfc062723c751e8b465ee728b)
Start importing Assets/Prefabs/Cards/BattleScarredDragon.prefab using Guid(0d4fac986963f3341ae936fd1dd6f654) Importer(815301076,1909f56bfc062723c751e8b465ee728b)  -> (artifact id: '180d1830dec29b106493ced552075e8c') in 0.054643 seconds 
========================================================================
Received Import Request.
  Time since last request: 0.308692 seconds.
  path: Assets/Prefabs/Cards/BattleScarredDragon.prefab
  artifactKey: Guid(0d4fac986963f3341ae936fd1dd6f654) Importer(815301076,1909f56bfc062723c751e8b465ee728b)
Start importing Assets/Prefabs/Cards/BattleScarredDragon.prefab using Guid(0d4fac986963f3341ae936fd1dd6f654) Importer(815301076,1909f56bfc062723c751e8b465ee728b)  -> (artifact id: 'eb974f567a0830d3141f30bf7f722db5') in 0.055925 seconds 
========================================================================
Received Prepare
Registering precompiled user dll's ...
Registered in 0.007200 seconds.
Begin MonoManager ReloadAssembly
Symbol file LoadedFromMemory doesn't match image C:\Users\cocru\Documents\GitHub\RandomlyGeneratedHexBoard\Tilemap Practice\Library\PackageCache\com.unity.visualscripting@1.7.8\Editor\VisualScripting.Core\Dependencies\YamlDotNet\Unity.VisualScripting.YamlDotNet.dll
Symbol file LoadedFromMemory doesn't match image C:\Users\cocru\Documents\GitHub\RandomlyGeneratedHexBoard\Tilemap Practice\Library\PackageCache\com.unity.visualscripting@1.7.8\Editor\VisualScripting.Core\Dependencies\DotNetZip\Unity.VisualScripting.IonicZip.dll
Native extension for WindowsStandalone target not found
Native extension for Android target not found
Refreshing native plugins compatible for Editor in 1.03 ms, found 2 plugins.
Preloading 0 native plugins for Editor in 0.00 ms.
Mono: successfully reloaded assembly
- Completed reload, in  1.012 seconds
Domain Reload Profiling:
	ReloadAssembly (1013ms)
		BeginReloadAssembly (130ms)
			ExecutionOrderSort (0ms)
			DisableScriptedObjects (5ms)
			BackupInstance (0ms)
			ReleaseScriptingObjects (0ms)
			CreateAndSetChildDomain (34ms)
		EndReloadAssembly (771ms)
			LoadAssemblies (102ms)
			RebuildTransferFunctionScriptingTraits (0ms)
			SetupTypeCache (233ms)
			ReleaseScriptCaches (1ms)
			RebuildScriptCaches (47ms)
			SetupLoadedEditorAssemblies (349ms)
				LogAssemblyErrors (0ms)
				InitializePlatformSupportModulesInManaged (18ms)
				SetLoadedEditorAssemblies (1ms)
				RefreshPlugins (1ms)
				BeforeProcessingInitializeOnLoad (103ms)
				ProcessInitializeOnLoadAttributes (180ms)
				ProcessInitializeOnLoadMethodAttributes (40ms)
				AfterProcessingInitializeOnLoad (7ms)
				EditorAssembliesLoaded (0ms)
			ExecutionOrderSort2 (0ms)
			AwakeInstancesAfterBackupRestoration (6ms)
Platform modules already initialized, skipping
Refreshing native plugins compatible for Editor in 3.72 ms, found 2 plugins.
Preloading 0 native plugins for Editor in 0.00 ms.
Unloading 4920 Unused Serialized files (Serialized files now loaded: 0)
Unloading 26 unused Assets / (25.6 KB). Loaded Objects now: 5426.
Memory consumption went from 187.0 MB to 186.9 MB.
Total: 2.866300 ms (FindLiveObjects: 0.348200 ms CreateObjectMapping: 0.105400 ms MarkObjects: 2.358700 ms  DeleteObjects: 0.053200 ms)

AssetImportParameters requested are different than current active one (requested -> active):
  custom:video-decoder-ogg-theora: a1e56fd34408186e4bbccfd4996cb3dc -> 
  custom:container-muxer-webm: aa71ff27fc2769a1b78a27578f13a17b -> 
  custom:container-demuxer-webm: 4f35f7cbe854078d1ac9338744f61a02 -> 
  custom:video-encoder-webm-vp8: eb34c28f22e8b96e1ab97ce403110664 -> 
  custom:audio-encoder-webm-vorbis: bf7c407c2cedff20999df2af8eb42d56 -> 
  custom:framework-win-MediaFoundation: 216162199b28c13a410421893ffa2e32 -> 
  custom:container-demuxer-ogg: 62fdf1f143b41e24485cea50d1cbac27 -> 
  custom:video-decoder-webm-vp8: 9c59270c3fd7afecdb556c50c9e8de78 -> 
  custom:audio-decoder-ogg-vorbis: bf7c407c2cedff20999df2af8eb42d56 -> 
========================================================================
Received Import Request.
  Time since last request: 246.202035 seconds.
  path: Assets/Scripts/Cards/Creatures
  artifactKey: Guid(57c918f857e5e0640b7f0bcc931389b4) Importer(815301076,1909f56bfc062723c751e8b465ee728b)
Start importing Assets/Scripts/Cards/Creatures using Guid(57c918f857e5e0640b7f0bcc931389b4) Importer(815301076,1909f56bfc062723c751e8b465ee728b)  -> (artifact id: 'cee205d9a41623612a4f8a0d8163b189') in 0.011944 seconds 
========================================================================
Received Import Request.
  Time since last request: 38.710632 seconds.
  path: Assets/Scripts/Cards/CreatureAbilities
  artifactKey: Guid(25678bccac19de64d984d6ea239162d8) Importer(815301076,1909f56bfc062723c751e8b465ee728b)
Start importing Assets/Scripts/Cards/CreatureAbilities using Guid(25678bccac19de64d984d6ea239162d8) Importer(815301076,1909f56bfc062723c751e8b465ee728b)  -> (artifact id: 'ce228116cd204aefad657b02e2f1b971') in 0.004948 seconds 
========================================================================
Received Import Request.
  Time since last request: 8.814908 seconds.
  path: Assets/Scripts/Cards/CreatureAbilities/ElvishMystic.cs
  artifactKey: Guid(002fe43d3a5c1224086387dcc69ca924) Importer(815301076,1909f56bfc062723c751e8b465ee728b)
Start importing Assets/Scripts/Cards/CreatureAbilities/ElvishMystic.cs using Guid(002fe43d3a5c1224086387dcc69ca924) Importer(815301076,1909f56bfc062723c751e8b465ee728b)  -> (artifact id: 'f2387d33c09a6f6697f298b17d0e58ef') in 0.007246 seconds 
========================================================================
Received Prepare
Registering precompiled user dll's ...
Registered in 0.006491 seconds.
Begin MonoManager ReloadAssembly
Symbol file LoadedFromMemory doesn't match image C:\Users\cocru\Documents\GitHub\RandomlyGeneratedHexBoard\Tilemap Practice\Library\PackageCache\com.unity.visualscripting@1.7.8\Editor\VisualScripting.Core\Dependencies\YamlDotNet\Unity.VisualScripting.YamlDotNet.dll
Symbol file LoadedFromMemory doesn't match image C:\Users\cocru\Documents\GitHub\RandomlyGeneratedHexBoard\Tilemap Practice\Library\PackageCache\com.unity.visualscripting@1.7.8\Editor\VisualScripting.Core\Dependencies\DotNetZip\Unity.VisualScripting.IonicZip.dll
Native extension for WindowsStandalone target not found
Native extension for Android target not found
Refreshing native plugins compatible for Editor in 1.03 ms, found 2 plugins.
Preloading 0 native plugins for Editor in 0.00 ms.
Mono: successfully reloaded assembly
- Completed reload, in  0.858 seconds
Domain Reload Profiling:
	ReloadAssembly (859ms)
		BeginReloadAssembly (112ms)
			ExecutionOrderSort (0ms)
			DisableScriptedObjects (5ms)
			BackupInstance (0ms)
			ReleaseScriptingObjects (0ms)
			CreateAndSetChildDomain (30ms)
		EndReloadAssembly (661ms)
			LoadAssemblies (81ms)
			RebuildTransferFunctionScriptingTraits (0ms)
			SetupTypeCache (190ms)
			ReleaseScriptCaches (2ms)
			RebuildScriptCaches (39ms)
			SetupLoadedEditorAssemblies (310ms)
				LogAssemblyErrors (0ms)
				InitializePlatformSupportModulesInManaged (18ms)
				SetLoadedEditorAssemblies (0ms)
				RefreshPlugins (1ms)
				BeforeProcessingInitializeOnLoad (84ms)
				ProcessInitializeOnLoadAttributes (168ms)
				ProcessInitializeOnLoadMethodAttributes (33ms)
				AfterProcessingInitializeOnLoad (6ms)
				EditorAssembliesLoaded (0ms)
			ExecutionOrderSort2 (0ms)
			AwakeInstancesAfterBackupRestoration (6ms)
Platform modules already initialized, skipping
Refreshing native plugins compatible for Editor in 3.18 ms, found 2 plugins.
Preloading 0 native plugins for Editor in 0.00 ms.
Unloading 4921 Unused Serialized files (Serialized files now loaded: 0)
Unloading 24 unused Assets / (24.7 KB). Loaded Objects now: 5430.
Memory consumption went from 187.0 MB to 187.0 MB.
Total: 2.946600 ms (FindLiveObjects: 0.346300 ms CreateObjectMapping: 0.100900 ms MarkObjects: 2.470900 ms  DeleteObjects: 0.027700 ms)

AssetImportParameters requested are different than current active one (requested -> active):
  custom:video-decoder-ogg-theora: a1e56fd34408186e4bbccfd4996cb3dc -> 
  custom:container-muxer-webm: aa71ff27fc2769a1b78a27578f13a17b -> 
  custom:container-demuxer-webm: 4f35f7cbe854078d1ac9338744f61a02 -> 
  custom:video-encoder-webm-vp8: eb34c28f22e8b96e1ab97ce403110664 -> 
  custom:audio-encoder-webm-vorbis: bf7c407c2cedff20999df2af8eb42d56 -> 
  custom:framework-win-MediaFoundation: 216162199b28c13a410421893ffa2e32 -> 
  custom:container-demuxer-ogg: 62fdf1f143b41e24485cea50d1cbac27 -> 
  custom:video-decoder-webm-vp8: 9c59270c3fd7afecdb556c50c9e8de78 -> 
  custom:audio-decoder-ogg-vorbis: bf7c407c2cedff20999df2af8eb42d56 -> 
========================================================================
Received Prepare
Registering precompiled user dll's ...
Registered in 0.006293 seconds.
Begin MonoManager ReloadAssembly
Symbol file LoadedFromMemory doesn't match image C:\Users\cocru\Documents\GitHub\RandomlyGeneratedHexBoard\Tilemap Practice\Library\PackageCache\com.unity.visualscripting@1.7.8\Editor\VisualScripting.Core\Dependencies\YamlDotNet\Unity.VisualScripting.YamlDotNet.dll
Symbol file LoadedFromMemory doesn't match image C:\Users\cocru\Documents\GitHub\RandomlyGeneratedHexBoard\Tilemap Practice\Library\PackageCache\com.unity.visualscripting@1.7.8\Editor\VisualScripting.Core\Dependencies\DotNetZip\Unity.VisualScripting.IonicZip.dll
Native extension for WindowsStandalone target not found
Native extension for Android target not found
Refreshing native plugins compatible for Editor in 1.02 ms, found 2 plugins.
Preloading 0 native plugins for Editor in 0.00 ms.
Mono: successfully reloaded assembly
- Completed reload, in  0.853 seconds
Domain Reload Profiling:
	ReloadAssembly (853ms)
		BeginReloadAssembly (108ms)
			ExecutionOrderSort (0ms)
			DisableScriptedObjects (5ms)
			BackupInstance (0ms)
			ReleaseScriptingObjects (0ms)
			CreateAndSetChildDomain (28ms)
		EndReloadAssembly (667ms)
			LoadAssemblies (77ms)
			RebuildTransferFunctionScriptingTraits (0ms)
			SetupTypeCache (194ms)
			ReleaseScriptCaches (1ms)
			RebuildScriptCaches (37ms)
			SetupLoadedEditorAssemblies (312ms)
				LogAssemblyErrors (0ms)
				InitializePlatformSupportModulesInManaged (18ms)
				SetLoadedEditorAssemblies (0ms)
				RefreshPlugins (1ms)
				BeforeProcessingInitializeOnLoad (87ms)
				ProcessInitializeOnLoadAttributes (161ms)
				ProcessInitializeOnLoadMethodAttributes (38ms)
				AfterProcessingInitializeOnLoad (6ms)
				EditorAssembliesLoaded (0ms)
			ExecutionOrderSort2 (0ms)
			AwakeInstancesAfterBackupRestoration (7ms)
Platform modules already initialized, skipping
Refreshing native plugins compatible for Editor in 3.46 ms, found 2 plugins.
Preloading 0 native plugins for Editor in 0.00 ms.
Unloading 4921 Unused Serialized files (Serialized files now loaded: 0)
Unloading 24 unused Assets / (24.7 KB). Loaded Objects now: 5433.
Memory consumption went from 187.0 MB to 187.0 MB.
Total: 3.298000 ms (FindLiveObjects: 0.359700 ms CreateObjectMapping: 0.119400 ms MarkObjects: 2.794300 ms  DeleteObjects: 0.023800 ms)

AssetImportParameters requested are different than current active one (requested -> active):
  custom:video-decoder-ogg-theora: a1e56fd34408186e4bbccfd4996cb3dc -> 
  custom:container-muxer-webm: aa71ff27fc2769a1b78a27578f13a17b -> 
  custom:container-demuxer-webm: 4f35f7cbe854078d1ac9338744f61a02 -> 
  custom:video-encoder-webm-vp8: eb34c28f22e8b96e1ab97ce403110664 -> 
  custom:audio-encoder-webm-vorbis: bf7c407c2cedff20999df2af8eb42d56 -> 
  custom:framework-win-MediaFoundation: 216162199b28c13a410421893ffa2e32 -> 
  custom:container-demuxer-ogg: 62fdf1f143b41e24485cea50d1cbac27 -> 
  custom:video-decoder-webm-vp8: 9c59270c3fd7afecdb556c50c9e8de78 -> 
  custom:audio-decoder-ogg-vorbis: bf7c407c2cedff20999df2af8eb42d56 -> 
========================================================================
Received Import Request.
  Time since last request: 63.519793 seconds.
  path: Assets/Scripts/Cards/CreatureAbilities/CreatureAbility.cs
  artifactKey: Guid(897e16a8223704e41823ddb967172392) Importer(815301076,1909f56bfc062723c751e8b465ee728b)
Start importing Assets/Scripts/Cards/CreatureAbilities/CreatureAbility.cs using Guid(897e16a8223704e41823ddb967172392) Importer(815301076,1909f56bfc062723c751e8b465ee728b)  -> (artifact id: '07adf0177c02b140c88d8b85d2b2161a') in 0.011316 seconds 
========================================================================
Received Prepare
Registering precompiled user dll's ...
Registered in 0.009380 seconds.
Begin MonoManager ReloadAssembly
Symbol file LoadedFromMemory doesn't match image C:\Users\cocru\Documents\GitHub\RandomlyGeneratedHexBoard\Tilemap Practice\Library\PackageCache\com.unity.visualscripting@1.7.8\Editor\VisualScripting.Core\Dependencies\YamlDotNet\Unity.VisualScripting.YamlDotNet.dll
Symbol file LoadedFromMemory doesn't match image C:\Users\cocru\Documents\GitHub\RandomlyGeneratedHexBoard\Tilemap Practice\Library\PackageCache\com.unity.visualscripting@1.7.8\Editor\VisualScripting.Core\Dependencies\DotNetZip\Unity.VisualScripting.IonicZip.dll
Native extension for WindowsStandalone target not found
Native extension for Android target not found
Refreshing native plugins compatible for Editor in 0.92 ms, found 2 plugins.
Preloading 0 native plugins for Editor in 0.00 ms.
Mono: successfully reloaded assembly
- Completed reload, in  0.904 seconds
Domain Reload Profiling:
	ReloadAssembly (905ms)
		BeginReloadAssembly (125ms)
			ExecutionOrderSort (0ms)
			DisableScriptedObjects (6ms)
			BackupInstance (0ms)
			ReleaseScriptingObjects (0ms)
			CreateAndSetChildDomain (36ms)
		EndReloadAssembly (683ms)
			LoadAssemblies (90ms)
			RebuildTransferFunctionScriptingTraits (0ms)
			SetupTypeCache (198ms)
			ReleaseScriptCaches (1ms)
			RebuildScriptCaches (36ms)
			SetupLoadedEditorAssemblies (318ms)
				LogAssemblyErrors (0ms)
				InitializePlatformSupportModulesInManaged (17ms)
				SetLoadedEditorAssemblies (0ms)
				RefreshPlugins (1ms)
				BeforeProcessingInitializeOnLoad (86ms)
				ProcessInitializeOnLoadAttributes (165ms)
				ProcessInitializeOnLoadMethodAttributes (44ms)
				AfterProcessingInitializeOnLoad (6ms)
				EditorAssembliesLoaded (0ms)
			ExecutionOrderSort2 (0ms)
			AwakeInstancesAfterBackupRestoration (6ms)
Platform modules already initialized, skipping
Refreshing native plugins compatible for Editor in 3.12 ms, found 2 plugins.
Preloading 0 native plugins for Editor in 0.00 ms.
Unloading 4922 Unused Serialized files (Serialized files now loaded: 0)
Unloading 24 unused Assets / (24.8 KB). Loaded Objects now: 5437.
Memory consumption went from 187.0 MB to 187.0 MB.
Total: 2.830500 ms (FindLiveObjects: 0.324700 ms CreateObjectMapping: 0.116500 ms MarkObjects: 2.367400 ms  DeleteObjects: 0.021000 ms)

AssetImportParameters requested are different than current active one (requested -> active):
  custom:video-decoder-ogg-theora: a1e56fd34408186e4bbccfd4996cb3dc -> 
  custom:container-muxer-webm: aa71ff27fc2769a1b78a27578f13a17b -> 
  custom:container-demuxer-webm: 4f35f7cbe854078d1ac9338744f61a02 -> 
  custom:video-encoder-webm-vp8: eb34c28f22e8b96e1ab97ce403110664 -> 
  custom:audio-encoder-webm-vorbis: bf7c407c2cedff20999df2af8eb42d56 -> 
  custom:framework-win-MediaFoundation: 216162199b28c13a410421893ffa2e32 -> 
  custom:container-demuxer-ogg: 62fdf1f143b41e24485cea50d1cbac27 -> 
  custom:video-decoder-webm-vp8: 9c59270c3fd7afecdb556c50c9e8de78 -> 
  custom:audio-decoder-ogg-vorbis: bf7c407c2cedff20999df2af8eb42d56 -> 
========================================================================
Received Prepare
Registering precompiled user dll's ...
Registered in 0.006491 seconds.
Begin MonoManager ReloadAssembly
Symbol file LoadedFromMemory doesn't match image C:\Users\cocru\Documents\GitHub\RandomlyGeneratedHexBoard\Tilemap Practice\Library\PackageCache\com.unity.visualscripting@1.7.8\Editor\VisualScripting.Core\Dependencies\YamlDotNet\Unity.VisualScripting.YamlDotNet.dll
Symbol file LoadedFromMemory doesn't match image C:\Users\cocru\Documents\GitHub\RandomlyGeneratedHexBoard\Tilemap Practice\Library\PackageCache\com.unity.visualscripting@1.7.8\Editor\VisualScripting.Core\Dependencies\DotNetZip\Unity.VisualScripting.IonicZip.dll
Native extension for WindowsStandalone target not found
Native extension for Android target not found
Refreshing native plugins compatible for Editor in 0.95 ms, found 2 plugins.
Preloading 0 native plugins for Editor in 0.00 ms.
Mono: successfully reloaded assembly
- Completed reload, in  0.907 seconds
Domain Reload Profiling:
	ReloadAssembly (907ms)
		BeginReloadAssembly (117ms)
			ExecutionOrderSort (0ms)
			DisableScriptedObjects (5ms)
			BackupInstance (0ms)
			ReleaseScriptingObjects (0ms)
			CreateAndSetChildDomain (30ms)
		EndReloadAssembly (692ms)
			LoadAssemblies (87ms)
			RebuildTransferFunctionScriptingTraits (0ms)
			SetupTypeCache (213ms)
			ReleaseScriptCaches (1ms)
			RebuildScriptCaches (40ms)
			SetupLoadedEditorAssemblies (311ms)
				LogAssemblyErrors (0ms)
				InitializePlatformSupportModulesInManaged (15ms)
				SetLoadedEditorAssemblies (0ms)
				RefreshPlugins (1ms)
				BeforeProcessingInitializeOnLoad (86ms)
				ProcessInitializeOnLoadAttributes (165ms)
				ProcessInitializeOnLoadMethodAttributes (37ms)
				AfterProcessingInitializeOnLoad (6ms)
				EditorAssembliesLoaded (0ms)
			ExecutionOrderSort2 (0ms)
			AwakeInstancesAfterBackupRestoration (6ms)
Platform modules already initialized, skipping
Refreshing native plugins compatible for Editor in 2.34 ms, found 2 plugins.
Preloading 0 native plugins for Editor in 0.00 ms.
Unloading 4922 Unused Serialized files (Serialized files now loaded: 0)
Unloading 24 unused Assets / (24.7 KB). Loaded Objects now: 5440.
Memory consumption went from 187.2 MB to 187.2 MB.
Total: 3.668700 ms (FindLiveObjects: 0.350200 ms CreateObjectMapping: 0.099000 ms MarkObjects: 3.191100 ms  DeleteObjects: 0.027500 ms)

AssetImportParameters requested are different than current active one (requested -> active):
  custom:video-decoder-ogg-theora: a1e56fd34408186e4bbccfd4996cb3dc -> 
  custom:container-muxer-webm: aa71ff27fc2769a1b78a27578f13a17b -> 
  custom:container-demuxer-webm: 4f35f7cbe854078d1ac9338744f61a02 -> 
  custom:video-encoder-webm-vp8: eb34c28f22e8b96e1ab97ce403110664 -> 
  custom:audio-encoder-webm-vorbis: bf7c407c2cedff20999df2af8eb42d56 -> 
  custom:framework-win-MediaFoundation: 216162199b28c13a410421893ffa2e32 -> 
  custom:container-demuxer-ogg: 62fdf1f143b41e24485cea50d1cbac27 -> 
  custom:video-decoder-webm-vp8: 9c59270c3fd7afecdb556c50c9e8de78 -> 
  custom:audio-decoder-ogg-vorbis: bf7c407c2cedff20999df2af8eb42d56 -> 
========================================================================
Received Import Request.
  Time since last request: 694.728037 seconds.
  path: Assets/Prefabs/Creatures/ElvishMystic.prefab
  artifactKey: Guid(15e8be504febbbb4bb5c55a07c1ea34a) Importer(815301076,1909f56bfc062723c751e8b465ee728b)
Start importing Assets/Prefabs/Creatures/ElvishMystic.prefab using Guid(15e8be504febbbb4bb5c55a07c1ea34a) Importer(815301076,1909f56bfc062723c751e8b465ee728b)  -> (artifact id: '6b4d50dd5def39d415a8aeb309f4a890') in 0.104692 seconds 
========================================================================
Received Prepare
Registering precompiled user dll's ...
Registered in 0.007788 seconds.
Begin MonoManager ReloadAssembly
Symbol file LoadedFromMemory doesn't match image C:\Users\cocru\Documents\GitHub\RandomlyGeneratedHexBoard\Tilemap Practice\Library\PackageCache\com.unity.visualscripting@1.7.8\Editor\VisualScripting.Core\Dependencies\YamlDotNet\Unity.VisualScripting.YamlDotNet.dll
Symbol file LoadedFromMemory doesn't match image C:\Users\cocru\Documents\GitHub\RandomlyGeneratedHexBoard\Tilemap Practice\Library\PackageCache\com.unity.visualscripting@1.7.8\Editor\VisualScripting.Core\Dependencies\DotNetZip\Unity.VisualScripting.IonicZip.dll
Native extension for WindowsStandalone target not found
Native extension for Android target not found
Refreshing native plugins compatible for Editor in 0.89 ms, found 2 plugins.
Preloading 0 native plugins for Editor in 0.00 ms.
Mono: successfully reloaded assembly
- Completed reload, in  0.931 seconds
Domain Reload Profiling:
	ReloadAssembly (931ms)
		BeginReloadAssembly (115ms)
			ExecutionOrderSort (0ms)
			DisableScriptedObjects (5ms)
			BackupInstance (0ms)
			ReleaseScriptingObjects (0ms)
			CreateAndSetChildDomain (38ms)
		EndReloadAssembly (711ms)
			LoadAssemblies (76ms)
			RebuildTransferFunctionScriptingTraits (0ms)
			SetupTypeCache (204ms)
			ReleaseScriptCaches (1ms)
			RebuildScriptCaches (41ms)
			SetupLoadedEditorAssemblies (336ms)
				LogAssemblyErrors (0ms)
				InitializePlatformSupportModulesInManaged (16ms)
				SetLoadedEditorAssemblies (0ms)
				RefreshPlugins (1ms)
				BeforeProcessingInitializeOnLoad (98ms)
				ProcessInitializeOnLoadAttributes (181ms)
				ProcessInitializeOnLoadMethodAttributes (34ms)
				AfterProcessingInitializeOnLoad (6ms)
				EditorAssembliesLoaded (0ms)
			ExecutionOrderSort2 (0ms)
			AwakeInstancesAfterBackupRestoration (6ms)
Platform modules already initialized, skipping
Refreshing native plugins compatible for Editor in 2.83 ms, found 2 plugins.
Preloading 0 native plugins for Editor in 0.00 ms.
Unloading 4922 Unused Serialized files (Serialized files now loaded: 0)
Unloading 26 unused Assets / (25.6 KB). Loaded Objects now: 5443.
Memory consumption went from 187.3 MB to 187.2 MB.
Total: 2.868900 ms (FindLiveObjects: 0.356000 ms CreateObjectMapping: 0.105300 ms MarkObjects: 2.364100 ms  DeleteObjects: 0.043000 ms)

AssetImportParameters requested are different than current active one (requested -> active):
  custom:video-decoder-ogg-theora: a1e56fd34408186e4bbccfd4996cb3dc -> 
  custom:container-muxer-webm: aa71ff27fc2769a1b78a27578f13a17b -> 
  custom:container-demuxer-webm: 4f35f7cbe854078d1ac9338744f61a02 -> 
  custom:video-encoder-webm-vp8: eb34c28f22e8b96e1ab97ce403110664 -> 
  custom:audio-encoder-webm-vorbis: bf7c407c2cedff20999df2af8eb42d56 -> 
  custom:framework-win-MediaFoundation: 216162199b28c13a410421893ffa2e32 -> 
  custom:container-demuxer-ogg: 62fdf1f143b41e24485cea50d1cbac27 -> 
  custom:video-decoder-webm-vp8: 9c59270c3fd7afecdb556c50c9e8de78 -> 
  custom:audio-decoder-ogg-vorbis: bf7c407c2cedff20999df2af8eb42d56 -> 
