Using pre-set license
Built from '2022.2/staging' branch; Version is '2022.2.0b8 (9eb452e2ea43) revision 10400850'; Using compiler version '192829333'; Build Type 'Release'
OS: 'Windows 11  (10.0.22000) 64bit Core' Language: 'en' Physical Memory: 32694 MB
BatchMode: 1, IsHumanControllingUs: 0, StartBugReporterOnCrash: 0, Is64bit: 1, IsPro: 1

COMMAND LINE ARGUMENTS:
C:\Program Files\Unity\Hub\Editor\2022.2.0b8\Editor\Unity.exe
-adb2
-batchMode
-noUpm
-name
AssetImportWorker25
-projectPath
C:/Users/cocru/Documents/GitHub/RandomlyGeneratedHexBoard/Tilemap Practice
-logFile
Logs/AssetImportWorker25.log
-srvPort
60603
Successfully changed project path to: C:/Users/cocru/Documents/GitHub/RandomlyGeneratedHexBoard/Tilemap Practice
C:/Users/cocru/Documents/GitHub/RandomlyGeneratedHexBoard/Tilemap Practice
[UnityMemory] Configuration Parameters - Can be set up in boot.config
    "memorysetup-bucket-allocator-granularity=16"
    "memorysetup-bucket-allocator-bucket-count=8"
    "memorysetup-bucket-allocator-block-size=33554432"
    "memorysetup-bucket-allocator-block-count=8"
    "memorysetup-main-allocator-block-size=16777216"
    "memorysetup-thread-allocator-block-size=16777216"
    "memorysetup-gfx-main-allocator-block-size=16777216"
    "memorysetup-gfx-thread-allocator-block-size=16777216"
    "memorysetup-cache-allocator-block-size=4194304"
    "memorysetup-typetree-allocator-block-size=2097152"
    "memorysetup-profiler-bucket-allocator-granularity=16"
    "memorysetup-profiler-bucket-allocator-bucket-count=8"
    "memorysetup-profiler-bucket-allocator-block-size=33554432"
    "memorysetup-profiler-bucket-allocator-block-count=8"
    "memorysetup-profiler-allocator-block-size=16777216"
    "memorysetup-profiler-editor-allocator-block-size=1048576"
    "memorysetup-temp-allocator-size-main=16777216"
    "memorysetup-job-temp-allocator-block-size=2097152"
    "memorysetup-job-temp-allocator-block-size-background=1048576"
    "memorysetup-job-temp-allocator-reduction-small-platforms=262144"
    "memorysetup-temp-allocator-size-background-worker=32768"
    "memorysetup-temp-allocator-size-job-worker=262144"
    "memorysetup-temp-allocator-size-preload-manager=33554432"
    "memorysetup-temp-allocator-size-nav-mesh-worker=65536"
    "memorysetup-temp-allocator-size-audio-worker=65536"
    "memorysetup-temp-allocator-size-cloud-worker=32768"
    "memorysetup-temp-allocator-size-gi-baking-worker=262144"
    "memorysetup-temp-allocator-size-gfx=262144"
Initialize engine version: 2022.2.0b8 (9eb452e2ea43)
[Subsystems] Discovering subsystems at path C:/Program Files/Unity/Hub/Editor/2022.2.0b8/Editor/Data/Resources/UnitySubsystems
[Subsystems] Discovering subsystems at path C:/Users/cocru/Documents/GitHub/RandomlyGeneratedHexBoard/Tilemap Practice/Assets
GfxDevice: creating device client; threaded=0; jobified=0
Direct3D:
    Version:  Direct3D 11.0 [level 11.1]
    Renderer: NVIDIA GeForce RTX 3080 Ti (ID=0x2208)
    Vendor:   NVIDIA
    VRAM:     12108 MB
    Driver:   31.0.15.1694
Initialize mono
Mono path[0] = 'C:/Program Files/Unity/Hub/Editor/2022.2.0b8/Editor/Data/Managed'
Mono path[1] = 'C:/Program Files/Unity/Hub/Editor/2022.2.0b8/Editor/Data/MonoBleedingEdge/lib/mono/unityjit-win32'
Mono config path = 'C:/Program Files/Unity/Hub/Editor/2022.2.0b8/Editor/Data/MonoBleedingEdge/etc'
Using monoOptions --debugger-agent=transport=dt_socket,embedding=1,server=y,suspend=n,address=127.0.0.1:56356
Begin MonoManager ReloadAssembly
Registering precompiled unity dll's ...
Register platform support module: C:/Program Files/Unity/Hub/Editor/2022.2.0b8/Editor/Data/PlaybackEngines/AndroidPlayer/UnityEditor.Android.Extensions.dll
Register platform support module: C:/Program Files/Unity/Hub/Editor/2022.2.0b8/Editor/Data/PlaybackEngines/WindowsStandaloneSupport/UnityEditor.WindowsStandalone.Extensions.dll
Registered in 0.004936 seconds.
Refreshing native plugins compatible for Editor in 92.80 ms, found 4 plugins.
- Loaded All Assemblies, in  0.349 seconds
Native extension for Android target not found
Android Extension - Scanning For ADB Devices 158 ms
Native extension for WindowsStandalone target not found
Mono: successfully reloaded assembly
- Finished resetting the current domain, in  0.393 seconds
Domain Reload Profiling:
	ReloadAssembly (239ms)
		BeginReloadAssembly (56ms)
			ExecutionOrderSort (0ms)
			DisableScriptedObjects (0ms)
			BackupInstance (0ms)
			ReleaseScriptingObjects (0ms)
			CreateAndSetChildDomain (1ms)
		LoadAllAssembliesAndSetupDomain (0ms)
			LoadAssemblies (54ms)
			RebuildTransferFunctionScriptingTraits (0ms)
			SetupTypeCache (104ms)
				TypeCache.Initialize (103ms)
					TypeCache.ScanAssembly (102ms)
				ResolveRequiredComponents (0ms)
		FinalizeReload (0ms)
			ReleaseScriptCaches (0ms)
			RebuildScriptCaches (0ms)
			SetupLoadedEditorAssemblies (336ms)
				LogAssemblyErrors (0ms)
				InitializePlatformSupportModulesInManaged (213ms)
				SetLoadedEditorAssemblies (3ms)
				RefreshPlugins (0ms)
				BeforeProcessingInitializeOnLoad (1ms)
				ProcessInitializeOnLoadAttributes (86ms)
				ProcessInitializeOnLoadMethodAttributes (32ms)
				AfterProcessingInitializeOnLoad (0ms)
				EditorAssembliesLoaded (0ms)
			ExecutionOrderSort2 (0ms)
			AwakeInstancesAfterBackupRestoration (0ms)
========================================================================
Worker process is ready to serve import requests
Registering precompiled user dll's ...
Registered in 0.004009 seconds.
Begin MonoManager ReloadAssembly
Symbol file LoadedFromMemory doesn't match image C:\Users\cocru\Documents\GitHub\RandomlyGeneratedHexBoard\Tilemap Practice\Library\PackageCache\com.unity.visualscripting@1.7.8\Editor\VisualScripting.Core\Dependencies\DotNetZip\Unity.VisualScripting.IonicZip.dll
Symbol file LoadedFromMemory doesn't match image C:\Users\cocru\Documents\GitHub\RandomlyGeneratedHexBoard\Tilemap Practice\Library\PackageCache\com.unity.visualscripting@1.7.8\Editor\VisualScripting.Core\Dependencies\YamlDotNet\Unity.VisualScripting.YamlDotNet.dll
- Loaded All Assemblies, in  0.617 seconds
Refreshing native plugins compatible for Editor in 3.00 ms, found 4 plugins.
Native extension for Android target not found
Native extension for WindowsStandalone target not found
Mono: successfully reloaded assembly
- Finished resetting the current domain, in  0.498 seconds
Domain Reload Profiling:
	ReloadAssembly (162ms)
		BeginReloadAssembly (86ms)
			ExecutionOrderSort (0ms)
			DisableScriptedObjects (4ms)
			BackupInstance (0ms)
			ReleaseScriptingObjects (0ms)
			CreateAndSetChildDomain (17ms)
		LoadAllAssembliesAndSetupDomain (453ms)
			LoadAssemblies (61ms)
			RebuildTransferFunctionScriptingTraits (0ms)
			SetupTypeCache (424ms)
				TypeCache.Initialize (223ms)
					TypeCache.ScanAssembly (218ms)
				ResolveRequiredComponents (4ms)
		FinalizeReload (0ms)
			ReleaseScriptCaches (0ms)
			RebuildScriptCaches (0ms)
			SetupLoadedEditorAssemblies (355ms)
				LogAssemblyErrors (0ms)
				InitializePlatformSupportModulesInManaged (11ms)
				SetLoadedEditorAssemblies (5ms)
				RefreshPlugins (0ms)
				BeforeProcessingInitializeOnLoad (68ms)
				ProcessInitializeOnLoadAttributes (230ms)
				ProcessInitializeOnLoadMethodAttributes (37ms)
				AfterProcessingInitializeOnLoad (5ms)
				EditorAssembliesLoaded (0ms)
			ExecutionOrderSort2 (0ms)
			AwakeInstancesAfterBackupRestoration (4ms)
Launched and connected shader compiler UnityShaderCompiler.exe after 0.04 seconds
Refreshing native plugins compatible for Editor in 1.35 ms, found 4 plugins.
Preloading 0 native plugins for Editor in 0.00 ms.
Unloading 4370 Unused Serialized files (Serialized files now loaded: 0)
Unloading 40 unused Assets / (72.3 KB). Loaded Objects now: 4833.
Memory consumption went from 0.65 GB to 0.65 GB.
Total: 3.306100 ms (FindLiveObjects: 0.373600 ms CreateObjectMapping: 0.128000 ms MarkObjects: 2.698100 ms  DeleteObjects: 0.105200 ms)

AssetImportParameters requested are different than current active one (requested -> active):
  custom:container-demuxer-ogg: 62fdf1f143b41e24485cea50d1cbac27 -> 
  custom:video-decoder-ogg-theora: a1e56fd34408186e4bbccfd4996cb3dc -> 
  custom:framework-win-MediaFoundation: 216162199b28c13a410421893ffa2e32 -> 
  custom:container-demuxer-webm: 4f35f7cbe854078d1ac9338744f61a02 -> 
  custom:container-muxer-webm: aa71ff27fc2769a1b78a27578f13a17b -> 
  custom:video-decoder-webm-vp8: 9c59270c3fd7afecdb556c50c9e8de78 -> 
  custom:AudioImporter_EditorPlatform: d09bf68614088b80899f8185d706f6e7 -> 
  custom:video-encoder-webm-vp8: eb34c28f22e8b96e1ab97ce403110664 -> 
  custom:audio-decoder-ogg-vorbis: bf7c407c2cedff20999df2af8eb42d56 -> 
  custom:audio-encoder-webm-vorbis: bf7c407c2cedff20999df2af8eb42d56 -> 
========================================================================
Received Import Request.
  Time since last request: 1081126.021893 seconds.
  path: Assets/Prefabs/cba0b66e-1381.jpg
  artifactKey: Guid(91dbc20f78451e44b897d246cfc2c544) Importer(815301076,1909f56bfc062723c751e8b465ee728b)
Number of updated assets reloaded before import = 0
Start importing Assets/Prefabs/cba0b66e-1381.jpg using Guid(91dbc20f78451e44b897d246cfc2c544) Importer(815301076,1909f56bfc062723c751e8b465ee728b)  -> (artifact id: '89a7cb51b4815df75f0b5fe3a10324b8') in 0.113267 seconds 
Number of asset objects unloaded after import = 3
========================================================================
Received Import Request.
  Time since last request: 4.089208 seconds.
  path: Assets/Dragon TCG v1.1/square images/bones_03.png
  artifactKey: Guid(83c0c9a95a94b4e2ba5f7b2a36ae4148) Importer(815301076,1909f56bfc062723c751e8b465ee728b)
Number of updated assets reloaded before import = 0
Start importing Assets/Dragon TCG v1.1/square images/bones_03.png using Guid(83c0c9a95a94b4e2ba5f7b2a36ae4148) Importer(815301076,1909f56bfc062723c751e8b465ee728b)  -> (artifact id: 'a718afb070362807ab999eedafdf3dfe') in 0.055118 seconds 
Number of asset objects unloaded after import = 3
========================================================================
Received Import Request.
  Time since last request: 0.000018 seconds.
  path: Assets/Dragon TCG v1.1/croped images/bones_03.png
  artifactKey: Guid(87d730396a12646cb9db0737f29e94b5) Importer(815301076,1909f56bfc062723c751e8b465ee728b)
Number of updated assets reloaded before import = 0
Start importing Assets/Dragon TCG v1.1/croped images/bones_03.png using Guid(87d730396a12646cb9db0737f29e94b5) Importer(815301076,1909f56bfc062723c751e8b465ee728b)  -> (artifact id: 'afda8e7816a85b069b18dab449dd40cc') in 0.045594 seconds 
Number of asset objects unloaded after import = 3
========================================================================
Received Import Request.
  Time since last request: 0.152991 seconds.
  path: Assets/Dragon TCG v1.1/Dragons Images/bone_dragon_02-assets/bones_02.png
  artifactKey: Guid(37db2b9a2dc444e9997251813f7e4ab2) Importer(815301076,1909f56bfc062723c751e8b465ee728b)
Number of updated assets reloaded before import = 0
Start importing Assets/Dragon TCG v1.1/Dragons Images/bone_dragon_02-assets/bones_02.png using Guid(37db2b9a2dc444e9997251813f7e4ab2) Importer(815301076,1909f56bfc062723c751e8b465ee728b)  -> (artifact id: '75fcb53b7bee9b5c81573644fa72b05e') in 0.036296 seconds 
Number of asset objects unloaded after import = 3
========================================================================
Received Import Request.
  Time since last request: 0.000019 seconds.
  path: Assets/Dragon TCG v1.1/square images/bones_02.png
  artifactKey: Guid(ffedeebe41ede4ef0b48bc9c48b04c63) Importer(815301076,1909f56bfc062723c751e8b465ee728b)
Number of updated assets reloaded before import = 0
Start importing Assets/Dragon TCG v1.1/square images/bones_02.png using Guid(ffedeebe41ede4ef0b48bc9c48b04c63) Importer(815301076,1909f56bfc062723c751e8b465ee728b)  -> (artifact id: '5a1b1c1bbc8d3ad45e08d041676ca8c9') in 0.069400 seconds 
Number of asset objects unloaded after import = 3
========================================================================
Received Import Request.
  Time since last request: 0.000017 seconds.
  path: Assets/Dragon TCG v1.1/Dragons Images/blue_dragon_02-assets/blue_03.png
  artifactKey: Guid(a9a8447f283aa44519635165ef7b899b) Importer(815301076,1909f56bfc062723c751e8b465ee728b)
Number of updated assets reloaded before import = 0
Start importing Assets/Dragon TCG v1.1/Dragons Images/blue_dragon_02-assets/blue_03.png using Guid(a9a8447f283aa44519635165ef7b899b) Importer(815301076,1909f56bfc062723c751e8b465ee728b)  -> (artifact id: '96b6b12d2b291e4df55cd25c9ef0cef6') in 0.028243 seconds 
Number of asset objects unloaded after import = 3
========================================================================
Received Import Request.
  Time since last request: 0.000019 seconds.
  path: Assets/Dragon TCG v1.1/Dragons Images/bone_dragon_02-assets/bones_01.png
  artifactKey: Guid(675e37ccb3b204128a9eada915eb0c43) Importer(815301076,1909f56bfc062723c751e8b465ee728b)
Number of updated assets reloaded before import = 0
Start importing Assets/Dragon TCG v1.1/Dragons Images/bone_dragon_02-assets/bones_01.png using Guid(675e37ccb3b204128a9eada915eb0c43) Importer(815301076,1909f56bfc062723c751e8b465ee728b)  -> (artifact id: '979676f126d18279d19c316d9c3a9f20') in 0.037595 seconds 
Number of asset objects unloaded after import = 3
========================================================================
Received Import Request.
  Time since last request: 0.188277 seconds.
  path: Assets/Dragon TCG v1.1/square images/blue03.png
  artifactKey: Guid(b3c63d259beaf4e56ad409cb21d0d840) Importer(815301076,1909f56bfc062723c751e8b465ee728b)
Number of updated assets reloaded before import = 0
Start importing Assets/Dragon TCG v1.1/square images/blue03.png using Guid(b3c63d259beaf4e56ad409cb21d0d840) Importer(815301076,1909f56bfc062723c751e8b465ee728b)  -> (artifact id: '3e64af97aa12c5ba9b04d1dbf4f7987c') in 0.022351 seconds 
Number of asset objects unloaded after import = 3
========================================================================
Received Import Request.
  Time since last request: 0.000027 seconds.
  path: Assets/Dragon TCG v1.1/croped images/blue03.png
  artifactKey: Guid(dc959a14ec4fa4536ae8503ff8fbd080) Importer(815301076,1909f56bfc062723c751e8b465ee728b)
Number of updated assets reloaded before import = 0
Start importing Assets/Dragon TCG v1.1/croped images/blue03.png using Guid(dc959a14ec4fa4536ae8503ff8fbd080) Importer(815301076,1909f56bfc062723c751e8b465ee728b)  -> (artifact id: 'aa5e661055416b006edd22d1b397a258') in 0.019632 seconds 
Number of asset objects unloaded after import = 3
========================================================================
Received Import Request.
  Time since last request: 0.015665 seconds.
  path: Assets/Dragon TCG v1.1/croped images/blue01.png
  artifactKey: Guid(eb7ff4bc50d074744a044dbfa5b5aaa1) Importer(815301076,1909f56bfc062723c751e8b465ee728b)
Number of updated assets reloaded before import = 0
Start importing Assets/Dragon TCG v1.1/croped images/blue01.png using Guid(eb7ff4bc50d074744a044dbfa5b5aaa1) Importer(815301076,1909f56bfc062723c751e8b465ee728b)  -> (artifact id: '9aea7f51e9609fbf1771dd66e3933f8a') in 0.024498 seconds 
Number of asset objects unloaded after import = 3
========================================================================
Received Import Request.
  Time since last request: 0.190161 seconds.
  path: Assets/Dragon TCG v1.1/Dragons Images/black_dragon_02-assets/black_03.png
  artifactKey: Guid(82de6fecfa1964b4a8bd198732e3559c) Importer(815301076,1909f56bfc062723c751e8b465ee728b)
Number of updated assets reloaded before import = 0
Start importing Assets/Dragon TCG v1.1/Dragons Images/black_dragon_02-assets/black_03.png using Guid(82de6fecfa1964b4a8bd198732e3559c) Importer(815301076,1909f56bfc062723c751e8b465ee728b)  -> (artifact id: 'e7fbc3054df29979df77e7e978f9f49a') in 0.031398 seconds 
Number of asset objects unloaded after import = 3
========================================================================
Received Import Request.
  Time since last request: 0.000027 seconds.
  path: Assets/Dragon TCG v1.1/square images/black_03.png
  artifactKey: Guid(32537183fd4434850a8f297ea599b11d) Importer(815301076,1909f56bfc062723c751e8b465ee728b)
Number of updated assets reloaded before import = 0
Start importing Assets/Dragon TCG v1.1/square images/black_03.png using Guid(32537183fd4434850a8f297ea599b11d) Importer(815301076,1909f56bfc062723c751e8b465ee728b)  -> (artifact id: '3439b241549b182e877eef1d6fcb7bf8') in 0.019160 seconds 
Number of asset objects unloaded after import = 3
========================================================================
Received Import Request.
  Time since last request: 0.008102 seconds.
  path: Assets/Dragon TCG v1.1/Dragons Images/black_dragon_02-assets/black_02.png
  artifactKey: Guid(a8a6c18f3d69645cdb558e24142a513a) Importer(815301076,1909f56bfc062723c751e8b465ee728b)
Number of updated assets reloaded before import = 0
Start importing Assets/Dragon TCG v1.1/Dragons Images/black_dragon_02-assets/black_02.png using Guid(a8a6c18f3d69645cdb558e24142a513a) Importer(815301076,1909f56bfc062723c751e8b465ee728b)  -> (artifact id: 'd787771f2c2182a00f227dd2705a0e53') in 0.018838 seconds 
Number of asset objects unloaded after import = 3
========================================================================
Received Import Request.
  Time since last request: 0.000015 seconds.
  path: Assets/Dragon TCG v1.1/square images/Black_01.png
  artifactKey: Guid(c24fa53151a344048ad633f87de92bdb) Importer(815301076,1909f56bfc062723c751e8b465ee728b)
Number of updated assets reloaded before import = 0
Start importing Assets/Dragon TCG v1.1/square images/Black_01.png using Guid(c24fa53151a344048ad633f87de92bdb) Importer(815301076,1909f56bfc062723c751e8b465ee728b)  -> (artifact id: 'e8309f47524347e04b9a6d49ed7580b7') in 0.020607 seconds 
Number of asset objects unloaded after import = 3
========================================================================
Received Import Request.
  Time since last request: 0.202385 seconds.
  path: Assets/Dragon TCG v1.1/croped images/Black_01.png
  artifactKey: Guid(1f0be4805506b42e9967df26fcea055f) Importer(815301076,1909f56bfc062723c751e8b465ee728b)
Number of updated assets reloaded before import = 0
Start importing Assets/Dragon TCG v1.1/croped images/Black_01.png using Guid(1f0be4805506b42e9967df26fcea055f) Importer(815301076,1909f56bfc062723c751e8b465ee728b)  -> (artifact id: 'f84078688905213a733b345e70b4ecee') in 0.024465 seconds 
Number of asset objects unloaded after import = 3
========================================================================
Received Import Request.
  Time since last request: 40.305068 seconds.
  path: Assets/Prefabs/BaseRed.prefab
  artifactKey: Guid(70f77777e6f115541ae0d26cb11148ec) Importer(815301076,1909f56bfc062723c751e8b465ee728b)
Number of updated assets reloaded before import = 0
Start importing Assets/Prefabs/BaseRed.prefab using Guid(70f77777e6f115541ae0d26cb11148ec) Importer(815301076,1909f56bfc062723c751e8b465ee728b)  -> (artifact id: '926a61f80cf0d71416cbceaecfb8dbe6') in 0.056350 seconds 
Number of asset objects unloaded after import = 14
========================================================================
Received Import Request.
  Time since last request: 0.000023 seconds.
  path: Assets/Prefabs/ElvishMystic_M14_1920x1080_Wallpaper.jpg
  artifactKey: Guid(dd924bd4c2af07a4081a32b6ec474af9) Importer(815301076,1909f56bfc062723c751e8b465ee728b)
Number of updated assets reloaded before import = 0
Start importing Assets/Prefabs/ElvishMystic_M14_1920x1080_Wallpaper.jpg using Guid(dd924bd4c2af07a4081a32b6ec474af9) Importer(815301076,1909f56bfc062723c751e8b465ee728b)  -> (artifact id: '76fc8064f2a77c83a7db06dd813bca37') in 0.039123 seconds 
Number of asset objects unloaded after import = 3
========================================================================
Received Import Request.
  Time since last request: 106.561784 seconds.
  path: Assets/Dragon TCG v1.1/croped images/golden01.png
  artifactKey: Guid(2dd427847674043d0901f1c185f5bc44) Importer(815301076,1909f56bfc062723c751e8b465ee728b)
Number of updated assets reloaded before import = 0
Start importing Assets/Dragon TCG v1.1/croped images/golden01.png using Guid(2dd427847674043d0901f1c185f5bc44) Importer(815301076,1909f56bfc062723c751e8b465ee728b)  -> (artifact id: 'ac236c4efa11e6189cda40bd040d99b1') in 0.028474 seconds 
Number of asset objects unloaded after import = 3
========================================================================
Received Import Request.
  Time since last request: 0.000026 seconds.
  path: Assets/Dragon TCG v1.1/croped images/golden03.png
  artifactKey: Guid(5c2fcba1e108041d99497777578ad9d9) Importer(815301076,1909f56bfc062723c751e8b465ee728b)
Number of updated assets reloaded before import = 0
Start importing Assets/Dragon TCG v1.1/croped images/golden03.png using Guid(5c2fcba1e108041d99497777578ad9d9) Importer(815301076,1909f56bfc062723c751e8b465ee728b)  -> (artifact id: '82dade73e8aa69e94d667db85b63d0e2') in 0.049433 seconds 
Number of asset objects unloaded after import = 3
========================================================================
Received Import Request.
  Time since last request: 0.000025 seconds.
  path: Assets/Dragon TCG v1.1/croped images/green_02.png
  artifactKey: Guid(0ebeb81c21e8d4700ab8ccd95f178479) Importer(815301076,1909f56bfc062723c751e8b465ee728b)
Number of updated assets reloaded before import = 0
Start importing Assets/Dragon TCG v1.1/croped images/green_02.png using Guid(0ebeb81c21e8d4700ab8ccd95f178479) Importer(815301076,1909f56bfc062723c751e8b465ee728b)  -> (artifact id: '43bd9050714878b93a59ffe355abe895') in 0.050149 seconds 
Number of asset objects unloaded after import = 3
========================================================================
Received Import Request.
  Time since last request: 0.000032 seconds.
  path: Assets/Dragon TCG v1.1/croped images/red03.png
  artifactKey: Guid(31235eb4a0eef40448cda09f3e410884) Importer(815301076,1909f56bfc062723c751e8b465ee728b)
Number of updated assets reloaded before import = 0
Start importing Assets/Dragon TCG v1.1/croped images/red03.png using Guid(31235eb4a0eef40448cda09f3e410884) Importer(815301076,1909f56bfc062723c751e8b465ee728b)  -> (artifact id: '8d01ba65b304403eee13d7f99ba78ca4') in 0.063636 seconds 
Number of asset objects unloaded after import = 3
========================================================================
Received Import Request.
  Time since last request: 0.000022 seconds.
  path: Assets/Dragon TCG v1.1/croped images/red02.png
  artifactKey: Guid(d154b5c78dd4c4e918aaec5ebb3064a1) Importer(815301076,1909f56bfc062723c751e8b465ee728b)
Number of updated assets reloaded before import = 0
Start importing Assets/Dragon TCG v1.1/croped images/red02.png using Guid(d154b5c78dd4c4e918aaec5ebb3064a1) Importer(815301076,1909f56bfc062723c751e8b465ee728b)  -> (artifact id: 'd5b81bb5b53f76d87d46e58ca1edf6af') in 0.050379 seconds 
Number of asset objects unloaded after import = 3
Editor requested this worker to shutdown with reason: Scaling down because of idle timeout
TcpMessagingSession - receive error: operation aborted. errorcode: 995, details: The I/O operation has been aborted because of either a thread exit or an application request.
AssetImportWorker is now disconnected from the server
Process exiting
Exiting without the bug reporter. Application will terminate with return code 0