Using pre-set license
Built from '2021.3/staging' branch; Version is '2021.3.9f1 (ad3870b89536) revision 11352176'; Using compiler version '192829333'; Build Type 'Release'
OS: 'Windows 11  (10.0.22621) 64bit Core' Language: 'en' Physical Memory: 32694 MB
BatchMode: 1, IsHumanControllingUs: 0, StartBugReporterOnCrash: 0, Is64bit: 1, IsPro: 1

COMMAND LINE ARGUMENTS:
C:\Program Files\Unity\Hub\Editor\2021.3.9f1\Editor\Unity.exe
-adb2
-batchMode
-noUpm
-name
AssetImportWorker13
-projectPath
C:/Users/cocru/Documents/GitHub/RandomlyGeneratedHexBoard/Tilemap Practice
-logFile
Logs/AssetImportWorker13.log
-srvPort
62094
Successfully changed project path to: C:/Users/cocru/Documents/GitHub/RandomlyGeneratedHexBoard/Tilemap Practice
C:/Users/cocru/Documents/GitHub/RandomlyGeneratedHexBoard/Tilemap Practice
[UnityMemory] Configuration Parameters - Can be set up in boot.config
    "memorysetup-bucket-allocator-granularity=16"
    "memorysetup-bucket-allocator-bucket-count=8"
    "memorysetup-bucket-allocator-block-size=33554432"
    "memorysetup-bucket-allocator-block-count=8"
    "memorysetup-main-allocator-block-size=16777216"
    "memorysetup-thread-allocator-block-size=16777216"
    "memorysetup-gfx-main-allocator-block-size=16777216"
    "memorysetup-gfx-thread-allocator-block-size=16777216"
    "memorysetup-cache-allocator-block-size=4194304"
    "memorysetup-typetree-allocator-block-size=2097152"
    "memorysetup-profiler-bucket-allocator-granularity=16"
    "memorysetup-profiler-bucket-allocator-bucket-count=8"
    "memorysetup-profiler-bucket-allocator-block-size=33554432"
    "memorysetup-profiler-bucket-allocator-block-count=8"
    "memorysetup-profiler-allocator-block-size=16777216"
    "memorysetup-profiler-editor-allocator-block-size=1048576"
    "memorysetup-temp-allocator-size-main=16777216"
    "memorysetup-job-temp-allocator-block-size=2097152"
    "memorysetup-job-temp-allocator-block-size-background=1048576"
    "memorysetup-job-temp-allocator-reduction-small-platforms=262144"
    "memorysetup-temp-allocator-size-background-worker=32768"
    "memorysetup-temp-allocator-size-job-worker=262144"
    "memorysetup-temp-allocator-size-preload-manager=33554432"
    "memorysetup-temp-allocator-size-nav-mesh-worker=65536"
    "memorysetup-temp-allocator-size-audio-worker=65536"
    "memorysetup-temp-allocator-size-cloud-worker=32768"
    "memorysetup-temp-allocator-size-gi-baking-worker=262144"
    "memorysetup-temp-allocator-size-gfx=262144"
Refreshing native plugins compatible for Editor in 132.53 ms, found 2 plugins.
Preloading 0 native plugins for Editor in 0.00 ms.
Initialize engine version: 2021.3.9f1 (ad3870b89536)
[Subsystems] Discovering subsystems at path C:/Program Files/Unity/Hub/Editor/2021.3.9f1/Editor/Data/Resources/UnitySubsystems
[Subsystems] Discovering subsystems at path C:/Users/cocru/Documents/GitHub/RandomlyGeneratedHexBoard/Tilemap Practice/Assets
GfxDevice: creating device client; threaded=0; jobified=0
Direct3D:
    Version:  Direct3D 11.0 [level 11.1]
    Renderer: NVIDIA GeForce RTX 3080 Ti (ID=0x2208)
    Vendor:   NVIDIA
    VRAM:     12108 MB
    Driver:   31.0.15.1694
Initialize mono
Mono path[0] = 'C:/Program Files/Unity/Hub/Editor/2021.3.9f1/Editor/Data/Managed'
Mono path[1] = 'C:/Program Files/Unity/Hub/Editor/2021.3.9f1/Editor/Data/MonoBleedingEdge/lib/mono/unityjit-win32'
Mono config path = 'C:/Program Files/Unity/Hub/Editor/2021.3.9f1/Editor/Data/MonoBleedingEdge/etc'
Using monoOptions --debugger-agent=transport=dt_socket,embedding=1,server=y,suspend=n,address=127.0.0.1:56864
Begin MonoManager ReloadAssembly
Registering precompiled unity dll's ...
Register platform support module: C:/Program Files/Unity/Hub/Editor/2021.3.9f1/Editor/Data/PlaybackEngines/AndroidPlayer/UnityEditor.Android.Extensions.dll
Register platform support module: C:/Program Files/Unity/Hub/Editor/2021.3.9f1/Editor/Data/PlaybackEngines/WindowsStandaloneSupport/UnityEditor.WindowsStandalone.Extensions.dll
Registered in 0.006140 seconds.
Native extension for WindowsStandalone target not found
Native extension for Android target not found
Refreshing native plugins compatible for Editor in 116.61 ms, found 2 plugins.
Preloading 0 native plugins for Editor in 0.00 ms.
Mono: successfully reloaded assembly
- Completed reload, in  0.637 seconds
Domain Reload Profiling:
	ReloadAssembly (638ms)
		BeginReloadAssembly (75ms)
			ExecutionOrderSort (0ms)
			DisableScriptedObjects (0ms)
			BackupInstance (0ms)
			ReleaseScriptingObjects (0ms)
			CreateAndSetChildDomain (1ms)
		EndReloadAssembly (463ms)
			LoadAssemblies (74ms)
			RebuildTransferFunctionScriptingTraits (0ms)
			SetupTypeCache (111ms)
			ReleaseScriptCaches (0ms)
			RebuildScriptCaches (22ms)
			SetupLoadedEditorAssemblies (287ms)
				LogAssemblyErrors (0ms)
				InitializePlatformSupportModulesInManaged (48ms)
				SetLoadedEditorAssemblies (0ms)
				RefreshPlugins (117ms)
				BeforeProcessingInitializeOnLoad (1ms)
				ProcessInitializeOnLoadAttributes (84ms)
				ProcessInitializeOnLoadMethodAttributes (37ms)
				AfterProcessingInitializeOnLoad (0ms)
				EditorAssembliesLoaded (0ms)
			ExecutionOrderSort2 (0ms)
			AwakeInstancesAfterBackupRestoration (0ms)
Platform modules already initialized, skipping
Registering precompiled user dll's ...
Registered in 0.006834 seconds.
Begin MonoManager ReloadAssembly
Symbol file LoadedFromMemory doesn't match image C:\Users\cocru\Documents\GitHub\RandomlyGeneratedHexBoard\Tilemap Practice\Library\PackageCache\com.unity.visualscripting@1.7.8\Editor\VisualScripting.Core\Dependencies\YamlDotNet\Unity.VisualScripting.YamlDotNet.dll
Symbol file LoadedFromMemory doesn't match image C:\Users\cocru\Documents\GitHub\RandomlyGeneratedHexBoard\Tilemap Practice\Library\PackageCache\com.unity.visualscripting@1.7.8\Editor\VisualScripting.Core\Dependencies\DotNetZip\Unity.VisualScripting.IonicZip.dll
Native extension for WindowsStandalone target not found
Native extension for Android target not found
Refreshing native plugins compatible for Editor in 129.58 ms, found 2 plugins.
Preloading 0 native plugins for Editor in 0.00 ms.
Mono: successfully reloaded assembly
- Completed reload, in  1.252 seconds
Domain Reload Profiling:
	ReloadAssembly (1253ms)
		BeginReloadAssembly (193ms)
			ExecutionOrderSort (0ms)
			DisableScriptedObjects (5ms)
			BackupInstance (0ms)
			ReleaseScriptingObjects (0ms)
			CreateAndSetChildDomain (120ms)
		EndReloadAssembly (958ms)
			LoadAssemblies (73ms)
			RebuildTransferFunctionScriptingTraits (0ms)
			SetupTypeCache (202ms)
			ReleaseScriptCaches (1ms)
			RebuildScriptCaches (49ms)
			SetupLoadedEditorAssemblies (584ms)
				LogAssemblyErrors (0ms)
				InitializePlatformSupportModulesInManaged (11ms)
				SetLoadedEditorAssemblies (0ms)
				RefreshPlugins (130ms)
				BeforeProcessingInitializeOnLoad (140ms)
				ProcessInitializeOnLoadAttributes (249ms)
				ProcessInitializeOnLoadMethodAttributes (46ms)
				AfterProcessingInitializeOnLoad (8ms)
				EditorAssembliesLoaded (0ms)
			ExecutionOrderSort2 (0ms)
			AwakeInstancesAfterBackupRestoration (5ms)
Platform modules already initialized, skipping
========================================================================
Worker process is ready to serve import requests
Launched and connected shader compiler UnityShaderCompiler.exe after 0.04 seconds
Refreshing native plugins compatible for Editor in 1.06 ms, found 2 plugins.
Preloading 0 native plugins for Editor in 0.00 ms.
Unloading 4944 Unused Serialized files (Serialized files now loaded: 0)
Unloading 37 unused Assets / (56.1 KB). Loaded Objects now: 5411.
Memory consumption went from 184.3 MB to 184.2 MB.
Total: 3.266900 ms (FindLiveObjects: 0.361300 ms CreateObjectMapping: 0.139700 ms MarkObjects: 2.683300 ms  DeleteObjects: 0.081800 ms)

AssetImportParameters requested are different than current active one (requested -> active):
  custom:video-decoder-ogg-theora: a1e56fd34408186e4bbccfd4996cb3dc -> 
  custom:container-muxer-webm: aa71ff27fc2769a1b78a27578f13a17b -> 
  custom:container-demuxer-webm: 4f35f7cbe854078d1ac9338744f61a02 -> 
  custom:video-encoder-webm-vp8: eb34c28f22e8b96e1ab97ce403110664 -> 
  custom:audio-encoder-webm-vorbis: bf7c407c2cedff20999df2af8eb42d56 -> 
  custom:framework-win-MediaFoundation: 216162199b28c13a410421893ffa2e32 -> 
  custom:container-demuxer-ogg: 62fdf1f143b41e24485cea50d1cbac27 -> 
  custom:video-decoder-webm-vp8: 9c59270c3fd7afecdb556c50c9e8de78 -> 
  custom:audio-decoder-ogg-vorbis: bf7c407c2cedff20999df2af8eb42d56 -> 
========================================================================
Received Import Request.
  Time since last request: 210333.714183 seconds.
  path: Assets/Prefabs/Cards/Dissolve.prefab
  artifactKey: Guid(74925e6ecbf343841b0307779dc3021c) Importer(815301076,1909f56bfc062723c751e8b465ee728b)
Start importing Assets/Prefabs/Cards/Dissolve.prefab using Guid(74925e6ecbf343841b0307779dc3021c) Importer(815301076,1909f56bfc062723c751e8b465ee728b)  -> (artifact id: 'baef48752cefa3fe454c59c27038ec6c') in 0.203163 seconds 
========================================================================
Received Import Request.
  Time since last request: 3.071198 seconds.
  path: Assets/Prefabs/Cards/Dissolve.prefab
  artifactKey: Guid(74925e6ecbf343841b0307779dc3021c) Importer(815301076,1909f56bfc062723c751e8b465ee728b)
Start importing Assets/Prefabs/Cards/Dissolve.prefab using Guid(74925e6ecbf343841b0307779dc3021c) Importer(815301076,1909f56bfc062723c751e8b465ee728b)  -> (artifact id: '7b1c6f315f55d75f152bac79e022e52b') in 0.052532 seconds 
========================================================================
Received Import Request.
  Time since last request: 0.000025 seconds.
  path: Assets/Prefabs/Cards/MeteorShower.prefab
  artifactKey: Guid(5b89c2ae167118447ae9dc50def990d7) Importer(815301076,1909f56bfc062723c751e8b465ee728b)
Start importing Assets/Prefabs/Cards/MeteorShower.prefab using Guid(5b89c2ae167118447ae9dc50def990d7) Importer(815301076,1909f56bfc062723c751e8b465ee728b)  -> (artifact id: '3962dad5211e8f93e40799b581727b76') in 0.066451 seconds 
========================================================================
Received Import Request.
  Time since last request: 7.965578 seconds.
  path: Assets/Prefabs/Cards/Dissolve.prefab
  artifactKey: Guid(74925e6ecbf343841b0307779dc3021c) Importer(815301076,1909f56bfc062723c751e8b465ee728b)
Start importing Assets/Prefabs/Cards/Dissolve.prefab using Guid(74925e6ecbf343841b0307779dc3021c) Importer(815301076,1909f56bfc062723c751e8b465ee728b)  -> (artifact id: 'fd4ebb9342a17813b28155b37d2ef33d') in 0.075825 seconds 
========================================================================
Received Import Request.
  Time since last request: 0.000026 seconds.
  path: Assets/Prefabs/Cards/Overcommited Cleric.prefab
  artifactKey: Guid(45ee776fa49641948979e1ea3356dcfd) Importer(815301076,1909f56bfc062723c751e8b465ee728b)
Start importing Assets/Prefabs/Cards/Overcommited Cleric.prefab using Guid(45ee776fa49641948979e1ea3356dcfd) Importer(815301076,1909f56bfc062723c751e8b465ee728b)  -> (artifact id: 'a619784192043e1a4bd1d683638323d7') in 0.063532 seconds 
========================================================================
Received Import Request.
  Time since last request: 5.132012 seconds.
  path: Assets/Prefabs/Cards/Dissolve.prefab
  artifactKey: Guid(74925e6ecbf343841b0307779dc3021c) Importer(815301076,1909f56bfc062723c751e8b465ee728b)
Start importing Assets/Prefabs/Cards/Dissolve.prefab using Guid(74925e6ecbf343841b0307779dc3021c) Importer(815301076,1909f56bfc062723c751e8b465ee728b)  -> (artifact id: '00e07102b51f3ea24ec778a18649b369') in 0.063836 seconds 
========================================================================
Received Import Request.
  Time since last request: 0.000016 seconds.
  path: Assets/Prefabs/Cards/MeteorShower.prefab
  artifactKey: Guid(5b89c2ae167118447ae9dc50def990d7) Importer(815301076,1909f56bfc062723c751e8b465ee728b)
Start importing Assets/Prefabs/Cards/MeteorShower.prefab using Guid(5b89c2ae167118447ae9dc50def990d7) Importer(815301076,1909f56bfc062723c751e8b465ee728b)  -> (artifact id: '2ae0d215b6b8cc60eaf1615602efe452') in 0.053860 seconds 
========================================================================
Received Import Request.
  Time since last request: 4.655422 seconds.
  path: Assets/Prefabs/Cards/Dissolve.prefab
  artifactKey: Guid(74925e6ecbf343841b0307779dc3021c) Importer(815301076,1909f56bfc062723c751e8b465ee728b)
Start importing Assets/Prefabs/Cards/Dissolve.prefab using Guid(74925e6ecbf343841b0307779dc3021c) Importer(815301076,1909f56bfc062723c751e8b465ee728b)  -> (artifact id: '6e0ed33e1534bcbac767a81c1bf61f91') in 0.045010 seconds 
========================================================================
Received Import Request.
  Time since last request: 0.000017 seconds.
  path: Assets/Prefabs/Cards/HiredAssassin.prefab
  artifactKey: Guid(47020441a673f9042ad04542f6d74166) Importer(815301076,1909f56bfc062723c751e8b465ee728b)
Start importing Assets/Prefabs/Cards/HiredAssassin.prefab using Guid(47020441a673f9042ad04542f6d74166) Importer(815301076,1909f56bfc062723c751e8b465ee728b)  -> (artifact id: '5fd650a37e42eb7dd1c4dbbb660b6e29') in 0.061569 seconds 
========================================================================
Received Import Request.
  Time since last request: 5.130042 seconds.
  path: Assets/Prefabs/Cards/Dissolve.prefab
  artifactKey: Guid(74925e6ecbf343841b0307779dc3021c) Importer(815301076,1909f56bfc062723c751e8b465ee728b)
Start importing Assets/Prefabs/Cards/Dissolve.prefab using Guid(74925e6ecbf343841b0307779dc3021c) Importer(815301076,1909f56bfc062723c751e8b465ee728b)  -> (artifact id: '930b74d77cb8ad0e63ac2a99728c51ca') in 0.085831 seconds 
========================================================================
Received Import Request.
  Time since last request: 0.000019 seconds.
  path: Assets/Prefabs/Cards/Overcommited Cleric.prefab
  artifactKey: Guid(45ee776fa49641948979e1ea3356dcfd) Importer(815301076,1909f56bfc062723c751e8b465ee728b)
Start importing Assets/Prefabs/Cards/Overcommited Cleric.prefab using Guid(45ee776fa49641948979e1ea3356dcfd) Importer(815301076,1909f56bfc062723c751e8b465ee728b)  -> (artifact id: '889425468605c993875f843eb83ab461') in 0.047382 seconds 
========================================================================
Received Import Request.
  Time since last request: 0.000029 seconds.
  path: Assets/Prefabs/Cards/Keywords.prefab
  artifactKey: Guid(744e86d2ce7a2634b91be9280002a843) Importer(815301076,1909f56bfc062723c751e8b465ee728b)
Start importing Assets/Prefabs/Cards/Keywords.prefab using Guid(744e86d2ce7a2634b91be9280002a843) Importer(815301076,1909f56bfc062723c751e8b465ee728b)  -> (artifact id: '72508a136b607c78fca30ed005d8bd6b') in 0.006163 seconds 
========================================================================
Received Import Request.
  Time since last request: 2.005286 seconds.
  path: Assets/Prefabs/Cards/Dissolve.prefab
  artifactKey: Guid(74925e6ecbf343841b0307779dc3021c) Importer(815301076,1909f56bfc062723c751e8b465ee728b)
Start importing Assets/Prefabs/Cards/Dissolve.prefab using Guid(74925e6ecbf343841b0307779dc3021c) Importer(815301076,1909f56bfc062723c751e8b465ee728b)  -> (artifact id: '6005a00cfc511450fef7583f3e757426') in 0.047274 seconds 
========================================================================
Received Import Request.
  Time since last request: 0.000034 seconds.
  path: Assets/Prefabs/Cards/HiredAssassin.prefab
  artifactKey: Guid(47020441a673f9042ad04542f6d74166) Importer(815301076,1909f56bfc062723c751e8b465ee728b)
Start importing Assets/Prefabs/Cards/HiredAssassin.prefab using Guid(47020441a673f9042ad04542f6d74166) Importer(815301076,1909f56bfc062723c751e8b465ee728b)  -> (artifact id: 'c2d38aa61247b5ca7df9080727aa960e') in 0.055154 seconds 
========================================================================
Received Import Request.
  Time since last request: 15.048567 seconds.
  path: Assets/Prefabs/Cards/Dissolve.prefab
  artifactKey: Guid(74925e6ecbf343841b0307779dc3021c) Importer(815301076,1909f56bfc062723c751e8b465ee728b)
Start importing Assets/Prefabs/Cards/Dissolve.prefab using Guid(74925e6ecbf343841b0307779dc3021c) Importer(815301076,1909f56bfc062723c751e8b465ee728b)  -> (artifact id: '03887c9c0e6ee99bdcc80be83cc237ab') in 0.057597 seconds 
========================================================================
Received Import Request.
  Time since last request: 0.000029 seconds.
  path: Assets/Prefabs/Cards/Overcommited Cleric.prefab
  artifactKey: Guid(45ee776fa49641948979e1ea3356dcfd) Importer(815301076,1909f56bfc062723c751e8b465ee728b)
Start importing Assets/Prefabs/Cards/Overcommited Cleric.prefab using Guid(45ee776fa49641948979e1ea3356dcfd) Importer(815301076,1909f56bfc062723c751e8b465ee728b)  -> (artifact id: '251ae4f7388723298a251091ef66e714') in 0.063380 seconds 
========================================================================
Received Import Request.
  Time since last request: 0.000034 seconds.
  path: Assets/Prefabs/Cards/Raziel.prefab
  artifactKey: Guid(385e4dc85ccef4249b19c086c2e9f803) Importer(815301076,1909f56bfc062723c751e8b465ee728b)
Start importing Assets/Prefabs/Cards/Raziel.prefab using Guid(385e4dc85ccef4249b19c086c2e9f803) Importer(815301076,1909f56bfc062723c751e8b465ee728b)  -> (artifact id: '8309a80ff73315d240b0edf0cfa4e44f') in 0.044587 seconds 
========================================================================
Received Import Request.
  Time since last request: 1.589774 seconds.
  path: Assets/Prefabs/Cards/Dissolve.prefab
  artifactKey: Guid(74925e6ecbf343841b0307779dc3021c) Importer(815301076,1909f56bfc062723c751e8b465ee728b)
Start importing Assets/Prefabs/Cards/Dissolve.prefab using Guid(74925e6ecbf343841b0307779dc3021c) Importer(815301076,1909f56bfc062723c751e8b465ee728b)  -> (artifact id: 'bb1ba01579aa92f3ae91d756ffffee99') in 0.055647 seconds 
========================================================================
Received Import Request.
  Time since last request: 0.000018 seconds.
  path: Assets/Prefabs/Cards/MeteorShower.prefab
  artifactKey: Guid(5b89c2ae167118447ae9dc50def990d7) Importer(815301076,1909f56bfc062723c751e8b465ee728b)
Start importing Assets/Prefabs/Cards/MeteorShower.prefab using Guid(5b89c2ae167118447ae9dc50def990d7) Importer(815301076,1909f56bfc062723c751e8b465ee728b)  -> (artifact id: '159a3398da8c4738df3a05d87b451226') in 0.051808 seconds 
========================================================================
Received Import Request.
  Time since last request: 2.747740 seconds.
  path: Assets/Prefabs/Cards/Dissolve.prefab
  artifactKey: Guid(74925e6ecbf343841b0307779dc3021c) Importer(815301076,1909f56bfc062723c751e8b465ee728b)
Start importing Assets/Prefabs/Cards/Dissolve.prefab using Guid(74925e6ecbf343841b0307779dc3021c) Importer(815301076,1909f56bfc062723c751e8b465ee728b)  -> (artifact id: '6cabfee0ba2417ad5f761d60798acb76') in 0.073513 seconds 
========================================================================
Received Import Request.
  Time since last request: 0.000022 seconds.
  path: Assets/Prefabs/Cards/Overcommited Cleric.prefab
  artifactKey: Guid(45ee776fa49641948979e1ea3356dcfd) Importer(815301076,1909f56bfc062723c751e8b465ee728b)
Start importing Assets/Prefabs/Cards/Overcommited Cleric.prefab using Guid(45ee776fa49641948979e1ea3356dcfd) Importer(815301076,1909f56bfc062723c751e8b465ee728b)  -> (artifact id: '7b8f3823da9c13fc3751e749d3a7d7d6') in 0.045111 seconds 
========================================================================
Received Import Request.
  Time since last request: 0.000024 seconds.
  path: Assets/Prefabs/Cards/Keywords.prefab
  artifactKey: Guid(744e86d2ce7a2634b91be9280002a843) Importer(815301076,1909f56bfc062723c751e8b465ee728b)
Start importing Assets/Prefabs/Cards/Keywords.prefab using Guid(744e86d2ce7a2634b91be9280002a843) Importer(815301076,1909f56bfc062723c751e8b465ee728b)  -> (artifact id: 'bbb715363627e542902413caca1e140d') in 0.006719 seconds 
========================================================================
Received Import Request.
  Time since last request: 1.398807 seconds.
  path: Assets/Prefabs/Cards/Dissolve.prefab
  artifactKey: Guid(74925e6ecbf343841b0307779dc3021c) Importer(815301076,1909f56bfc062723c751e8b465ee728b)
Start importing Assets/Prefabs/Cards/Dissolve.prefab using Guid(74925e6ecbf343841b0307779dc3021c) Importer(815301076,1909f56bfc062723c751e8b465ee728b)  -> (artifact id: '034948845967af01a02297412b605c2c') in 0.045533 seconds 
========================================================================
Received Import Request.
  Time since last request: 0.000019 seconds.
  path: Assets/Prefabs/Cards/HiredAssassin.prefab
  artifactKey: Guid(47020441a673f9042ad04542f6d74166) Importer(815301076,1909f56bfc062723c751e8b465ee728b)
Start importing Assets/Prefabs/Cards/HiredAssassin.prefab using Guid(47020441a673f9042ad04542f6d74166) Importer(815301076,1909f56bfc062723c751e8b465ee728b)  -> (artifact id: 'e5079cd9017ff2a77534dea97202e40c') in 0.049667 seconds 
========================================================================
Received Import Request.
  Time since last request: 0.000027 seconds.
  path: Assets/Prefabs/Cards/Keywords.prefab
  artifactKey: Guid(744e86d2ce7a2634b91be9280002a843) Importer(815301076,1909f56bfc062723c751e8b465ee728b)
Start importing Assets/Prefabs/Cards/Keywords.prefab using Guid(744e86d2ce7a2634b91be9280002a843) Importer(815301076,1909f56bfc062723c751e8b465ee728b)  -> (artifact id: 'abdf8e74a5104a478a019bb8ceac4dd2') in 0.006728 seconds 
========================================================================
Received Import Request.
  Time since last request: 1.719976 seconds.
  path: Assets/Prefabs/Cards/Dissolve.prefab
  artifactKey: Guid(74925e6ecbf343841b0307779dc3021c) Importer(815301076,1909f56bfc062723c751e8b465ee728b)
Start importing Assets/Prefabs/Cards/Dissolve.prefab using Guid(74925e6ecbf343841b0307779dc3021c) Importer(815301076,1909f56bfc062723c751e8b465ee728b)  -> (artifact id: 'd2575b620a03be5380de7169dbbe1193') in 0.047473 seconds 
========================================================================
Received Import Request.
  Time since last request: 0.000024 seconds.
  path: Assets/Prefabs/Cards/MeteorShower.prefab
  artifactKey: Guid(5b89c2ae167118447ae9dc50def990d7) Importer(815301076,1909f56bfc062723c751e8b465ee728b)
Start importing Assets/Prefabs/Cards/MeteorShower.prefab using Guid(5b89c2ae167118447ae9dc50def990d7) Importer(815301076,1909f56bfc062723c751e8b465ee728b)  -> (artifact id: '93d3c3e0b99baa204a182f32d7feb545') in 0.051366 seconds 
========================================================================
Received Import Request.
  Time since last request: 0.000025 seconds.
  path: Assets/Prefabs/Cards/Keywords.prefab
  artifactKey: Guid(744e86d2ce7a2634b91be9280002a843) Importer(815301076,1909f56bfc062723c751e8b465ee728b)
Start importing Assets/Prefabs/Cards/Keywords.prefab using Guid(744e86d2ce7a2634b91be9280002a843) Importer(815301076,1909f56bfc062723c751e8b465ee728b)  -> (artifact id: 'a742af1bf14c6df5a732509f83bdeb40') in 0.006692 seconds 
========================================================================
Received Import Request.
  Time since last request: 6.610123 seconds.
  path: Assets/Prefabs/Cards/Dissolve.prefab
  artifactKey: Guid(74925e6ecbf343841b0307779dc3021c) Importer(815301076,1909f56bfc062723c751e8b465ee728b)
Start importing Assets/Prefabs/Cards/Dissolve.prefab using Guid(74925e6ecbf343841b0307779dc3021c) Importer(815301076,1909f56bfc062723c751e8b465ee728b)  -> (artifact id: 'f14c1c47bc2e271d5945cc896bfadef7') in 0.060683 seconds 
========================================================================
Received Import Request.
  Time since last request: 0.000021 seconds.
  path: Assets/Prefabs/Cards/MeteorShower.prefab
  artifactKey: Guid(5b89c2ae167118447ae9dc50def990d7) Importer(815301076,1909f56bfc062723c751e8b465ee728b)
Start importing Assets/Prefabs/Cards/MeteorShower.prefab using Guid(5b89c2ae167118447ae9dc50def990d7) Importer(815301076,1909f56bfc062723c751e8b465ee728b)  -> (artifact id: '998c1cb139b803aae1a023d91fa0adc8') in 0.053117 seconds 
========================================================================
Received Import Request.
  Time since last request: 0.000030 seconds.
  path: Assets/Prefabs/Cards/Keywords.prefab
  artifactKey: Guid(744e86d2ce7a2634b91be9280002a843) Importer(815301076,1909f56bfc062723c751e8b465ee728b)
Start importing Assets/Prefabs/Cards/Keywords.prefab using Guid(744e86d2ce7a2634b91be9280002a843) Importer(815301076,1909f56bfc062723c751e8b465ee728b)  -> (artifact id: '402074738e698553aaf105e6e25b88a6') in 0.006061 seconds 
========================================================================
Received Import Request.
  Time since last request: 1.188694 seconds.
  path: Assets/Prefabs/Cards/Dissolve.prefab
  artifactKey: Guid(74925e6ecbf343841b0307779dc3021c) Importer(815301076,1909f56bfc062723c751e8b465ee728b)
Start importing Assets/Prefabs/Cards/Dissolve.prefab using Guid(74925e6ecbf343841b0307779dc3021c) Importer(815301076,1909f56bfc062723c751e8b465ee728b)  -> (artifact id: 'c78c4d1af95fd94dabbafc9f5c008b0d') in 0.065455 seconds 
========================================================================
Received Import Request.
  Time since last request: 0.000031 seconds.
  path: Assets/Prefabs/Cards/HiredAssassin.prefab
  artifactKey: Guid(47020441a673f9042ad04542f6d74166) Importer(815301076,1909f56bfc062723c751e8b465ee728b)
Start importing Assets/Prefabs/Cards/HiredAssassin.prefab using Guid(47020441a673f9042ad04542f6d74166) Importer(815301076,1909f56bfc062723c751e8b465ee728b)  -> (artifact id: '102b8227c446611ccf3768500b0d8a70') in 0.064264 seconds 
========================================================================
Received Import Request.
  Time since last request: 8.841577 seconds.
  path: Assets/Prefabs/Cards/Dissolve.prefab
  artifactKey: Guid(74925e6ecbf343841b0307779dc3021c) Importer(815301076,1909f56bfc062723c751e8b465ee728b)
Start importing Assets/Prefabs/Cards/Dissolve.prefab using Guid(74925e6ecbf343841b0307779dc3021c) Importer(815301076,1909f56bfc062723c751e8b465ee728b)  -> (artifact id: '1702a11039225d87f67859fbcc5f35d5') in 0.069675 seconds 
========================================================================
Received Import Request.
  Time since last request: 0.000018 seconds.
  path: Assets/Prefabs/Cards/Overcommited Cleric.prefab
  artifactKey: Guid(45ee776fa49641948979e1ea3356dcfd) Importer(815301076,1909f56bfc062723c751e8b465ee728b)
Start importing Assets/Prefabs/Cards/Overcommited Cleric.prefab using Guid(45ee776fa49641948979e1ea3356dcfd) Importer(815301076,1909f56bfc062723c751e8b465ee728b)  -> (artifact id: '9af2b692cec78d75e06b47de772ac362') in 0.067948 seconds 
========================================================================
Received Import Request.
  Time since last request: 11.721078 seconds.
  path: Assets/Prefabs/Cards/Dissolve.prefab
  artifactKey: Guid(74925e6ecbf343841b0307779dc3021c) Importer(815301076,1909f56bfc062723c751e8b465ee728b)
Start importing Assets/Prefabs/Cards/Dissolve.prefab using Guid(74925e6ecbf343841b0307779dc3021c) Importer(815301076,1909f56bfc062723c751e8b465ee728b)  -> (artifact id: 'f8e33d1a9a7ab988dd5981378d1344c6') in 0.056186 seconds 
========================================================================
Received Import Request.
  Time since last request: 0.000031 seconds.
  path: Assets/Prefabs/Cards/HiredAssassin.prefab
  artifactKey: Guid(47020441a673f9042ad04542f6d74166) Importer(815301076,1909f56bfc062723c751e8b465ee728b)
Start importing Assets/Prefabs/Cards/HiredAssassin.prefab using Guid(47020441a673f9042ad04542f6d74166) Importer(815301076,1909f56bfc062723c751e8b465ee728b)  -> (artifact id: '2dfe408ce4b5c02d26998a5648001fc9') in 0.059066 seconds 
========================================================================
Received Import Request.
  Time since last request: 0.000023 seconds.
  path: Assets/Prefabs/Cards/Keywords.prefab
  artifactKey: Guid(744e86d2ce7a2634b91be9280002a843) Importer(815301076,1909f56bfc062723c751e8b465ee728b)
Start importing Assets/Prefabs/Cards/Keywords.prefab using Guid(744e86d2ce7a2634b91be9280002a843) Importer(815301076,1909f56bfc062723c751e8b465ee728b)  -> (artifact id: '83b35921a45ef53c49e98473fd2ee063') in 0.006675 seconds 
========================================================================
Received Import Request.
  Time since last request: 4.811537 seconds.
  path: Assets/Prefabs/Cards/Dissolve.prefab
  artifactKey: Guid(74925e6ecbf343841b0307779dc3021c) Importer(815301076,1909f56bfc062723c751e8b465ee728b)
Start importing Assets/Prefabs/Cards/Dissolve.prefab using Guid(74925e6ecbf343841b0307779dc3021c) Importer(815301076,1909f56bfc062723c751e8b465ee728b)  -> (artifact id: 'b5bd587cbafd5b00c544d5fef351b01b') in 0.042754 seconds 
========================================================================
Received Import Request.
  Time since last request: 0.000016 seconds.
  path: Assets/Prefabs/Cards/HiredAssassin.prefab
  artifactKey: Guid(47020441a673f9042ad04542f6d74166) Importer(815301076,1909f56bfc062723c751e8b465ee728b)
Start importing Assets/Prefabs/Cards/HiredAssassin.prefab using Guid(47020441a673f9042ad04542f6d74166) Importer(815301076,1909f56bfc062723c751e8b465ee728b)  -> (artifact id: 'a83a292543e11353888ae14b7dc368f5') in 0.056109 seconds 
========================================================================
Received Import Request.
  Time since last request: 0.000026 seconds.
  path: Assets/Prefabs/Cards/Raziel.prefab
  artifactKey: Guid(385e4dc85ccef4249b19c086c2e9f803) Importer(815301076,1909f56bfc062723c751e8b465ee728b)
Start importing Assets/Prefabs/Cards/Raziel.prefab using Guid(385e4dc85ccef4249b19c086c2e9f803) Importer(815301076,1909f56bfc062723c751e8b465ee728b)  -> (artifact id: 'c39bc7f90fc0c870305aaf8798154b94') in 0.042837 seconds 
========================================================================
Received Import Request.
  Time since last request: 7.391945 seconds.
  path: Assets/Prefabs/Cards/Dissolve.prefab
  artifactKey: Guid(74925e6ecbf343841b0307779dc3021c) Importer(815301076,1909f56bfc062723c751e8b465ee728b)
Start importing Assets/Prefabs/Cards/Dissolve.prefab using Guid(74925e6ecbf343841b0307779dc3021c) Importer(815301076,1909f56bfc062723c751e8b465ee728b)  -> (artifact id: 'd49be95bfe0a3037ca961953d0b858f1') in 0.063196 seconds 
========================================================================
Received Import Request.
  Time since last request: 0.234366 seconds.
  path: Assets/Prefabs/Cards/Dissolve.prefab
  artifactKey: Guid(74925e6ecbf343841b0307779dc3021c) Importer(815301076,1909f56bfc062723c751e8b465ee728b)
Start importing Assets/Prefabs/Cards/Dissolve.prefab using Guid(74925e6ecbf343841b0307779dc3021c) Importer(815301076,1909f56bfc062723c751e8b465ee728b)  -> (artifact id: 'ad094dd625f220b098842a92629ac869') in 0.082371 seconds 
========================================================================
Received Import Request.
  Time since last request: 0.000020 seconds.
  path: Assets/Prefabs/Cards/MeteorShower.prefab
  artifactKey: Guid(5b89c2ae167118447ae9dc50def990d7) Importer(815301076,1909f56bfc062723c751e8b465ee728b)
Start importing Assets/Prefabs/Cards/MeteorShower.prefab using Guid(5b89c2ae167118447ae9dc50def990d7) Importer(815301076,1909f56bfc062723c751e8b465ee728b)  -> (artifact id: 'bb6d6068c44d4ff43d2521845c111e78') in 0.068472 seconds 
========================================================================
Received Import Request.
  Time since last request: 4.451228 seconds.
  path: Assets/Prefabs/Cards/Dissolve.prefab
  artifactKey: Guid(74925e6ecbf343841b0307779dc3021c) Importer(815301076,1909f56bfc062723c751e8b465ee728b)
Start importing Assets/Prefabs/Cards/Dissolve.prefab using Guid(74925e6ecbf343841b0307779dc3021c) Importer(815301076,1909f56bfc062723c751e8b465ee728b)  -> (artifact id: '42b277139d98c6b8cf8ed5df610011ec') in 0.053958 seconds 
========================================================================
Received Import Request.
  Time since last request: 0.000026 seconds.
  path: Assets/Prefabs/Cards/MeteorShower.prefab
  artifactKey: Guid(5b89c2ae167118447ae9dc50def990d7) Importer(815301076,1909f56bfc062723c751e8b465ee728b)
Start importing Assets/Prefabs/Cards/MeteorShower.prefab using Guid(5b89c2ae167118447ae9dc50def990d7) Importer(815301076,1909f56bfc062723c751e8b465ee728b)  -> (artifact id: '7f50bd4e9f236be71b5dc6b807012bf2') in 0.059364 seconds 
========================================================================
Received Import Request.
  Time since last request: 5.031229 seconds.
  path: Assets/Prefabs/Cards/Dissolve.prefab
  artifactKey: Guid(74925e6ecbf343841b0307779dc3021c) Importer(815301076,1909f56bfc062723c751e8b465ee728b)
Start importing Assets/Prefabs/Cards/Dissolve.prefab using Guid(74925e6ecbf343841b0307779dc3021c) Importer(815301076,1909f56bfc062723c751e8b465ee728b)  -> (artifact id: '544296685abec50b7cda2b2dc9cf59c4') in 0.071212 seconds 
========================================================================
Received Import Request.
  Time since last request: 0.000023 seconds.
  path: Assets/Prefabs/Cards/Overcommited Cleric.prefab
  artifactKey: Guid(45ee776fa49641948979e1ea3356dcfd) Importer(815301076,1909f56bfc062723c751e8b465ee728b)
Start importing Assets/Prefabs/Cards/Overcommited Cleric.prefab using Guid(45ee776fa49641948979e1ea3356dcfd) Importer(815301076,1909f56bfc062723c751e8b465ee728b)  -> (artifact id: '631cf79fe61e1a221ee4ec974cb43f8a') in 0.046266 seconds 
========================================================================
Received Import Request.
  Time since last request: 0.000027 seconds.
  path: Assets/Prefabs/Cards/Raziel.prefab
  artifactKey: Guid(385e4dc85ccef4249b19c086c2e9f803) Importer(815301076,1909f56bfc062723c751e8b465ee728b)
Start importing Assets/Prefabs/Cards/Raziel.prefab using Guid(385e4dc85ccef4249b19c086c2e9f803) Importer(815301076,1909f56bfc062723c751e8b465ee728b)  -> (artifact id: '2eccc081a1a90f17bf53a18979bd63cd') in 0.052433 seconds 
========================================================================
Received Import Request.
  Time since last request: 11.982816 seconds.
  path: Assets/Prefabs/Cards/Dissolve.prefab
  artifactKey: Guid(74925e6ecbf343841b0307779dc3021c) Importer(815301076,1909f56bfc062723c751e8b465ee728b)
Start importing Assets/Prefabs/Cards/Dissolve.prefab using Guid(74925e6ecbf343841b0307779dc3021c) Importer(815301076,1909f56bfc062723c751e8b465ee728b)  -> (artifact id: '732c6420abb8cdb342403ab0a9c3a9e0') in 0.053399 seconds 
========================================================================
Received Import Request.
  Time since last request: 0.000021 seconds.
  path: Assets/Prefabs/Cards/HiredAssassin.prefab
  artifactKey: Guid(47020441a673f9042ad04542f6d74166) Importer(815301076,1909f56bfc062723c751e8b465ee728b)
Start importing Assets/Prefabs/Cards/HiredAssassin.prefab using Guid(47020441a673f9042ad04542f6d74166) Importer(815301076,1909f56bfc062723c751e8b465ee728b)  -> (artifact id: 'e62814729eb3ba82d6dbda13a196f5b5') in 0.057046 seconds 
========================================================================
Received Import Request.
  Time since last request: 0.000030 seconds.
  path: Assets/Prefabs/Cards/Keywords.prefab
  artifactKey: Guid(744e86d2ce7a2634b91be9280002a843) Importer(815301076,1909f56bfc062723c751e8b465ee728b)
Start importing Assets/Prefabs/Cards/Keywords.prefab using Guid(744e86d2ce7a2634b91be9280002a843) Importer(815301076,1909f56bfc062723c751e8b465ee728b)  -> (artifact id: 'e02bed5ff36425786d3c4e038ec56002') in 0.007093 seconds 
========================================================================
Received Import Request.
  Time since last request: 0.963657 seconds.
  path: Assets/Prefabs/Cards/Dissolve.prefab
  artifactKey: Guid(74925e6ecbf343841b0307779dc3021c) Importer(815301076,1909f56bfc062723c751e8b465ee728b)
Start importing Assets/Prefabs/Cards/Dissolve.prefab using Guid(74925e6ecbf343841b0307779dc3021c) Importer(815301076,1909f56bfc062723c751e8b465ee728b)  -> (artifact id: '58698e1957262054c16be02e95ece769') in 0.067176 seconds 
========================================================================
Received Import Request.
  Time since last request: 0.000027 seconds.
  path: Assets/Prefabs/Cards/HiredAssassin.prefab
  artifactKey: Guid(47020441a673f9042ad04542f6d74166) Importer(815301076,1909f56bfc062723c751e8b465ee728b)
Start importing Assets/Prefabs/Cards/HiredAssassin.prefab using Guid(47020441a673f9042ad04542f6d74166) Importer(815301076,1909f56bfc062723c751e8b465ee728b)  -> (artifact id: 'e83b06f02b0665f56d9357c7e8bc0546') in 0.066271 seconds 
========================================================================
Received Import Request.
  Time since last request: 4.364562 seconds.
  path: Assets/Prefabs/Cards/Dissolve.prefab
  artifactKey: Guid(74925e6ecbf343841b0307779dc3021c) Importer(815301076,1909f56bfc062723c751e8b465ee728b)
Start importing Assets/Prefabs/Cards/Dissolve.prefab using Guid(74925e6ecbf343841b0307779dc3021c) Importer(815301076,1909f56bfc062723c751e8b465ee728b)  -> (artifact id: 'a321d4190ec5f767f8fed59f930282d7') in 0.047615 seconds 
========================================================================
Received Import Request.
  Time since last request: 0.000022 seconds.
  path: Assets/Prefabs/Cards/HiredAssassin.prefab
  artifactKey: Guid(47020441a673f9042ad04542f6d74166) Importer(815301076,1909f56bfc062723c751e8b465ee728b)
Start importing Assets/Prefabs/Cards/HiredAssassin.prefab using Guid(47020441a673f9042ad04542f6d74166) Importer(815301076,1909f56bfc062723c751e8b465ee728b)  -> (artifact id: '9aef9a99196d498b53be97c5583864f0') in 0.049669 seconds 
========================================================================
Received Import Request.
  Time since last request: 0.000027 seconds.
  path: Assets/Prefabs/Cards/Keywords.prefab
  artifactKey: Guid(744e86d2ce7a2634b91be9280002a843) Importer(815301076,1909f56bfc062723c751e8b465ee728b)
Start importing Assets/Prefabs/Cards/Keywords.prefab using Guid(744e86d2ce7a2634b91be9280002a843) Importer(815301076,1909f56bfc062723c751e8b465ee728b)  -> (artifact id: '95385556d79a6e72b129b4e97b6dc0c6') in 0.006142 seconds 
========================================================================
Received Import Request.
  Time since last request: 6.399556 seconds.
  path: Assets/Prefabs/Cards/Dissolve.prefab
  artifactKey: Guid(74925e6ecbf343841b0307779dc3021c) Importer(815301076,1909f56bfc062723c751e8b465ee728b)
Start importing Assets/Prefabs/Cards/Dissolve.prefab using Guid(74925e6ecbf343841b0307779dc3021c) Importer(815301076,1909f56bfc062723c751e8b465ee728b)  -> (artifact id: 'f51e9f258acc382f35d2604a26eebe32') in 0.050188 seconds 
========================================================================
Received Import Request.
  Time since last request: 0.000025 seconds.
  path: Assets/Prefabs/Cards/HiredAssassin.prefab
  artifactKey: Guid(47020441a673f9042ad04542f6d74166) Importer(815301076,1909f56bfc062723c751e8b465ee728b)
Start importing Assets/Prefabs/Cards/HiredAssassin.prefab using Guid(47020441a673f9042ad04542f6d74166) Importer(815301076,1909f56bfc062723c751e8b465ee728b)  -> (artifact id: '2ad6a050cfbb774fe5c3c472d6d9ce7c') in 0.050314 seconds 
========================================================================
Received Import Request.
  Time since last request: 0.000028 seconds.
  path: Assets/Prefabs/Cards/Raziel.prefab
  artifactKey: Guid(385e4dc85ccef4249b19c086c2e9f803) Importer(815301076,1909f56bfc062723c751e8b465ee728b)
Start importing Assets/Prefabs/Cards/Raziel.prefab using Guid(385e4dc85ccef4249b19c086c2e9f803) Importer(815301076,1909f56bfc062723c751e8b465ee728b)  -> (artifact id: '4cdfc3c29f56773cc355fc665fcfc805') in 0.044943 seconds 
========================================================================
Received Import Request.
  Time since last request: 7.386758 seconds.
  path: Assets/Prefabs/Cards/Dissolve.prefab
  artifactKey: Guid(74925e6ecbf343841b0307779dc3021c) Importer(815301076,1909f56bfc062723c751e8b465ee728b)
Start importing Assets/Prefabs/Cards/Dissolve.prefab using Guid(74925e6ecbf343841b0307779dc3021c) Importer(815301076,1909f56bfc062723c751e8b465ee728b)  -> (artifact id: '02639952d804c0c31141b94baf6f09bb') in 0.070661 seconds 
========================================================================
Received Import Request.
  Time since last request: 0.000021 seconds.
  path: Assets/Prefabs/Cards/MeteorShower.prefab
  artifactKey: Guid(5b89c2ae167118447ae9dc50def990d7) Importer(815301076,1909f56bfc062723c751e8b465ee728b)
Start importing Assets/Prefabs/Cards/MeteorShower.prefab using Guid(5b89c2ae167118447ae9dc50def990d7) Importer(815301076,1909f56bfc062723c751e8b465ee728b)  -> (artifact id: 'e06ba6263daf54b0067a5d1d694c6271') in 0.059561 seconds 
========================================================================
Received Import Request.
  Time since last request: 0.000026 seconds.
  path: Assets/Prefabs/Cards/Keywords.prefab
  artifactKey: Guid(744e86d2ce7a2634b91be9280002a843) Importer(815301076,1909f56bfc062723c751e8b465ee728b)
Start importing Assets/Prefabs/Cards/Keywords.prefab using Guid(744e86d2ce7a2634b91be9280002a843) Importer(815301076,1909f56bfc062723c751e8b465ee728b)  -> (artifact id: '707535d5a01737a81034537277bc0dd4') in 0.006164 seconds 
========================================================================
Received Import Request.
  Time since last request: 0.730216 seconds.
  path: Assets/Prefabs/Cards/Dissolve.prefab
  artifactKey: Guid(74925e6ecbf343841b0307779dc3021c) Importer(815301076,1909f56bfc062723c751e8b465ee728b)
Start importing Assets/Prefabs/Cards/Dissolve.prefab using Guid(74925e6ecbf343841b0307779dc3021c) Importer(815301076,1909f56bfc062723c751e8b465ee728b)  -> (artifact id: '35fadd20361846b327ee974a87b88f3a') in 0.063823 seconds 
========================================================================
Received Import Request.
  Time since last request: 0.000020 seconds.
  path: Assets/Prefabs/Cards/HiredAssassin.prefab
  artifactKey: Guid(47020441a673f9042ad04542f6d74166) Importer(815301076,1909f56bfc062723c751e8b465ee728b)
Start importing Assets/Prefabs/Cards/HiredAssassin.prefab using Guid(47020441a673f9042ad04542f6d74166) Importer(815301076,1909f56bfc062723c751e8b465ee728b)  -> (artifact id: '8aab234efb854402cbd5e0ada39055bd') in 0.078487 seconds 
========================================================================
Received Import Request.
  Time since last request: 0.344533 seconds.
  path: Assets/Prefabs/Cards/Dissolve.prefab
  artifactKey: Guid(74925e6ecbf343841b0307779dc3021c) Importer(815301076,1909f56bfc062723c751e8b465ee728b)
Start importing Assets/Prefabs/Cards/Dissolve.prefab using Guid(74925e6ecbf343841b0307779dc3021c) Importer(815301076,1909f56bfc062723c751e8b465ee728b)  -> (artifact id: 'a9abcd794e370d5bf96b0e216c659daa') in 0.048371 seconds 
========================================================================
Received Import Request.
  Time since last request: 0.000018 seconds.
  path: Assets/Prefabs/Cards/HiredAssassin.prefab
  artifactKey: Guid(47020441a673f9042ad04542f6d74166) Importer(815301076,1909f56bfc062723c751e8b465ee728b)
Start importing Assets/Prefabs/Cards/HiredAssassin.prefab using Guid(47020441a673f9042ad04542f6d74166) Importer(815301076,1909f56bfc062723c751e8b465ee728b)  -> (artifact id: 'cc0238c568d7f435e1bc5e43f6b75387') in 0.002158 seconds 
========================================================================
Received Import Request.
  Time since last request: 0.246505 seconds.
  path: Assets/Prefabs/Cards/Dissolve.prefab
  artifactKey: Guid(74925e6ecbf343841b0307779dc3021c) Importer(815301076,1909f56bfc062723c751e8b465ee728b)
Start importing Assets/Prefabs/Cards/Dissolve.prefab using Guid(74925e6ecbf343841b0307779dc3021c) Importer(815301076,1909f56bfc062723c751e8b465ee728b)  -> (artifact id: '13d2d4ff6664bb1585933809b465de25') in 0.051925 seconds 
========================================================================
Received Import Request.
  Time since last request: 0.000031 seconds.
  path: Assets/Prefabs/Cards/MeteorShower.prefab
  artifactKey: Guid(5b89c2ae167118447ae9dc50def990d7) Importer(815301076,1909f56bfc062723c751e8b465ee728b)
Start importing Assets/Prefabs/Cards/MeteorShower.prefab using Guid(5b89c2ae167118447ae9dc50def990d7) Importer(815301076,1909f56bfc062723c751e8b465ee728b)  -> (artifact id: '7ea573b69cc747444c5b7a6be5bf70c5') in 0.002125 seconds 
========================================================================
Received Import Request.
  Time since last request: 0.268978 seconds.
  path: Assets/Prefabs/Cards/Dissolve.prefab
  artifactKey: Guid(74925e6ecbf343841b0307779dc3021c) Importer(815301076,1909f56bfc062723c751e8b465ee728b)
Start importing Assets/Prefabs/Cards/Dissolve.prefab using Guid(74925e6ecbf343841b0307779dc3021c) Importer(815301076,1909f56bfc062723c751e8b465ee728b)  -> (artifact id: '5d61717345747c4dc31a9f32c2fc7552') in 0.047418 seconds 
========================================================================
Received Import Request.
  Time since last request: 0.000047 seconds.
  path: Assets/Prefabs/Cards/HiredAssassin.prefab
  artifactKey: Guid(47020441a673f9042ad04542f6d74166) Importer(815301076,1909f56bfc062723c751e8b465ee728b)
Start importing Assets/Prefabs/Cards/HiredAssassin.prefab using Guid(47020441a673f9042ad04542f6d74166) Importer(815301076,1909f56bfc062723c751e8b465ee728b)  -> (artifact id: 'b420132bf191ec3f3e2345c6a8a1680c') in 0.063788 seconds 
========================================================================
Received Import Request.
  Time since last request: 0.000024 seconds.
  path: Assets/Prefabs/Cards/Keywords.prefab
  artifactKey: Guid(744e86d2ce7a2634b91be9280002a843) Importer(815301076,1909f56bfc062723c751e8b465ee728b)
Start importing Assets/Prefabs/Cards/Keywords.prefab using Guid(744e86d2ce7a2634b91be9280002a843) Importer(815301076,1909f56bfc062723c751e8b465ee728b)  -> (artifact id: 'c1b770cbb35be73a12edf3d669fd6ed2') in 0.006221 seconds 
========================================================================
Received Import Request.
  Time since last request: 8.023947 seconds.
  path: Assets/Prefabs/Cards/Dissolve.prefab
  artifactKey: Guid(74925e6ecbf343841b0307779dc3021c) Importer(815301076,1909f56bfc062723c751e8b465ee728b)
Start importing Assets/Prefabs/Cards/Dissolve.prefab using Guid(74925e6ecbf343841b0307779dc3021c) Importer(815301076,1909f56bfc062723c751e8b465ee728b)  -> (artifact id: 'd0cd32f2de247899625823135dae0232') in 0.067428 seconds 
========================================================================
Received Import Request.
  Time since last request: 0.000021 seconds.
  path: Assets/Prefabs/Cards/HiredAssassin.prefab
  artifactKey: Guid(47020441a673f9042ad04542f6d74166) Importer(815301076,1909f56bfc062723c751e8b465ee728b)
Start importing Assets/Prefabs/Cards/HiredAssassin.prefab using Guid(47020441a673f9042ad04542f6d74166) Importer(815301076,1909f56bfc062723c751e8b465ee728b)  -> (artifact id: 'b580cdd40c9738238b972a7008d1775f') in 0.055356 seconds 
========================================================================
Received Import Request.
  Time since last request: 0.000023 seconds.
  path: Assets/Prefabs/Cards/Raziel.prefab
  artifactKey: Guid(385e4dc85ccef4249b19c086c2e9f803) Importer(815301076,1909f56bfc062723c751e8b465ee728b)
Start importing Assets/Prefabs/Cards/Raziel.prefab using Guid(385e4dc85ccef4249b19c086c2e9f803) Importer(815301076,1909f56bfc062723c751e8b465ee728b)  -> (artifact id: 'd9b94ffc5fae82c980af00617568d613') in 0.043042 seconds 
========================================================================
Received Import Request.
  Time since last request: 159.342138 seconds.
  path: Assets/500_skillicons/BonusIcons/neutral_skills/venom.png
  artifactKey: Guid(1a6cf42461ca6b643844bc156247332f) Importer(815301076,1909f56bfc062723c751e8b465ee728b)
Start importing Assets/500_skillicons/BonusIcons/neutral_skills/venom.png using Guid(1a6cf42461ca6b643844bc156247332f) Importer(815301076,1909f56bfc062723c751e8b465ee728b)  -> (artifact id: '260a8040ee5cde0d2fbc4a2106c5bd2c') in 0.048067 seconds 
========================================================================
Received Import Request.
  Time since last request: 0.000031 seconds.
  path: Assets/500_skillicons/BonusIcons/neutral_skills/shadowbolt.png
  artifactKey: Guid(cb0db1cb396bec346be5f77b0d4e89e2) Importer(815301076,1909f56bfc062723c751e8b465ee728b)
Start importing Assets/500_skillicons/BonusIcons/neutral_skills/shadowbolt.png using Guid(cb0db1cb396bec346be5f77b0d4e89e2) Importer(815301076,1909f56bfc062723c751e8b465ee728b)  -> (artifact id: 'de2bf76bc61fb66003b06cb86aca040d') in 0.035567 seconds 
========================================================================
Received Import Request.
  Time since last request: 0.000019 seconds.
  path: Assets/500_skillicons/BonusIcons/10newicons/Standart/Update_10.png
  artifactKey: Guid(b8bb32659a0118947a7b55f0e6b63383) Importer(815301076,1909f56bfc062723c751e8b465ee728b)
Start importing Assets/500_skillicons/BonusIcons/10newicons/Standart/Update_10.png using Guid(b8bb32659a0118947a7b55f0e6b63383) Importer(815301076,1909f56bfc062723c751e8b465ee728b)  -> (artifact id: 'a5f282dda7e3fdebb71da4b7bb57b31d') in 0.037048 seconds 
========================================================================
Received Import Request.
  Time since last request: 0.000021 seconds.
  path: Assets/500_skillicons/BonusIcons/10newicons/Standart/Update_07.png
  artifactKey: Guid(216cbee84f9812847b246401ad9ec0d3) Importer(815301076,1909f56bfc062723c751e8b465ee728b)
Start importing Assets/500_skillicons/BonusIcons/10newicons/Standart/Update_07.png using Guid(216cbee84f9812847b246401ad9ec0d3) Importer(815301076,1909f56bfc062723c751e8b465ee728b)  -> (artifact id: '279b08d40c6541a9aa102d733b59fe2f') in 0.028443 seconds 
========================================================================
Received Import Request.
  Time since last request: 0.000040 seconds.
  path: Assets/500_skillicons/BonusIcons/10newicons/Standart/Update_06.png
  artifactKey: Guid(448590a477fd3f84d96494c508436feb) Importer(815301076,1909f56bfc062723c751e8b465ee728b)
Start importing Assets/500_skillicons/BonusIcons/10newicons/Standart/Update_06.png using Guid(448590a477fd3f84d96494c508436feb) Importer(815301076,1909f56bfc062723c751e8b465ee728b)  -> (artifact id: 'daf99a94495c8ed8cab93c433fe15c4e') in 0.025862 seconds 
========================================================================
Received Import Request.
  Time since last request: 0.053381 seconds.
  path: Assets/500_skillicons/BonusIcons/neutral_skills/magic_runes.png
  artifactKey: Guid(1c4b0d5470088e64f84b6a6d7061ca58) Importer(815301076,1909f56bfc062723c751e8b465ee728b)
Start importing Assets/500_skillicons/BonusIcons/neutral_skills/magic_runes.png using Guid(1c4b0d5470088e64f84b6a6d7061ca58) Importer(815301076,1909f56bfc062723c751e8b465ee728b)  -> (artifact id: '578be62ac49db78bbe1a4ffb1e426ca7') in 0.021122 seconds 
========================================================================
Received Import Request.
  Time since last request: 0.000019 seconds.
  path: Assets/500_skillicons/BonusIcons/neutral_nobg/mind_control_nobg.png
  artifactKey: Guid(11d9f79d0e562f34dad553c1bb16bba1) Importer(815301076,1909f56bfc062723c751e8b465ee728b)
Start importing Assets/500_skillicons/BonusIcons/neutral_nobg/mind_control_nobg.png using Guid(11d9f79d0e562f34dad553c1bb16bba1) Importer(815301076,1909f56bfc062723c751e8b465ee728b)  -> (artifact id: 'd5c171209fae70a884f17276d8e0b37c') in 0.028602 seconds 
========================================================================
Received Import Request.
  Time since last request: 0.378232 seconds.
  path: Assets/500_skillicons/BonusIcons/neutral_skills/kick.png
  artifactKey: Guid(889096820535b0f48acdff308771b1b5) Importer(815301076,1909f56bfc062723c751e8b465ee728b)
Start importing Assets/500_skillicons/BonusIcons/neutral_skills/kick.png using Guid(889096820535b0f48acdff308771b1b5) Importer(815301076,1909f56bfc062723c751e8b465ee728b)  -> (artifact id: '6daf0f646b83d5bc65cb670b1a3dd69b') in 0.021738 seconds 
========================================================================
Received Import Request.
  Time since last request: 0.017856 seconds.
  path: Assets/500_skillicons/BonusIcons/neutral_skills/horns.png
  artifactKey: Guid(65dbed6685cff864db94e7653b2ac6a9) Importer(815301076,1909f56bfc062723c751e8b465ee728b)
Start importing Assets/500_skillicons/BonusIcons/neutral_skills/horns.png using Guid(65dbed6685cff864db94e7653b2ac6a9) Importer(815301076,1909f56bfc062723c751e8b465ee728b)  -> (artifact id: '64428e65325985411dbe2bbc864a20c4') in 0.021631 seconds 
========================================================================
Received Import Request.
  Time since last request: 0.158118 seconds.
  path: Assets/500_skillicons/BonusIcons/neutral_skills/hit.png
  artifactKey: Guid(3e815d13e6cdcab4f9218c64c2795fce) Importer(815301076,1909f56bfc062723c751e8b465ee728b)
Start importing Assets/500_skillicons/BonusIcons/neutral_skills/hit.png using Guid(3e815d13e6cdcab4f9218c64c2795fce) Importer(815301076,1909f56bfc062723c751e8b465ee728b)  -> (artifact id: '5007ebe77b49353ec97be5320a4982bc') in 0.019979 seconds 
========================================================================
Received Import Request.
  Time since last request: 0.102258 seconds.
  path: Assets/500_skillicons/BonusIcons/neutral_skills/fish_speed.png
  artifactKey: Guid(2265ff0a9c9c01546a74eaca95e2e478) Importer(815301076,1909f56bfc062723c751e8b465ee728b)
Start importing Assets/500_skillicons/BonusIcons/neutral_skills/fish_speed.png using Guid(2265ff0a9c9c01546a74eaca95e2e478) Importer(815301076,1909f56bfc062723c751e8b465ee728b)  -> (artifact id: 'e5c9f37db827b59aef345e933b202be2') in 0.022875 seconds 
========================================================================
Received Import Request.
  Time since last request: 0.058794 seconds.
  path: Assets/500_skillicons/BonusIcons/neutral_skills/fell_skin.png
  artifactKey: Guid(fe55506f7e3376640b28ef8e1c9b55b7) Importer(815301076,1909f56bfc062723c751e8b465ee728b)
Start importing Assets/500_skillicons/BonusIcons/neutral_skills/fell_skin.png using Guid(fe55506f7e3376640b28ef8e1c9b55b7) Importer(815301076,1909f56bfc062723c751e8b465ee728b)  -> (artifact id: '7b67e9fe83bc4b2465fa81efbd8145c5') in 0.021577 seconds 
========================================================================
Received Prepare
Registering precompiled user dll's ...
Registered in 0.009568 seconds.
Begin MonoManager ReloadAssembly
Symbol file LoadedFromMemory doesn't match image C:\Users\cocru\Documents\GitHub\RandomlyGeneratedHexBoard\Tilemap Practice\Library\PackageCache\com.unity.visualscripting@1.7.8\Editor\VisualScripting.Core\Dependencies\YamlDotNet\Unity.VisualScripting.YamlDotNet.dll
Symbol file LoadedFromMemory doesn't match image C:\Users\cocru\Documents\GitHub\RandomlyGeneratedHexBoard\Tilemap Practice\Library\PackageCache\com.unity.visualscripting@1.7.8\Editor\VisualScripting.Core\Dependencies\DotNetZip\Unity.VisualScripting.IonicZip.dll
Native extension for WindowsStandalone target not found
Native extension for Android target not found
Refreshing native plugins compatible for Editor in 1.15 ms, found 2 plugins.
Preloading 0 native plugins for Editor in 0.00 ms.
Mono: successfully reloaded assembly
- Completed reload, in  1.009 seconds
Domain Reload Profiling:
	ReloadAssembly (1009ms)
		BeginReloadAssembly (128ms)
			ExecutionOrderSort (0ms)
			DisableScriptedObjects (7ms)
			BackupInstance (0ms)
			ReleaseScriptingObjects (0ms)
			CreateAndSetChildDomain (37ms)
		EndReloadAssembly (784ms)
			LoadAssemblies (94ms)
			RebuildTransferFunctionScriptingTraits (0ms)
			SetupTypeCache (240ms)
			ReleaseScriptCaches (1ms)
			RebuildScriptCaches (49ms)
			SetupLoadedEditorAssemblies (354ms)
				LogAssemblyErrors (0ms)
				InitializePlatformSupportModulesInManaged (24ms)
				SetLoadedEditorAssemblies (1ms)
				RefreshPlugins (1ms)
				BeforeProcessingInitializeOnLoad (120ms)
				ProcessInitializeOnLoadAttributes (166ms)
				ProcessInitializeOnLoadMethodAttributes (35ms)
				AfterProcessingInitializeOnLoad (6ms)
				EditorAssembliesLoaded (0ms)
			ExecutionOrderSort2 (0ms)
			AwakeInstancesAfterBackupRestoration (6ms)
Platform modules already initialized, skipping
Refreshing native plugins compatible for Editor in 2.64 ms, found 2 plugins.
Preloading 0 native plugins for Editor in 0.00 ms.
Unloading 4920 Unused Serialized files (Serialized files now loaded: 0)
Unloading 28 unused Assets / (26.4 KB). Loaded Objects now: 5426.
Memory consumption went from 187.2 MB to 187.1 MB.
Total: 3.490600 ms (FindLiveObjects: 0.537600 ms CreateObjectMapping: 0.141800 ms MarkObjects: 2.722700 ms  DeleteObjects: 0.087400 ms)

AssetImportParameters requested are different than current active one (requested -> active):
  custom:video-decoder-ogg-theora: a1e56fd34408186e4bbccfd4996cb3dc -> 
  custom:container-muxer-webm: aa71ff27fc2769a1b78a27578f13a17b -> 
  custom:container-demuxer-webm: 4f35f7cbe854078d1ac9338744f61a02 -> 
  custom:video-encoder-webm-vp8: eb34c28f22e8b96e1ab97ce403110664 -> 
  custom:audio-encoder-webm-vorbis: bf7c407c2cedff20999df2af8eb42d56 -> 
  custom:framework-win-MediaFoundation: 216162199b28c13a410421893ffa2e32 -> 
  custom:container-demuxer-ogg: 62fdf1f143b41e24485cea50d1cbac27 -> 
  custom:video-decoder-webm-vp8: 9c59270c3fd7afecdb556c50c9e8de78 -> 
  custom:audio-decoder-ogg-vorbis: bf7c407c2cedff20999df2af8eb42d56 -> 
Editor requested this worker to shutdown with reason: Scaling down because of idle timeout
AssetImportWorker is now disconnected from the server
Process exiting
Exiting without the bug reporter. Application will terminate with return code 0