Using pre-set license
Built from '2021.3/staging' branch; Version is '2021.3.9f1 (ad3870b89536) revision 11352176'; Using compiler version '192829333'; Build Type 'Release'
OS: 'Windows 11  (10.0.22621) 64bit Core' Language: 'en' Physical Memory: 32694 MB
BatchMode: 1, IsHumanControllingUs: 0, StartBugReporterOnCrash: 0, Is64bit: 1, IsPro: 1

COMMAND LINE ARGUMENTS:
C:\Program Files\Unity\Hub\Editor\2021.3.9f1\Editor\Unity.exe
-adb2
-batchMode
-noUpm
-name
AssetImportWorker1
-projectPath
C:/Users/cocru/Documents/GitHub/RandomlyGeneratedHexBoard/Tilemap Practice
-logFile
Logs/AssetImportWorker1.log
-srvPort
62094
Successfully changed project path to: C:/Users/cocru/Documents/GitHub/RandomlyGeneratedHexBoard/Tilemap Practice
C:/Users/cocru/Documents/GitHub/RandomlyGeneratedHexBoard/Tilemap Practice
[UnityMemory] Configuration Parameters - Can be set up in boot.config
    "memorysetup-bucket-allocator-granularity=16"
    "memorysetup-bucket-allocator-bucket-count=8"
    "memorysetup-bucket-allocator-block-size=33554432"
    "memorysetup-bucket-allocator-block-count=8"
    "memorysetup-main-allocator-block-size=16777216"
    "memorysetup-thread-allocator-block-size=16777216"
    "memorysetup-gfx-main-allocator-block-size=16777216"
    "memorysetup-gfx-thread-allocator-block-size=16777216"
    "memorysetup-cache-allocator-block-size=4194304"
    "memorysetup-typetree-allocator-block-size=2097152"
    "memorysetup-profiler-bucket-allocator-granularity=16"
    "memorysetup-profiler-bucket-allocator-bucket-count=8"
    "memorysetup-profiler-bucket-allocator-block-size=33554432"
    "memorysetup-profiler-bucket-allocator-block-count=8"
    "memorysetup-profiler-allocator-block-size=16777216"
    "memorysetup-profiler-editor-allocator-block-size=1048576"
    "memorysetup-temp-allocator-size-main=16777216"
    "memorysetup-job-temp-allocator-block-size=2097152"
    "memorysetup-job-temp-allocator-block-size-background=1048576"
    "memorysetup-job-temp-allocator-reduction-small-platforms=262144"
    "memorysetup-temp-allocator-size-background-worker=32768"
    "memorysetup-temp-allocator-size-job-worker=262144"
    "memorysetup-temp-allocator-size-preload-manager=33554432"
    "memorysetup-temp-allocator-size-nav-mesh-worker=65536"
    "memorysetup-temp-allocator-size-audio-worker=65536"
    "memorysetup-temp-allocator-size-cloud-worker=32768"
    "memorysetup-temp-allocator-size-gi-baking-worker=262144"
    "memorysetup-temp-allocator-size-gfx=262144"
Refreshing native plugins compatible for Editor in 132.73 ms, found 2 plugins.
Preloading 0 native plugins for Editor in 0.00 ms.
Initialize engine version: 2021.3.9f1 (ad3870b89536)
[Subsystems] Discovering subsystems at path C:/Program Files/Unity/Hub/Editor/2021.3.9f1/Editor/Data/Resources/UnitySubsystems
[Subsystems] Discovering subsystems at path C:/Users/cocru/Documents/GitHub/RandomlyGeneratedHexBoard/Tilemap Practice/Assets
GfxDevice: creating device client; threaded=0; jobified=0
Direct3D:
    Version:  Direct3D 11.0 [level 11.1]
    Renderer: NVIDIA GeForce RTX 3080 Ti (ID=0x2208)
    Vendor:   NVIDIA
    VRAM:     12108 MB
    Driver:   31.0.15.1694
Initialize mono
Mono path[0] = 'C:/Program Files/Unity/Hub/Editor/2021.3.9f1/Editor/Data/Managed'
Mono path[1] = 'C:/Program Files/Unity/Hub/Editor/2021.3.9f1/Editor/Data/MonoBleedingEdge/lib/mono/unityjit-win32'
Mono config path = 'C:/Program Files/Unity/Hub/Editor/2021.3.9f1/Editor/Data/MonoBleedingEdge/etc'
Using monoOptions --debugger-agent=transport=dt_socket,embedding=1,server=y,suspend=n,address=127.0.0.1:56164
Begin MonoManager ReloadAssembly
Registering precompiled unity dll's ...
Register platform support module: C:/Program Files/Unity/Hub/Editor/2021.3.9f1/Editor/Data/PlaybackEngines/AndroidPlayer/UnityEditor.Android.Extensions.dll
Register platform support module: C:/Program Files/Unity/Hub/Editor/2021.3.9f1/Editor/Data/PlaybackEngines/WindowsStandaloneSupport/UnityEditor.WindowsStandalone.Extensions.dll
Registered in 0.005273 seconds.
Native extension for WindowsStandalone target not found
Native extension for Android target not found
Refreshing native plugins compatible for Editor in 107.59 ms, found 2 plugins.
Preloading 0 native plugins for Editor in 0.00 ms.
Mono: successfully reloaded assembly
- Completed reload, in  0.630 seconds
Domain Reload Profiling:
	ReloadAssembly (630ms)
		BeginReloadAssembly (73ms)
			ExecutionOrderSort (0ms)
			DisableScriptedObjects (0ms)
			BackupInstance (0ms)
			ReleaseScriptingObjects (0ms)
			CreateAndSetChildDomain (1ms)
		EndReloadAssembly (455ms)
			LoadAssemblies (72ms)
			RebuildTransferFunctionScriptingTraits (0ms)
			SetupTypeCache (101ms)
			ReleaseScriptCaches (0ms)
			RebuildScriptCaches (25ms)
			SetupLoadedEditorAssemblies (284ms)
				LogAssemblyErrors (0ms)
				InitializePlatformSupportModulesInManaged (48ms)
				SetLoadedEditorAssemblies (0ms)
				RefreshPlugins (108ms)
				BeforeProcessingInitializeOnLoad (1ms)
				ProcessInitializeOnLoadAttributes (88ms)
				ProcessInitializeOnLoadMethodAttributes (39ms)
				AfterProcessingInitializeOnLoad (0ms)
				EditorAssembliesLoaded (0ms)
			ExecutionOrderSort2 (0ms)
			AwakeInstancesAfterBackupRestoration (0ms)
Platform modules already initialized, skipping
Registering precompiled user dll's ...
Registered in 0.007949 seconds.
Begin MonoManager ReloadAssembly
Symbol file LoadedFromMemory doesn't match image C:\Users\cocru\Documents\GitHub\RandomlyGeneratedHexBoard\Tilemap Practice\Library\PackageCache\com.unity.visualscripting@1.7.8\Editor\VisualScripting.Core\Dependencies\YamlDotNet\Unity.VisualScripting.YamlDotNet.dll
Symbol file LoadedFromMemory doesn't match image C:\Users\cocru\Documents\GitHub\RandomlyGeneratedHexBoard\Tilemap Practice\Library\PackageCache\com.unity.visualscripting@1.7.8\Editor\VisualScripting.Core\Dependencies\DotNetZip\Unity.VisualScripting.IonicZip.dll
Native extension for WindowsStandalone target not found
Native extension for Android target not found
Refreshing native plugins compatible for Editor in 104.83 ms, found 2 plugins.
Preloading 0 native plugins for Editor in 0.00 ms.
Mono: successfully reloaded assembly
- Completed reload, in  1.262 seconds
Domain Reload Profiling:
	ReloadAssembly (1262ms)
		BeginReloadAssembly (199ms)
			ExecutionOrderSort (0ms)
			DisableScriptedObjects (4ms)
			BackupInstance (0ms)
			ReleaseScriptingObjects (0ms)
			CreateAndSetChildDomain (128ms)
		EndReloadAssembly (958ms)
			LoadAssemblies (83ms)
			RebuildTransferFunctionScriptingTraits (0ms)
			SetupTypeCache (245ms)
			ReleaseScriptCaches (2ms)
			RebuildScriptCaches (57ms)
			SetupLoadedEditorAssemblies (510ms)
				LogAssemblyErrors (0ms)
				InitializePlatformSupportModulesInManaged (12ms)
				SetLoadedEditorAssemblies (0ms)
				RefreshPlugins (105ms)
				BeforeProcessingInitializeOnLoad (126ms)
				ProcessInitializeOnLoadAttributes (220ms)
				ProcessInitializeOnLoadMethodAttributes (42ms)
				AfterProcessingInitializeOnLoad (6ms)
				EditorAssembliesLoaded (0ms)
			ExecutionOrderSort2 (0ms)
			AwakeInstancesAfterBackupRestoration (4ms)
Platform modules already initialized, skipping
========================================================================
Worker process is ready to serve import requests
Launched and connected shader compiler UnityShaderCompiler.exe after 0.05 seconds
Refreshing native plugins compatible for Editor in 1.22 ms, found 2 plugins.
Preloading 0 native plugins for Editor in 0.00 ms.
Unloading 4944 Unused Serialized files (Serialized files now loaded: 0)
Unloading 37 unused Assets / (56.1 KB). Loaded Objects now: 5411.
Memory consumption went from 184.3 MB to 184.2 MB.
Total: 4.145000 ms (FindLiveObjects: 0.389400 ms CreateObjectMapping: 0.135200 ms MarkObjects: 3.513600 ms  DeleteObjects: 0.105500 ms)

AssetImportParameters requested are different than current active one (requested -> active):
  custom:video-decoder-ogg-theora: a1e56fd34408186e4bbccfd4996cb3dc -> 
  custom:container-muxer-webm: aa71ff27fc2769a1b78a27578f13a17b -> 
  custom:container-demuxer-webm: 4f35f7cbe854078d1ac9338744f61a02 -> 
  custom:video-encoder-webm-vp8: eb34c28f22e8b96e1ab97ce403110664 -> 
  custom:audio-encoder-webm-vorbis: bf7c407c2cedff20999df2af8eb42d56 -> 
  custom:framework-win-MediaFoundation: 216162199b28c13a410421893ffa2e32 -> 
  custom:container-demuxer-ogg: 62fdf1f143b41e24485cea50d1cbac27 -> 
  custom:video-decoder-webm-vp8: 9c59270c3fd7afecdb556c50c9e8de78 -> 
  custom:audio-decoder-ogg-vorbis: bf7c407c2cedff20999df2af8eb42d56 -> 
========================================================================
Received Import Request.
  Time since last request: 207945.893859 seconds.
  path: Assets/Prefabs/Cards/Dissolve.prefab
  artifactKey: Guid(74925e6ecbf343841b0307779dc3021c) Importer(815301076,1909f56bfc062723c751e8b465ee728b)
Start importing Assets/Prefabs/Cards/Dissolve.prefab using Guid(74925e6ecbf343841b0307779dc3021c) Importer(815301076,1909f56bfc062723c751e8b465ee728b)  -> (artifact id: '0b05d470bd05dab18ff9c71ffde5666b') in 0.180990 seconds 
========================================================================
Received Import Request.
  Time since last request: 1022.669956 seconds.
  path: Assets/500_skillicons/Skill_standart/Archerskill_02.png
  artifactKey: Guid(7b9113c3e9a738d46b9566a9456ab0a3) Importer(815301076,1909f56bfc062723c751e8b465ee728b)
Start importing Assets/500_skillicons/Skill_standart/Archerskill_02.png using Guid(7b9113c3e9a738d46b9566a9456ab0a3) Importer(815301076,1909f56bfc062723c751e8b465ee728b)  -> (artifact id: '10ad6cf9ccbcda8929d31a2c901bcc2c') in 0.045150 seconds 
========================================================================
Received Import Request.
  Time since last request: 0.000032 seconds.
  path: Assets/500_skillicons/Skill_standart/Archerskill_13.png
  artifactKey: Guid(cf7ebdb3bf828974787c06c3a250d382) Importer(815301076,1909f56bfc062723c751e8b465ee728b)
Start importing Assets/500_skillicons/Skill_standart/Archerskill_13.png using Guid(cf7ebdb3bf828974787c06c3a250d382) Importer(815301076,1909f56bfc062723c751e8b465ee728b)  -> (artifact id: '65e925a85c8d3f7d59af156ffb4b5af9') in 0.024224 seconds 
========================================================================
Received Import Request.
  Time since last request: 0.000039 seconds.
  path: Assets/500_skillicons/Skill_standart/Archerskill_16.png
  artifactKey: Guid(50efeb8c56014a64495b035dc8eb585e) Importer(815301076,1909f56bfc062723c751e8b465ee728b)
Start importing Assets/500_skillicons/Skill_standart/Archerskill_16.png using Guid(50efeb8c56014a64495b035dc8eb585e) Importer(815301076,1909f56bfc062723c751e8b465ee728b)  -> (artifact id: '3ff962a24effc574aebc050e83ed69f7') in 0.021360 seconds 
========================================================================
Received Import Request.
  Time since last request: 0.000031 seconds.
  path: Assets/500_skillicons/Skill_standart/Archerskill_09.png
  artifactKey: Guid(b98a830caa19b4b4183c2bceb898bbfe) Importer(815301076,1909f56bfc062723c751e8b465ee728b)
Start importing Assets/500_skillicons/Skill_standart/Archerskill_09.png using Guid(b98a830caa19b4b4183c2bceb898bbfe) Importer(815301076,1909f56bfc062723c751e8b465ee728b)  -> (artifact id: '4c3938ccb4bfe0283ba749d156588b99') in 0.022867 seconds 
========================================================================
Received Import Request.
  Time since last request: 0.000021 seconds.
  path: Assets/500_skillicons/Skill_standart/Archerskill_18.png
  artifactKey: Guid(60fa0ea877ae2ec478fd273b6ea4fe1d) Importer(815301076,1909f56bfc062723c751e8b465ee728b)
Start importing Assets/500_skillicons/Skill_standart/Archerskill_18.png using Guid(60fa0ea877ae2ec478fd273b6ea4fe1d) Importer(815301076,1909f56bfc062723c751e8b465ee728b)  -> (artifact id: '58f2d4cdf9567cc95a2d429446201b04') in 0.023321 seconds 
========================================================================
Received Import Request.
  Time since last request: 0.000017 seconds.
  path: Assets/500_skillicons/Skill_standart/Archerskill_11.png
  artifactKey: Guid(7c17126be592e444c89403193ca2a13b) Importer(815301076,1909f56bfc062723c751e8b465ee728b)
Start importing Assets/500_skillicons/Skill_standart/Archerskill_11.png using Guid(7c17126be592e444c89403193ca2a13b) Importer(815301076,1909f56bfc062723c751e8b465ee728b)  -> (artifact id: 'b4beb8c300d9f92debdcca9ad304e393') in 0.022268 seconds 
========================================================================
Received Import Request.
  Time since last request: 0.000023 seconds.
  path: Assets/500_skillicons/Skill_standart/Archerskill_04.png
  artifactKey: Guid(7e1859a20c65e0244b5d0631bc76039b) Importer(815301076,1909f56bfc062723c751e8b465ee728b)
Start importing Assets/500_skillicons/Skill_standart/Archerskill_04.png using Guid(7e1859a20c65e0244b5d0631bc76039b) Importer(815301076,1909f56bfc062723c751e8b465ee728b)  -> (artifact id: '32a553068c60db0bccf9d20d37c8140f') in 0.021900 seconds 
========================================================================
Received Import Request.
  Time since last request: 0.000021 seconds.
  path: Assets/500_skillicons/Skill_standart/Archerskill_08.png
  artifactKey: Guid(bedb1d6e21f44c74fa2f6eded75ce7b9) Importer(815301076,1909f56bfc062723c751e8b465ee728b)
Start importing Assets/500_skillicons/Skill_standart/Archerskill_08.png using Guid(bedb1d6e21f44c74fa2f6eded75ce7b9) Importer(815301076,1909f56bfc062723c751e8b465ee728b)  -> (artifact id: '14c3313037484eebef995c523f0145cf') in 0.023965 seconds 
========================================================================
Received Import Request.
  Time since last request: 0.000023 seconds.
  path: Assets/500_skillicons/Skill_standart/Archerskill_10.png
  artifactKey: Guid(125fda99a2c0f254f9ea720f6d733ace) Importer(815301076,1909f56bfc062723c751e8b465ee728b)
Start importing Assets/500_skillicons/Skill_standart/Archerskill_10.png using Guid(125fda99a2c0f254f9ea720f6d733ace) Importer(815301076,1909f56bfc062723c751e8b465ee728b)  -> (artifact id: '5192b0a7f829a443f92be4d8091fbabb') in 0.020457 seconds 
========================================================================
Received Import Request.
  Time since last request: 0.000027 seconds.
  path: Assets/500_skillicons/Skill_standart/Archerskill_26.png
  artifactKey: Guid(87b278d022d9f694795fb5ee8dc350b3) Importer(815301076,1909f56bfc062723c751e8b465ee728b)
Start importing Assets/500_skillicons/Skill_standart/Archerskill_26.png using Guid(87b278d022d9f694795fb5ee8dc350b3) Importer(815301076,1909f56bfc062723c751e8b465ee728b)  -> (artifact id: 'caedddc65ef36e51ec29fa0b6e9bc265') in 0.022522 seconds 
========================================================================
Received Import Request.
  Time since last request: 0.000026 seconds.
  path: Assets/500_skillicons/Skill_standart/Archerskill_28.png
  artifactKey: Guid(31a440220f1a1064ab8bf9d6701301b5) Importer(815301076,1909f56bfc062723c751e8b465ee728b)
Start importing Assets/500_skillicons/Skill_standart/Archerskill_28.png using Guid(31a440220f1a1064ab8bf9d6701301b5) Importer(815301076,1909f56bfc062723c751e8b465ee728b)  -> (artifact id: '6b9a370ee68160679637e13a1b584395') in 0.023885 seconds 
========================================================================
Received Import Request.
  Time since last request: 0.000029 seconds.
  path: Assets/500_skillicons/Skill_standart/Archerskill_07.png
  artifactKey: Guid(110e14c2d23805f4cbee7472b57b7cf4) Importer(815301076,1909f56bfc062723c751e8b465ee728b)
Start importing Assets/500_skillicons/Skill_standart/Archerskill_07.png using Guid(110e14c2d23805f4cbee7472b57b7cf4) Importer(815301076,1909f56bfc062723c751e8b465ee728b)  -> (artifact id: '2b23d94f87546e512d083313b2eb895c') in 0.022340 seconds 
========================================================================
Received Import Request.
  Time since last request: 0.000023 seconds.
  path: Assets/500_skillicons/Skill_standart/Archerskill_12.png
  artifactKey: Guid(a029fc7e9de73e1498ba9fa5b68279f7) Importer(815301076,1909f56bfc062723c751e8b465ee728b)
Start importing Assets/500_skillicons/Skill_standart/Archerskill_12.png using Guid(a029fc7e9de73e1498ba9fa5b68279f7) Importer(815301076,1909f56bfc062723c751e8b465ee728b)  -> (artifact id: 'a31c3056b745ef5b5508041a8cc2983f') in 0.022687 seconds 
========================================================================
Received Import Request.
  Time since last request: 0.000019 seconds.
  path: Assets/500_skillicons/Skill_standart/Archerskill_05.png
  artifactKey: Guid(550c53e826ba0c54e8c73f09c8916ce7) Importer(815301076,1909f56bfc062723c751e8b465ee728b)
Start importing Assets/500_skillicons/Skill_standart/Archerskill_05.png using Guid(550c53e826ba0c54e8c73f09c8916ce7) Importer(815301076,1909f56bfc062723c751e8b465ee728b)  -> (artifact id: 'ed1db4710c43b0127a7fe9882df7f7b0') in 0.022236 seconds 
========================================================================
Received Import Request.
  Time since last request: 0.000027 seconds.
  path: Assets/500_skillicons/Skill_standart/Archerskill_23.png
  artifactKey: Guid(3234f4f268d9e8344bd35a36d231867c) Importer(815301076,1909f56bfc062723c751e8b465ee728b)
Start importing Assets/500_skillicons/Skill_standart/Archerskill_23.png using Guid(3234f4f268d9e8344bd35a36d231867c) Importer(815301076,1909f56bfc062723c751e8b465ee728b)  -> (artifact id: '4b16f8a6b3626c5d882870ad0b39b3d2') in 0.019578 seconds 
========================================================================
Received Import Request.
  Time since last request: 0.000020 seconds.
  path: Assets/500_skillicons/Skill_standart/Archerskill_14.png
  artifactKey: Guid(4b4e3dc0bc6776e4eb6d3bfa1aa55f7b) Importer(815301076,1909f56bfc062723c751e8b465ee728b)
Start importing Assets/500_skillicons/Skill_standart/Archerskill_14.png using Guid(4b4e3dc0bc6776e4eb6d3bfa1aa55f7b) Importer(815301076,1909f56bfc062723c751e8b465ee728b)  -> (artifact id: '18404e370a42f7e02c3a22180693e95b') in 0.023737 seconds 
========================================================================
Received Import Request.
  Time since last request: 0.598598 seconds.
  path: Assets/500_skillicons/Skill_standart/Archerskill_33.png
  artifactKey: Guid(d0b94be29d874ae4191866d2e90effbd) Importer(815301076,1909f56bfc062723c751e8b465ee728b)
Start importing Assets/500_skillicons/Skill_standart/Archerskill_33.png using Guid(d0b94be29d874ae4191866d2e90effbd) Importer(815301076,1909f56bfc062723c751e8b465ee728b)  -> (artifact id: '840e4a2f899286fbd01877eccdf71c6b') in 0.022076 seconds 
========================================================================
Received Import Request.
  Time since last request: 0.000021 seconds.
  path: Assets/500_skillicons/Skill_standart/Archerskill_37.png
  artifactKey: Guid(44806a810e53cc34fb8fb5625773d32f) Importer(815301076,1909f56bfc062723c751e8b465ee728b)
Start importing Assets/500_skillicons/Skill_standart/Archerskill_37.png using Guid(44806a810e53cc34fb8fb5625773d32f) Importer(815301076,1909f56bfc062723c751e8b465ee728b)  -> (artifact id: '33680d57749b2bed003158c5cd528496') in 0.021727 seconds 
========================================================================
Received Import Request.
  Time since last request: 0.000026 seconds.
  path: Assets/500_skillicons/Skill_standart/Archerskill_36.png
  artifactKey: Guid(21e3d6fc42be16046be8c12f58e803d1) Importer(815301076,1909f56bfc062723c751e8b465ee728b)
Start importing Assets/500_skillicons/Skill_standart/Archerskill_36.png using Guid(21e3d6fc42be16046be8c12f58e803d1) Importer(815301076,1909f56bfc062723c751e8b465ee728b)  -> (artifact id: 'a1fdbd40c838b92511b0176cbc93aeaf') in 0.019069 seconds 
========================================================================
Received Import Request.
  Time since last request: 5.131646 seconds.
  path: Assets/500_skillicons/Skill_standart/Archerskill_40.png
  artifactKey: Guid(8c461b1ce9288dd498883fc0a7c64041) Importer(815301076,1909f56bfc062723c751e8b465ee728b)
Start importing Assets/500_skillicons/Skill_standart/Archerskill_40.png using Guid(8c461b1ce9288dd498883fc0a7c64041) Importer(815301076,1909f56bfc062723c751e8b465ee728b)  -> (artifact id: '23dcfe06cb9a5518d4c5010859be63b8') in 0.026673 seconds 
========================================================================
Received Import Request.
  Time since last request: 0.000029 seconds.
  path: Assets/500_skillicons/Skill_standart/Archerskill_42.png
  artifactKey: Guid(6d8a6ce5aad4a744bb8febc5624e15a5) Importer(815301076,1909f56bfc062723c751e8b465ee728b)
Start importing Assets/500_skillicons/Skill_standart/Archerskill_42.png using Guid(6d8a6ce5aad4a744bb8febc5624e15a5) Importer(815301076,1909f56bfc062723c751e8b465ee728b)  -> (artifact id: 'c95ac3913eeb1ea923fa89719e4642e5') in 0.027859 seconds 
========================================================================
Received Import Request.
  Time since last request: 0.000017 seconds.
  path: Assets/500_skillicons/Skill_standart/Archerskill_47.png
  artifactKey: Guid(183d4ae782a28e14ab580b67ad3c9db8) Importer(815301076,1909f56bfc062723c751e8b465ee728b)
Start importing Assets/500_skillicons/Skill_standart/Archerskill_47.png using Guid(183d4ae782a28e14ab580b67ad3c9db8) Importer(815301076,1909f56bfc062723c751e8b465ee728b)  -> (artifact id: '7845291e4d4250af595ed51931fdb25b') in 0.023572 seconds 
========================================================================
Received Import Request.
  Time since last request: 0.000021 seconds.
  path: Assets/500_skillicons/Skill_standart/Archerskill_46.png
  artifactKey: Guid(524da77acd029b141992be6e9eed396d) Importer(815301076,1909f56bfc062723c751e8b465ee728b)
Start importing Assets/500_skillicons/Skill_standart/Archerskill_46.png using Guid(524da77acd029b141992be6e9eed396d) Importer(815301076,1909f56bfc062723c751e8b465ee728b)  -> (artifact id: 'c53a45a052b451a25314c46cd887125c') in 0.028295 seconds 
========================================================================
Received Import Request.
  Time since last request: 0.000022 seconds.
  path: Assets/500_skillicons/Skill_standart/Assassinskill_02.png
  artifactKey: Guid(516fb9bc6d926114ab9c10cce706b475) Importer(815301076,1909f56bfc062723c751e8b465ee728b)
Start importing Assets/500_skillicons/Skill_standart/Assassinskill_02.png using Guid(516fb9bc6d926114ab9c10cce706b475) Importer(815301076,1909f56bfc062723c751e8b465ee728b)  -> (artifact id: 'dd4ad155a406f96f381d4796285d5d86') in 0.026262 seconds 
========================================================================
Received Import Request.
  Time since last request: 0.000023 seconds.
  path: Assets/500_skillicons/Skill_standart/Archerskill_45.png
  artifactKey: Guid(936840c6817abf44f971119d179cca09) Importer(815301076,1909f56bfc062723c751e8b465ee728b)
Start importing Assets/500_skillicons/Skill_standart/Archerskill_45.png using Guid(936840c6817abf44f971119d179cca09) Importer(815301076,1909f56bfc062723c751e8b465ee728b)  -> (artifact id: 'bc7d73801d250e665f4720dd92a7e808') in 0.023600 seconds 
========================================================================
Received Import Request.
  Time since last request: 0.258358 seconds.
  path: Assets/500_skillicons/Skill_standart/Assassinskill_08.png
  artifactKey: Guid(7632a824cd1c6b34298c401d63a82b5d) Importer(815301076,1909f56bfc062723c751e8b465ee728b)
Start importing Assets/500_skillicons/Skill_standart/Assassinskill_08.png using Guid(7632a824cd1c6b34298c401d63a82b5d) Importer(815301076,1909f56bfc062723c751e8b465ee728b)  -> (artifact id: '5e82ed435c4c34bbc124b353d1eb3a32') in 0.021154 seconds 
========================================================================
Received Import Request.
  Time since last request: 0.000030 seconds.
  path: Assets/500_skillicons/Skill_standart/Assassinskill_10.png
  artifactKey: Guid(70422ab5d5b69cd4390ef33923011e9b) Importer(815301076,1909f56bfc062723c751e8b465ee728b)
Start importing Assets/500_skillicons/Skill_standart/Assassinskill_10.png using Guid(70422ab5d5b69cd4390ef33923011e9b) Importer(815301076,1909f56bfc062723c751e8b465ee728b)  -> (artifact id: '3026bbee4f083f8d03c882feb69995ce') in 0.022664 seconds 
========================================================================
Received Import Request.
  Time since last request: 0.000026 seconds.
  path: Assets/500_skillicons/Skill_standart/Assassinskill_17.png
  artifactKey: Guid(660bae6102a049d478fedf7d44711e9d) Importer(815301076,1909f56bfc062723c751e8b465ee728b)
Start importing Assets/500_skillicons/Skill_standart/Assassinskill_17.png using Guid(660bae6102a049d478fedf7d44711e9d) Importer(815301076,1909f56bfc062723c751e8b465ee728b)  -> (artifact id: 'a935ff6b215364c933427255d58269eb') in 0.025507 seconds 
========================================================================
Received Import Request.
  Time since last request: 0.000024 seconds.
  path: Assets/500_skillicons/Skill_standart/Assassinskill_22.png
  artifactKey: Guid(54cc18572f773ee44adf10a05900f568) Importer(815301076,1909f56bfc062723c751e8b465ee728b)
Start importing Assets/500_skillicons/Skill_standart/Assassinskill_22.png using Guid(54cc18572f773ee44adf10a05900f568) Importer(815301076,1909f56bfc062723c751e8b465ee728b)  -> (artifact id: '1c7c7d0f1b80630378ae0ef662e12137') in 0.021764 seconds 
========================================================================
Received Import Request.
  Time since last request: 0.000028 seconds.
  path: Assets/500_skillicons/Skill_standart/Assassinskill_29.png
  artifactKey: Guid(5020a01ad4c184d4b809c1a88307b482) Importer(815301076,1909f56bfc062723c751e8b465ee728b)
Start importing Assets/500_skillicons/Skill_standart/Assassinskill_29.png using Guid(5020a01ad4c184d4b809c1a88307b482) Importer(815301076,1909f56bfc062723c751e8b465ee728b)  -> (artifact id: '7261f52d4f271044b8cedddb50f984ef') in 0.023114 seconds 
========================================================================
Received Import Request.
  Time since last request: 0.000028 seconds.
  path: Assets/500_skillicons/Skill_standart/Assassinskill_26.png
  artifactKey: Guid(40507134201370e4f83c4ee99900be98) Importer(815301076,1909f56bfc062723c751e8b465ee728b)
Start importing Assets/500_skillicons/Skill_standart/Assassinskill_26.png using Guid(40507134201370e4f83c4ee99900be98) Importer(815301076,1909f56bfc062723c751e8b465ee728b)  -> (artifact id: '14a3ee255903fe34a5c158a0a18e38e3') in 0.022360 seconds 
========================================================================
Received Import Request.
  Time since last request: 0.000037 seconds.
  path: Assets/500_skillicons/Skill_standart/Assassinskill_16.png
  artifactKey: Guid(fe97f873de74381469b041ce407628c2) Importer(815301076,1909f56bfc062723c751e8b465ee728b)
Start importing Assets/500_skillicons/Skill_standart/Assassinskill_16.png using Guid(fe97f873de74381469b041ce407628c2) Importer(815301076,1909f56bfc062723c751e8b465ee728b)  -> (artifact id: 'aa7c83d243ae9e59279432a317129bed') in 0.020808 seconds 
========================================================================
Received Import Request.
  Time since last request: 0.228597 seconds.
  path: Assets/500_skillicons/Skill_standart/Assassinskill_32.png
  artifactKey: Guid(df7324bc3e8f0f44eb4d62b034836806) Importer(815301076,1909f56bfc062723c751e8b465ee728b)
Start importing Assets/500_skillicons/Skill_standart/Assassinskill_32.png using Guid(df7324bc3e8f0f44eb4d62b034836806) Importer(815301076,1909f56bfc062723c751e8b465ee728b)  -> (artifact id: 'd49e71a847632b5771820b5e0e6ba5ee') in 0.023381 seconds 
========================================================================
Received Import Request.
  Time since last request: 0.015308 seconds.
  path: Assets/500_skillicons/Skill_standart/Assassinskill_37.png
  artifactKey: Guid(5e329be6a1c80154e96805af33766b35) Importer(815301076,1909f56bfc062723c751e8b465ee728b)
Start importing Assets/500_skillicons/Skill_standart/Assassinskill_37.png using Guid(5e329be6a1c80154e96805af33766b35) Importer(815301076,1909f56bfc062723c751e8b465ee728b)  -> (artifact id: '8d23481f473ef5baa31fe36a0317bfb8') in 0.020514 seconds 
========================================================================
Received Import Request.
  Time since last request: 0.000025 seconds.
  path: Assets/500_skillicons/Skill_standart/Assassinskill_40.png
  artifactKey: Guid(f66c20694df104748837a5e053635218) Importer(815301076,1909f56bfc062723c751e8b465ee728b)
Start importing Assets/500_skillicons/Skill_standart/Assassinskill_40.png using Guid(f66c20694df104748837a5e053635218) Importer(815301076,1909f56bfc062723c751e8b465ee728b)  -> (artifact id: 'e07c5e663b213ff11980a3a3d16895f5') in 0.025014 seconds 
========================================================================
Received Import Request.
  Time since last request: 0.000025 seconds.
  path: Assets/500_skillicons/Skill_standart/Assassinskill_45.png
  artifactKey: Guid(abd0b44fc0e203d439ab1ae8491d7c64) Importer(815301076,1909f56bfc062723c751e8b465ee728b)
Start importing Assets/500_skillicons/Skill_standart/Assassinskill_45.png using Guid(abd0b44fc0e203d439ab1ae8491d7c64) Importer(815301076,1909f56bfc062723c751e8b465ee728b)  -> (artifact id: 'bae3bcf00ab31f211aa1de3e7d182053') in 0.023407 seconds 
========================================================================
Received Import Request.
  Time since last request: 0.000024 seconds.
  path: Assets/500_skillicons/Skill_standart/Druideskill_03.png
  artifactKey: Guid(96a5337e7ecf458498c7e94487f3c205) Importer(815301076,1909f56bfc062723c751e8b465ee728b)
Start importing Assets/500_skillicons/Skill_standart/Druideskill_03.png using Guid(96a5337e7ecf458498c7e94487f3c205) Importer(815301076,1909f56bfc062723c751e8b465ee728b)  -> (artifact id: 'f7af8030d48aa64ca9b2174ef91deb3c') in 0.025080 seconds 
========================================================================
Received Import Request.
  Time since last request: 0.000025 seconds.
  path: Assets/500_skillicons/Skill_standart/Druideskill_01.png
  artifactKey: Guid(ab27a6d2c2ded944ca1f916ed2e572b8) Importer(815301076,1909f56bfc062723c751e8b465ee728b)
Start importing Assets/500_skillicons/Skill_standart/Druideskill_01.png using Guid(ab27a6d2c2ded944ca1f916ed2e572b8) Importer(815301076,1909f56bfc062723c751e8b465ee728b)  -> (artifact id: 'e30762e7915d4bff78d1a48aa807f98e') in 0.024231 seconds 
========================================================================
Received Import Request.
  Time since last request: 0.300205 seconds.
  path: Assets/500_skillicons/Skill_standart/Druideskill_06.png
  artifactKey: Guid(401607b02e93f734cb9cabbdb7e4be54) Importer(815301076,1909f56bfc062723c751e8b465ee728b)
Start importing Assets/500_skillicons/Skill_standart/Druideskill_06.png using Guid(401607b02e93f734cb9cabbdb7e4be54) Importer(815301076,1909f56bfc062723c751e8b465ee728b)  -> (artifact id: 'e0d70ce2c36bf372a6df41ce6e88b997') in 0.024129 seconds 
========================================================================
Received Import Request.
  Time since last request: 0.000019 seconds.
  path: Assets/500_skillicons/Skill_standart/Druideskill_08.png
  artifactKey: Guid(d3e169a3942715a4b8f785fdfce429f4) Importer(815301076,1909f56bfc062723c751e8b465ee728b)
Start importing Assets/500_skillicons/Skill_standart/Druideskill_08.png using Guid(d3e169a3942715a4b8f785fdfce429f4) Importer(815301076,1909f56bfc062723c751e8b465ee728b)  -> (artifact id: '3d8a929e8b0d0cf4c4b3d52ed8d5f054') in 0.025655 seconds 
========================================================================
Received Import Request.
  Time since last request: 0.000017 seconds.
  path: Assets/500_skillicons/Skill_standart/Druideskill_25.png
  artifactKey: Guid(a2ca74d0feb2dca468174d9436141b06) Importer(815301076,1909f56bfc062723c751e8b465ee728b)
Start importing Assets/500_skillicons/Skill_standart/Druideskill_25.png using Guid(a2ca74d0feb2dca468174d9436141b06) Importer(815301076,1909f56bfc062723c751e8b465ee728b)  -> (artifact id: 'c1868c1b18395be85df12a439c9a44f9') in 0.022783 seconds 
========================================================================
Received Import Request.
  Time since last request: 0.000019 seconds.
  path: Assets/500_skillicons/Skill_standart/Druideskill_22.png
  artifactKey: Guid(28cb68587c575d14c9ad5ec7e334f9ca) Importer(815301076,1909f56bfc062723c751e8b465ee728b)
Start importing Assets/500_skillicons/Skill_standart/Druideskill_22.png using Guid(28cb68587c575d14c9ad5ec7e334f9ca) Importer(815301076,1909f56bfc062723c751e8b465ee728b)  -> (artifact id: '6d378151d21cef182cd85fdce0707f1f') in 0.024192 seconds 
========================================================================
Received Import Request.
  Time since last request: 0.000028 seconds.
  path: Assets/500_skillicons/Skill_standart/Druideskill_10.png
  artifactKey: Guid(d1b2ea4180c29ba4ca38111d358c8086) Importer(815301076,1909f56bfc062723c751e8b465ee728b)
Start importing Assets/500_skillicons/Skill_standart/Druideskill_10.png using Guid(d1b2ea4180c29ba4ca38111d358c8086) Importer(815301076,1909f56bfc062723c751e8b465ee728b)  -> (artifact id: '9728609db9324b2e37711ef08938cfa0') in 0.033929 seconds 
========================================================================
Received Import Request.
  Time since last request: 0.000028 seconds.
  path: Assets/500_skillicons/Skill_standart/Druideskill_12.png
  artifactKey: Guid(102cc2415ee07704e887a1cdca34df17) Importer(815301076,1909f56bfc062723c751e8b465ee728b)
Start importing Assets/500_skillicons/Skill_standart/Druideskill_12.png using Guid(102cc2415ee07704e887a1cdca34df17) Importer(815301076,1909f56bfc062723c751e8b465ee728b)  -> (artifact id: '8e4f630af7f2421bf6b872b0edc2cb8b') in 0.021805 seconds 
========================================================================
Received Import Request.
  Time since last request: 0.168063 seconds.
  path: Assets/500_skillicons/Skill_standart/Druideskill_30.png
  artifactKey: Guid(34c69ea955e61b940b087867e2fedbab) Importer(815301076,1909f56bfc062723c751e8b465ee728b)
Start importing Assets/500_skillicons/Skill_standart/Druideskill_30.png using Guid(34c69ea955e61b940b087867e2fedbab) Importer(815301076,1909f56bfc062723c751e8b465ee728b)  -> (artifact id: '86099dd47c03dfaf164779adf2e46507') in 0.023059 seconds 
========================================================================
Received Import Request.
  Time since last request: 0.000023 seconds.
  path: Assets/500_skillicons/Skill_standart/Druideskill_32.png
  artifactKey: Guid(0d6aa2ef93ac3c94d9d53a1a098769f5) Importer(815301076,1909f56bfc062723c751e8b465ee728b)
Start importing Assets/500_skillicons/Skill_standart/Druideskill_32.png using Guid(0d6aa2ef93ac3c94d9d53a1a098769f5) Importer(815301076,1909f56bfc062723c751e8b465ee728b)  -> (artifact id: 'c743fa3fc2b1605cda6bd8a672013a86') in 0.023582 seconds 
========================================================================
Received Import Request.
  Time since last request: 0.000027 seconds.
  path: Assets/500_skillicons/Skill_standart/Druideskill_34.png
  artifactKey: Guid(6abe113750c164e4687db0e3bfa5a7e5) Importer(815301076,1909f56bfc062723c751e8b465ee728b)
Start importing Assets/500_skillicons/Skill_standart/Druideskill_34.png using Guid(6abe113750c164e4687db0e3bfa5a7e5) Importer(815301076,1909f56bfc062723c751e8b465ee728b)  -> (artifact id: '723c1ecddb7c9a74992d899e7ec9e356') in 0.021545 seconds 
========================================================================
Received Import Request.
  Time since last request: 0.000024 seconds.
  path: Assets/500_skillicons/Skill_standart/Druideskill_48.png
  artifactKey: Guid(ce4eac7bbcef03c499d86325ae8bf4f7) Importer(815301076,1909f56bfc062723c751e8b465ee728b)
Start importing Assets/500_skillicons/Skill_standart/Druideskill_48.png using Guid(ce4eac7bbcef03c499d86325ae8bf4f7) Importer(815301076,1909f56bfc062723c751e8b465ee728b)  -> (artifact id: 'a09ae1cd57a659784de345fd905ac235') in 0.023452 seconds 
========================================================================
Received Import Request.
  Time since last request: 0.000020 seconds.
  path: Assets/500_skillicons/Skill_standart/Druideskill_38.png
  artifactKey: Guid(14f96b253442a0a4da44f472b28fc5ec) Importer(815301076,1909f56bfc062723c751e8b465ee728b)
Start importing Assets/500_skillicons/Skill_standart/Druideskill_38.png using Guid(14f96b253442a0a4da44f472b28fc5ec) Importer(815301076,1909f56bfc062723c751e8b465ee728b)  -> (artifact id: '90fd9b27945c12b8d28defe7d2db3af1') in 0.021820 seconds 
========================================================================
Received Import Request.
  Time since last request: 0.000023 seconds.
  path: Assets/500_skillicons/Skill_standart/Druideskill_50.png
  artifactKey: Guid(982a2348a5de4174892df615213aafb6) Importer(815301076,1909f56bfc062723c751e8b465ee728b)
Start importing Assets/500_skillicons/Skill_standart/Druideskill_50.png using Guid(982a2348a5de4174892df615213aafb6) Importer(815301076,1909f56bfc062723c751e8b465ee728b)  -> (artifact id: 'e9d011d7abcf5ac21124fd0905c48c43') in 0.024520 seconds 
========================================================================
Received Import Request.
  Time since last request: 1.181487 seconds.
  path: Assets/500_skillicons/Skill_nobg/Archerskill_03_nobg.png
  artifactKey: Guid(4c1fbd69942cb2a499b12795f7ffea21) Importer(815301076,1909f56bfc062723c751e8b465ee728b)
Start importing Assets/500_skillicons/Skill_nobg/Archerskill_03_nobg.png using Guid(4c1fbd69942cb2a499b12795f7ffea21) Importer(815301076,1909f56bfc062723c751e8b465ee728b)  -> (artifact id: '9feeaeefac41c7775398278819d6d8c8') in 0.020442 seconds 
========================================================================
Received Import Request.
  Time since last request: 0.000020 seconds.
  path: Assets/500_skillicons/Skill_nobg/Archerskill_10_nobg.png
  artifactKey: Guid(fa63e43951f5e85469df53a44d509547) Importer(815301076,1909f56bfc062723c751e8b465ee728b)
Start importing Assets/500_skillicons/Skill_nobg/Archerskill_10_nobg.png using Guid(fa63e43951f5e85469df53a44d509547) Importer(815301076,1909f56bfc062723c751e8b465ee728b)  -> (artifact id: '67e8a1b39eca6f61de88169a4cb4df54') in 0.025244 seconds 
========================================================================
Received Import Request.
  Time since last request: 0.000015 seconds.
  path: Assets/500_skillicons/Skill_nobg/Archerskill_15_nobg.png
  artifactKey: Guid(1a8f616299383364c9d4a5e528202718) Importer(815301076,1909f56bfc062723c751e8b465ee728b)
Start importing Assets/500_skillicons/Skill_nobg/Archerskill_15_nobg.png using Guid(1a8f616299383364c9d4a5e528202718) Importer(815301076,1909f56bfc062723c751e8b465ee728b)  -> (artifact id: '2ce7c434700f9f73ca68572a9f94a023') in 0.024062 seconds 
========================================================================
Received Import Request.
  Time since last request: 0.000015 seconds.
  path: Assets/500_skillicons/Skill_nobg/Archerskill_16_nobg.png
  artifactKey: Guid(fa0547de6a16e84418d7e92f701a0824) Importer(815301076,1909f56bfc062723c751e8b465ee728b)
Start importing Assets/500_skillicons/Skill_nobg/Archerskill_16_nobg.png using Guid(fa0547de6a16e84418d7e92f701a0824) Importer(815301076,1909f56bfc062723c751e8b465ee728b)  -> (artifact id: '890ca29dd0322e83d53d4377c057c9c8') in 0.022127 seconds 
========================================================================
Received Import Request.
  Time since last request: 0.000019 seconds.
  path: Assets/500_skillicons/Skill_nobg/Archerskill_07_nobg.png
  artifactKey: Guid(836cb9d1cf932dd4b90e440eb0af47c3) Importer(815301076,1909f56bfc062723c751e8b465ee728b)
Start importing Assets/500_skillicons/Skill_nobg/Archerskill_07_nobg.png using Guid(836cb9d1cf932dd4b90e440eb0af47c3) Importer(815301076,1909f56bfc062723c751e8b465ee728b)  -> (artifact id: '1c2b7184cf4567e53674e496efa7a7dc') in 0.020843 seconds 
========================================================================
Received Import Request.
  Time since last request: 0.000030 seconds.
  path: Assets/500_skillicons/Skill_nobg/Archerskill_13_nobg.png
  artifactKey: Guid(dd0cb538ae0446741bb172b14e9f963f) Importer(815301076,1909f56bfc062723c751e8b465ee728b)
Start importing Assets/500_skillicons/Skill_nobg/Archerskill_13_nobg.png using Guid(dd0cb538ae0446741bb172b14e9f963f) Importer(815301076,1909f56bfc062723c751e8b465ee728b)  -> (artifact id: '1db9cc4413ebba1e342289025d7a417a') in 0.025517 seconds 
========================================================================
Received Import Request.
  Time since last request: 0.000020 seconds.
  path: Assets/500_skillicons/Skill_nobg/Archerskill_09_nobg.png
  artifactKey: Guid(ca39f7757d41cf745b5a13bbe96e4104) Importer(815301076,1909f56bfc062723c751e8b465ee728b)
Start importing Assets/500_skillicons/Skill_nobg/Archerskill_09_nobg.png using Guid(ca39f7757d41cf745b5a13bbe96e4104) Importer(815301076,1909f56bfc062723c751e8b465ee728b)  -> (artifact id: 'b1d7751ef3075c45f7ab0f963d0650cb') in 0.022427 seconds 
========================================================================
Received Import Request.
  Time since last request: 0.000024 seconds.
  path: Assets/500_skillicons/Skill_nobg/Archerskill_20_nobg.png
  artifactKey: Guid(e49571d6e4f97e24e94f5d318c588767) Importer(815301076,1909f56bfc062723c751e8b465ee728b)
Start importing Assets/500_skillicons/Skill_nobg/Archerskill_20_nobg.png using Guid(e49571d6e4f97e24e94f5d318c588767) Importer(815301076,1909f56bfc062723c751e8b465ee728b)  -> (artifact id: '9bb9ee24feefba5e18f19fea36ec497d') in 0.021986 seconds 
========================================================================
Received Import Request.
  Time since last request: 2.016302 seconds.
  path: Assets/500_skillicons/Skill_nobg/Archerskill_34_nobg.png
  artifactKey: Guid(20b1a25f44a40ba4e9f349a197963034) Importer(815301076,1909f56bfc062723c751e8b465ee728b)
Start importing Assets/500_skillicons/Skill_nobg/Archerskill_34_nobg.png using Guid(20b1a25f44a40ba4e9f349a197963034) Importer(815301076,1909f56bfc062723c751e8b465ee728b)  -> (artifact id: '366b42dff5b3f4e10dfb0248ef378506') in 0.025237 seconds 
========================================================================
Received Import Request.
  Time since last request: 0.016719 seconds.
  path: Assets/500_skillicons/Skill_nobg/Archerskill_39_nobg.png
  artifactKey: Guid(b8da10dcc1850be44a301c3e2e91ef63) Importer(815301076,1909f56bfc062723c751e8b465ee728b)
Start importing Assets/500_skillicons/Skill_nobg/Archerskill_39_nobg.png using Guid(b8da10dcc1850be44a301c3e2e91ef63) Importer(815301076,1909f56bfc062723c751e8b465ee728b)  -> (artifact id: '319c1744f7784394fd0d3effd53da12a') in 0.028491 seconds 
========================================================================
Received Import Request.
  Time since last request: 0.000031 seconds.
  path: Assets/500_skillicons/Skill_nobg/Archerskill_47_nobg.png
  artifactKey: Guid(cb44d89d0eac722409463b255209cf38) Importer(815301076,1909f56bfc062723c751e8b465ee728b)
Start importing Assets/500_skillicons/Skill_nobg/Archerskill_47_nobg.png using Guid(cb44d89d0eac722409463b255209cf38) Importer(815301076,1909f56bfc062723c751e8b465ee728b)  -> (artifact id: '4a1564c9d10423d2ed93f281def5286c') in 0.022593 seconds 
========================================================================
Received Import Request.
  Time since last request: 0.000018 seconds.
  path: Assets/500_skillicons/Skill_nobg/Archerskill_41_nobg.png
  artifactKey: Guid(253086cad2cb21049832bacaa98c3395) Importer(815301076,1909f56bfc062723c751e8b465ee728b)
Start importing Assets/500_skillicons/Skill_nobg/Archerskill_41_nobg.png using Guid(253086cad2cb21049832bacaa98c3395) Importer(815301076,1909f56bfc062723c751e8b465ee728b)  -> (artifact id: '49abf8bdb8edcf70a1378a80fb5bbe75') in 0.027611 seconds 
========================================================================
Received Import Request.
  Time since last request: 0.290843 seconds.
  path: Assets/500_skillicons/Skill_nobg/Assassinskill_02_nobg.png
  artifactKey: Guid(1a594cce0076c0240aab3dabdec13eca) Importer(815301076,1909f56bfc062723c751e8b465ee728b)
Start importing Assets/500_skillicons/Skill_nobg/Assassinskill_02_nobg.png using Guid(1a594cce0076c0240aab3dabdec13eca) Importer(815301076,1909f56bfc062723c751e8b465ee728b)  -> (artifact id: '724b767f342e199ea399f6fd586335c1') in 0.024820 seconds 
========================================================================
Received Import Request.
  Time since last request: 0.000018 seconds.
  path: Assets/500_skillicons/Skill_nobg/Assassinskill_09_nobg.png
  artifactKey: Guid(52aa2b5162f5fdd4bb66e7ff14bbdb9e) Importer(815301076,1909f56bfc062723c751e8b465ee728b)
Start importing Assets/500_skillicons/Skill_nobg/Assassinskill_09_nobg.png using Guid(52aa2b5162f5fdd4bb66e7ff14bbdb9e) Importer(815301076,1909f56bfc062723c751e8b465ee728b)  -> (artifact id: '1f82295577f0d671f17572e9d273aedc') in 0.025102 seconds 
========================================================================
Received Import Request.
  Time since last request: 0.000019 seconds.
  path: Assets/500_skillicons/Skill_nobg/Assassinskill_12_nobg.png
  artifactKey: Guid(7d3db7183fc7e5747a6f48ba632ce629) Importer(815301076,1909f56bfc062723c751e8b465ee728b)
Start importing Assets/500_skillicons/Skill_nobg/Assassinskill_12_nobg.png using Guid(7d3db7183fc7e5747a6f48ba632ce629) Importer(815301076,1909f56bfc062723c751e8b465ee728b)  -> (artifact id: '843c9e94352e49af28f9c8d62fcb642f') in 0.027293 seconds 
========================================================================
Received Import Request.
  Time since last request: 0.000023 seconds.
  path: Assets/500_skillicons/Skill_nobg/Assassinskill_23_nobg.png
  artifactKey: Guid(c2a8c708f65e20840934698fdae61f15) Importer(815301076,1909f56bfc062723c751e8b465ee728b)
Start importing Assets/500_skillicons/Skill_nobg/Assassinskill_23_nobg.png using Guid(c2a8c708f65e20840934698fdae61f15) Importer(815301076,1909f56bfc062723c751e8b465ee728b)  -> (artifact id: '9e045896a35f1c50ed14689c18c5b33c') in 0.022902 seconds 
========================================================================
Received Import Request.
  Time since last request: 0.000023 seconds.
  path: Assets/500_skillicons/Skill_nobg/Assassinskill_22_nobg.png
  artifactKey: Guid(27a3a19b73fcc9a49a770add86b62d7b) Importer(815301076,1909f56bfc062723c751e8b465ee728b)
Start importing Assets/500_skillicons/Skill_nobg/Assassinskill_22_nobg.png using Guid(27a3a19b73fcc9a49a770add86b62d7b) Importer(815301076,1909f56bfc062723c751e8b465ee728b)  -> (artifact id: 'f5938e61e220ae443ae019481f9f0744') in 0.024532 seconds 
========================================================================
Received Import Request.
  Time since last request: 0.000039 seconds.
  path: Assets/500_skillicons/Skill_nobg/Assassinskill_10_nobg.png
  artifactKey: Guid(dc77d40e1c95f264cb519bbe6ab10231) Importer(815301076,1909f56bfc062723c751e8b465ee728b)
Start importing Assets/500_skillicons/Skill_nobg/Assassinskill_10_nobg.png using Guid(dc77d40e1c95f264cb519bbe6ab10231) Importer(815301076,1909f56bfc062723c751e8b465ee728b)  -> (artifact id: '027c56ecfdfa20eb40e6be35d75cf125') in 0.023729 seconds 
========================================================================
Received Import Request.
  Time since last request: 0.486221 seconds.
  path: Assets/500_skillicons/Skill_nobg/Assassinskill_26_nobg.png
  artifactKey: Guid(88631676ef631fb4ab8b4fddfdec0a6d) Importer(815301076,1909f56bfc062723c751e8b465ee728b)
Start importing Assets/500_skillicons/Skill_nobg/Assassinskill_26_nobg.png using Guid(88631676ef631fb4ab8b4fddfdec0a6d) Importer(815301076,1909f56bfc062723c751e8b465ee728b)  -> (artifact id: '756f5f64bbbf0f9305efa8b64df19924') in 0.025264 seconds 
========================================================================
Received Import Request.
  Time since last request: 0.000018 seconds.
  path: Assets/500_skillicons/Skill_nobg/Assassinskill_30_nobg.png
  artifactKey: Guid(c22a1e9b96d01e6429a5bd579f84ff9a) Importer(815301076,1909f56bfc062723c751e8b465ee728b)
Start importing Assets/500_skillicons/Skill_nobg/Assassinskill_30_nobg.png using Guid(c22a1e9b96d01e6429a5bd579f84ff9a) Importer(815301076,1909f56bfc062723c751e8b465ee728b)  -> (artifact id: 'e8dfad0b1a371dc0fccb68a0381086f5') in 0.025988 seconds 
========================================================================
Received Import Request.
  Time since last request: 0.000033 seconds.
  path: Assets/500_skillicons/Skill_nobg/Assassinskill_33_nobg.png
  artifactKey: Guid(71d4374b564f448439bf57a4bf90051d) Importer(815301076,1909f56bfc062723c751e8b465ee728b)
Start importing Assets/500_skillicons/Skill_nobg/Assassinskill_33_nobg.png using Guid(71d4374b564f448439bf57a4bf90051d) Importer(815301076,1909f56bfc062723c751e8b465ee728b)  -> (artifact id: 'e10ea6ad72cb196a6654a9e301b3fa65') in 0.023856 seconds 
========================================================================
Received Import Request.
  Time since last request: 0.000021 seconds.
  path: Assets/500_skillicons/Skill_nobg/Assassinskill_41_nobg.png
  artifactKey: Guid(af6a057de6d50b34eae7d880e84c4a5d) Importer(815301076,1909f56bfc062723c751e8b465ee728b)
Start importing Assets/500_skillicons/Skill_nobg/Assassinskill_41_nobg.png using Guid(af6a057de6d50b34eae7d880e84c4a5d) Importer(815301076,1909f56bfc062723c751e8b465ee728b)  -> (artifact id: '9bc9693067ebbf319cfa751325979e52') in 0.025452 seconds 
========================================================================
Received Import Request.
  Time since last request: 0.000032 seconds.
  path: Assets/500_skillicons/Skill_nobg/Assassinskill_44_nobg.png
  artifactKey: Guid(83daf15eb7158cb43ba04ad293023606) Importer(815301076,1909f56bfc062723c751e8b465ee728b)
Start importing Assets/500_skillicons/Skill_nobg/Assassinskill_44_nobg.png using Guid(83daf15eb7158cb43ba04ad293023606) Importer(815301076,1909f56bfc062723c751e8b465ee728b)  -> (artifact id: '4fe2e67473658ed8ca0daa8ab9f05229') in 0.025820 seconds 
========================================================================
Received Import Request.
  Time since last request: 0.000015 seconds.
  path: Assets/500_skillicons/Skill_nobg/Assassinskill_46_nobg.png
  artifactKey: Guid(683cadebeaae3124ab87b754c2730529) Importer(815301076,1909f56bfc062723c751e8b465ee728b)
Start importing Assets/500_skillicons/Skill_nobg/Assassinskill_46_nobg.png using Guid(683cadebeaae3124ab87b754c2730529) Importer(815301076,1909f56bfc062723c751e8b465ee728b)  -> (artifact id: '35884307f2051370947c52e861ca9848') in 0.024929 seconds 
========================================================================
Received Import Request.
  Time since last request: 0.543822 seconds.
  path: Assets/500_skillicons/Skill_nobg/Assassinskill_50_nobg.png
  artifactKey: Guid(749ebeaab4c32d5449d7353e16879fa6) Importer(815301076,1909f56bfc062723c751e8b465ee728b)
Start importing Assets/500_skillicons/Skill_nobg/Assassinskill_50_nobg.png using Guid(749ebeaab4c32d5449d7353e16879fa6) Importer(815301076,1909f56bfc062723c751e8b465ee728b)  -> (artifact id: '1005cb77637eaa846aacb1ce4eeddad4') in 0.022959 seconds 
========================================================================
Received Import Request.
  Time since last request: 0.026042 seconds.
  path: Assets/500_skillicons/Skill_nobg/Druideskill_06_nobg.png
  artifactKey: Guid(dff440dbf1c188b48b10c8d7e47da4f4) Importer(815301076,1909f56bfc062723c751e8b465ee728b)
Start importing Assets/500_skillicons/Skill_nobg/Druideskill_06_nobg.png using Guid(dff440dbf1c188b48b10c8d7e47da4f4) Importer(815301076,1909f56bfc062723c751e8b465ee728b)  -> (artifact id: 'f953f0e411fb633333c3c55b9d0aae8d') in 0.024785 seconds 
========================================================================
Received Import Request.
  Time since last request: 0.000028 seconds.
  path: Assets/500_skillicons/Skill_nobg/Druideskill_09_nobg.png
  artifactKey: Guid(05a991e95345f174bad6565417cde2ce) Importer(815301076,1909f56bfc062723c751e8b465ee728b)
Start importing Assets/500_skillicons/Skill_nobg/Druideskill_09_nobg.png using Guid(05a991e95345f174bad6565417cde2ce) Importer(815301076,1909f56bfc062723c751e8b465ee728b)  -> (artifact id: '103060c4c6d7a358b558a3a831ab351f') in 0.022725 seconds 
========================================================================
Received Import Request.
  Time since last request: 0.000021 seconds.
  path: Assets/500_skillicons/Skill_nobg/Druideskill_13_nobg.png
  artifactKey: Guid(6a85be547f6e5624fa14e0598d2feb10) Importer(815301076,1909f56bfc062723c751e8b465ee728b)
Start importing Assets/500_skillicons/Skill_nobg/Druideskill_13_nobg.png using Guid(6a85be547f6e5624fa14e0598d2feb10) Importer(815301076,1909f56bfc062723c751e8b465ee728b)  -> (artifact id: 'b62d50b7adf20eef4336f1e96af30046') in 0.028231 seconds 
========================================================================
Received Import Request.
  Time since last request: 1.349089 seconds.
  path: Assets/500_skillicons/Skill_nobg/Druideskill_18_nobg.png
  artifactKey: Guid(3f65df59d24c8c5419e9a85b7f09cc8f) Importer(815301076,1909f56bfc062723c751e8b465ee728b)
Start importing Assets/500_skillicons/Skill_nobg/Druideskill_18_nobg.png using Guid(3f65df59d24c8c5419e9a85b7f09cc8f) Importer(815301076,1909f56bfc062723c751e8b465ee728b)  -> (artifact id: 'ca783c460660d6faad85ade592a58d6d') in 0.025666 seconds 
========================================================================
Received Import Request.
  Time since last request: 0.000021 seconds.
  path: Assets/500_skillicons/Skill_nobg/Druideskill_21_nobg.png
  artifactKey: Guid(1e95efa1fa5e9a040b5191ffb50d7d19) Importer(815301076,1909f56bfc062723c751e8b465ee728b)
Start importing Assets/500_skillicons/Skill_nobg/Druideskill_21_nobg.png using Guid(1e95efa1fa5e9a040b5191ffb50d7d19) Importer(815301076,1909f56bfc062723c751e8b465ee728b)  -> (artifact id: '69a7b09c3f9b74583dbe296a3b3a2844') in 0.026627 seconds 
========================================================================
Received Import Request.
  Time since last request: 0.000019 seconds.
  path: Assets/500_skillicons/Skill_nobg/Druideskill_25_nobg.png
  artifactKey: Guid(7404dfe00d858e047ab751905599231e) Importer(815301076,1909f56bfc062723c751e8b465ee728b)
Start importing Assets/500_skillicons/Skill_nobg/Druideskill_25_nobg.png using Guid(7404dfe00d858e047ab751905599231e) Importer(815301076,1909f56bfc062723c751e8b465ee728b)  -> (artifact id: 'cc2f439649cf304da60dee2dbe84fc3e') in 0.029023 seconds 
========================================================================
Received Import Request.
  Time since last request: 0.004585 seconds.
  path: Assets/500_skillicons/Skill_nobg/Druideskill_29_nobg.png
  artifactKey: Guid(5af5df8f415695d41ae4e690cd224e2f) Importer(815301076,1909f56bfc062723c751e8b465ee728b)
Start importing Assets/500_skillicons/Skill_nobg/Druideskill_29_nobg.png using Guid(5af5df8f415695d41ae4e690cd224e2f) Importer(815301076,1909f56bfc062723c751e8b465ee728b)  -> (artifact id: 'c1f1edaebba05b9a2112eaf7946b93b0') in 0.024588 seconds 
========================================================================
Received Import Request.
  Time since last request: 0.000024 seconds.
  path: Assets/500_skillicons/Skill_nobg/Druideskill_37_nobg.png
  artifactKey: Guid(29d861aefa35c814181b4fa7dadf5ba8) Importer(815301076,1909f56bfc062723c751e8b465ee728b)
Start importing Assets/500_skillicons/Skill_nobg/Druideskill_37_nobg.png using Guid(29d861aefa35c814181b4fa7dadf5ba8) Importer(815301076,1909f56bfc062723c751e8b465ee728b)  -> (artifact id: '5325323d394d2469fbaa7cf8e53bb873') in 0.027420 seconds 
========================================================================
Received Import Request.
  Time since last request: 0.000022 seconds.
  path: Assets/500_skillicons/Skill_nobg/Druideskill_33_nobg.png
  artifactKey: Guid(2ef6308bd3a80ad4e971420a3035e232) Importer(815301076,1909f56bfc062723c751e8b465ee728b)
Start importing Assets/500_skillicons/Skill_nobg/Druideskill_33_nobg.png using Guid(2ef6308bd3a80ad4e971420a3035e232) Importer(815301076,1909f56bfc062723c751e8b465ee728b)  -> (artifact id: '2e01b67523d2a177b0723bdc9ad4c4f0') in 0.022426 seconds 
========================================================================
Received Import Request.
  Time since last request: 0.567125 seconds.
  path: Assets/500_skillicons/Skill_nobg/Druideskill_42_nobg.png
  artifactKey: Guid(e78d4497ad4159e4296b31949ca59de9) Importer(815301076,1909f56bfc062723c751e8b465ee728b)
Start importing Assets/500_skillicons/Skill_nobg/Druideskill_42_nobg.png using Guid(e78d4497ad4159e4296b31949ca59de9) Importer(815301076,1909f56bfc062723c751e8b465ee728b)  -> (artifact id: '272fb6016ceeba0d167e17cb9b528596') in 0.022607 seconds 
========================================================================
Received Import Request.
  Time since last request: 0.082917 seconds.
  path: Assets/500_skillicons/Skill_nobg/Druideskill_48_nobg.png
  artifactKey: Guid(26d62d5ac88ab694fbed2cc9ada59b91) Importer(815301076,1909f56bfc062723c751e8b465ee728b)
Start importing Assets/500_skillicons/Skill_nobg/Druideskill_48_nobg.png using Guid(26d62d5ac88ab694fbed2cc9ada59b91) Importer(815301076,1909f56bfc062723c751e8b465ee728b)  -> (artifact id: 'd5fb6cdd1c53d4411752ad6d7d4f5075') in 0.022545 seconds 
========================================================================
Received Import Request.
  Time since last request: 1.778885 seconds.
  path: Assets/500_skillicons/Skill_nobg/Engineerskill_04_nobg.png
  artifactKey: Guid(958f50239f70564419aeb3baacbf3d2d) Importer(815301076,1909f56bfc062723c751e8b465ee728b)
Start importing Assets/500_skillicons/Skill_nobg/Engineerskill_04_nobg.png using Guid(958f50239f70564419aeb3baacbf3d2d) Importer(815301076,1909f56bfc062723c751e8b465ee728b)  -> (artifact id: 'd226472344be01e27e4884a17a145f78') in 0.022397 seconds 
========================================================================
Received Import Request.
  Time since last request: 0.000019 seconds.
  path: Assets/500_skillicons/Skill_nobg/Engineerskill_06_nobg.png
  artifactKey: Guid(c2efaec92e616d34c959152d5e0ef4a3) Importer(815301076,1909f56bfc062723c751e8b465ee728b)
Start importing Assets/500_skillicons/Skill_nobg/Engineerskill_06_nobg.png using Guid(c2efaec92e616d34c959152d5e0ef4a3) Importer(815301076,1909f56bfc062723c751e8b465ee728b)  -> (artifact id: '613734fc7e7a596e6805aecf5237e8b9') in 0.019629 seconds 
========================================================================
Received Import Request.
  Time since last request: 0.992142 seconds.
  path: Assets/500_skillicons/Skill_nobg/Engineerskill_10_nobg.png
  artifactKey: Guid(ab8c7998f38be2c43bb41949b62e2ed9) Importer(815301076,1909f56bfc062723c751e8b465ee728b)
Start importing Assets/500_skillicons/Skill_nobg/Engineerskill_10_nobg.png using Guid(ab8c7998f38be2c43bb41949b62e2ed9) Importer(815301076,1909f56bfc062723c751e8b465ee728b)  -> (artifact id: '4c2dce76f1e853540d0fcde1bcf7b915') in 0.025347 seconds 
========================================================================
Received Import Request.
  Time since last request: 0.017538 seconds.
  path: Assets/500_skillicons/Skill_nobg/Engineerskill_15_nobg.png
  artifactKey: Guid(4d6d57a8d6d2d8f4694795b22b8b1fcf) Importer(815301076,1909f56bfc062723c751e8b465ee728b)
Start importing Assets/500_skillicons/Skill_nobg/Engineerskill_15_nobg.png using Guid(4d6d57a8d6d2d8f4694795b22b8b1fcf) Importer(815301076,1909f56bfc062723c751e8b465ee728b)  -> (artifact id: '294ac682cd5b0923cd31a4ff3bf383f7') in 0.024842 seconds 
========================================================================
Received Import Request.
  Time since last request: 0.000033 seconds.
  path: Assets/500_skillicons/Skill_nobg/Engineerskill_18_nobg.png
  artifactKey: Guid(81ffdf34c4d792c46a3e3a055687be73) Importer(815301076,1909f56bfc062723c751e8b465ee728b)
Start importing Assets/500_skillicons/Skill_nobg/Engineerskill_18_nobg.png using Guid(81ffdf34c4d792c46a3e3a055687be73) Importer(815301076,1909f56bfc062723c751e8b465ee728b)  -> (artifact id: 'b401192530b65e9c730181bc12b0e79c') in 0.022417 seconds 
========================================================================
Received Import Request.
  Time since last request: 126.564171 seconds.
  path: Assets/500_skillicons/BonusIcons/Basic_Spells/No_bg/01_fire_arrow_nobg.png
  artifactKey: Guid(ed82e1103d373974eb15cb9961ec3e25) Importer(815301076,1909f56bfc062723c751e8b465ee728b)
Start importing Assets/500_skillicons/BonusIcons/Basic_Spells/No_bg/01_fire_arrow_nobg.png using Guid(ed82e1103d373974eb15cb9961ec3e25) Importer(815301076,1909f56bfc062723c751e8b465ee728b)  -> (artifact id: 'd94f0b3c92b8fbc0617cee5fe1205bc6') in 0.029236 seconds 
========================================================================
Received Import Request.
  Time since last request: 0.952430 seconds.
  path: Assets/500_skillicons/BonusIcons/Basic_Spells/No_bg/13_Frost_arrow_nobg.png
  artifactKey: Guid(4a9c2582f3fec7c40bb7d86a3dd7621a) Importer(815301076,1909f56bfc062723c751e8b465ee728b)
Start importing Assets/500_skillicons/BonusIcons/Basic_Spells/No_bg/13_Frost_arrow_nobg.png using Guid(4a9c2582f3fec7c40bb7d86a3dd7621a) Importer(815301076,1909f56bfc062723c751e8b465ee728b)  -> (artifact id: '9c1fe0961ad4443621d7d713de0297f5') in 0.023395 seconds 
========================================================================
Received Import Request.
  Time since last request: 0.000031 seconds.
  path: Assets/500_skillicons/BonusIcons/Basic_Spells/No_bg/18_shadow_bolt2_nobg.png
  artifactKey: Guid(6e900f191f80ce449922a411952b42e9) Importer(815301076,1909f56bfc062723c751e8b465ee728b)
Start importing Assets/500_skillicons/BonusIcons/Basic_Spells/No_bg/18_shadow_bolt2_nobg.png using Guid(6e900f191f80ce449922a411952b42e9) Importer(815301076,1909f56bfc062723c751e8b465ee728b)  -> (artifact id: 'cbfcf5c318c7f7d413c82140b2279eba') in 0.026586 seconds 
========================================================================
Received Import Request.
  Time since last request: 0.000018 seconds.
  path: Assets/500_skillicons/BonusIcons/Basic_Spells/No_bg/17_shadow_bolt_nobg.png
  artifactKey: Guid(bc97a92a17a63254c8aff8ea11519a12) Importer(815301076,1909f56bfc062723c751e8b465ee728b)
Start importing Assets/500_skillicons/BonusIcons/Basic_Spells/No_bg/17_shadow_bolt_nobg.png using Guid(bc97a92a17a63254c8aff8ea11519a12) Importer(815301076,1909f56bfc062723c751e8b465ee728b)  -> (artifact id: '22aed79eeeabad9e216e29c4779d72d7') in 0.024335 seconds 
========================================================================
Received Import Request.
  Time since last request: 0.000021 seconds.
  path: Assets/500_skillicons/BonusIcons/Basic_Spells/Normal/17_Shadow_bolt.png
  artifactKey: Guid(ba263eaf603942e47a0372407a11ec05) Importer(815301076,1909f56bfc062723c751e8b465ee728b)
Start importing Assets/500_skillicons/BonusIcons/Basic_Spells/Normal/17_Shadow_bolt.png using Guid(ba263eaf603942e47a0372407a11ec05) Importer(815301076,1909f56bfc062723c751e8b465ee728b)  -> (artifact id: '33f5701e5fd2aecbd108f90f70136e8a') in 0.021884 seconds 
========================================================================
Received Import Request.
  Time since last request: 14.475454 seconds.
  path: Assets/500_skillicons/BonusIcons/neutral_nobg/soul_devouring_nobg.png
  artifactKey: Guid(e7df0ed5beb83e740893d00b697fd44b) Importer(815301076,1909f56bfc062723c751e8b465ee728b)
Start importing Assets/500_skillicons/BonusIcons/neutral_nobg/soul_devouring_nobg.png using Guid(e7df0ed5beb83e740893d00b697fd44b) Importer(815301076,1909f56bfc062723c751e8b465ee728b)  -> (artifact id: '3e1b619b5d0cc7e36805db0b56a39ad9') in 0.036870 seconds 
========================================================================
Received Import Request.
  Time since last request: 22.260379 seconds.
  path: Assets/500_skillicons/Skill_nobg/Engineerskill_32_nobg.png
  artifactKey: Guid(c0706cd748ee0f643ac030bedaaa143d) Importer(815301076,1909f56bfc062723c751e8b465ee728b)
Start importing Assets/500_skillicons/Skill_nobg/Engineerskill_32_nobg.png using Guid(c0706cd748ee0f643ac030bedaaa143d) Importer(815301076,1909f56bfc062723c751e8b465ee728b)  -> (artifact id: '71f9be38a13167ad6d2dcd653a3e09ab') in 0.026847 seconds 
========================================================================
Received Import Request.
  Time since last request: 0.000024 seconds.
  path: Assets/500_skillicons/Skill_nobg/Engineerskill_33_nobg.png
  artifactKey: Guid(c4eef961c0588a64dba1bf4ec8b4001e) Importer(815301076,1909f56bfc062723c751e8b465ee728b)
Start importing Assets/500_skillicons/Skill_nobg/Engineerskill_33_nobg.png using Guid(c4eef961c0588a64dba1bf4ec8b4001e) Importer(815301076,1909f56bfc062723c751e8b465ee728b)  -> (artifact id: 'b48297069fc19d9df3d17161fc5209b2') in 0.029143 seconds 
========================================================================
Received Import Request.
  Time since last request: 5.241795 seconds.
  path: Assets/500_skillicons/Skill_nobg/Priestskill_11_nobg.png
  artifactKey: Guid(07724935df8596d4d949ad69eb13de55) Importer(815301076,1909f56bfc062723c751e8b465ee728b)
Start importing Assets/500_skillicons/Skill_nobg/Priestskill_11_nobg.png using Guid(07724935df8596d4d949ad69eb13de55) Importer(815301076,1909f56bfc062723c751e8b465ee728b)  -> (artifact id: '76111e223d3043d38c62691583496ddc') in 0.027583 seconds 
========================================================================
Received Import Request.
  Time since last request: 0.000021 seconds.
  path: Assets/500_skillicons/Skill_nobg/Priestskill_15_nobg.png
  artifactKey: Guid(5e7e27f7522558841ae76c363b3f5f3e) Importer(815301076,1909f56bfc062723c751e8b465ee728b)
Start importing Assets/500_skillicons/Skill_nobg/Priestskill_15_nobg.png using Guid(5e7e27f7522558841ae76c363b3f5f3e) Importer(815301076,1909f56bfc062723c751e8b465ee728b)  -> (artifact id: 'a232fb3eba6900d2ca8d0aa821b07433') in 0.042801 seconds 
========================================================================
Received Import Request.
  Time since last request: 4.077228 seconds.
  path: Assets/500_skillicons/Skill_nobg/Priestskill_38_nobg.png
  artifactKey: Guid(d6fadeb947e8c754a8b65d08fa913ad3) Importer(815301076,1909f56bfc062723c751e8b465ee728b)
Start importing Assets/500_skillicons/Skill_nobg/Priestskill_38_nobg.png using Guid(d6fadeb947e8c754a8b65d08fa913ad3) Importer(815301076,1909f56bfc062723c751e8b465ee728b)  -> (artifact id: 'e63eac7b47172789172563d3efd6fd38') in 0.022154 seconds 
========================================================================
Received Import Request.
  Time since last request: 0.456124 seconds.
  path: Assets/500_skillicons/Skill_nobg/Priestskill_46_nobg.png
  artifactKey: Guid(083d1c6971b57354a881e9f75855979f) Importer(815301076,1909f56bfc062723c751e8b465ee728b)
Start importing Assets/500_skillicons/Skill_nobg/Priestskill_46_nobg.png using Guid(083d1c6971b57354a881e9f75855979f) Importer(815301076,1909f56bfc062723c751e8b465ee728b)  -> (artifact id: '0a4b53f5f14abffdaf4e08394da061e3') in 0.022618 seconds 
========================================================================
Received Import Request.
  Time since last request: 3.328434 seconds.
  path: Assets/500_skillicons/Skill_nobg/Shamanskill_19_nobg.png
  artifactKey: Guid(a6dbb6a3a38712f4db9d43b0a9ff07c2) Importer(815301076,1909f56bfc062723c751e8b465ee728b)
Start importing Assets/500_skillicons/Skill_nobg/Shamanskill_19_nobg.png using Guid(a6dbb6a3a38712f4db9d43b0a9ff07c2) Importer(815301076,1909f56bfc062723c751e8b465ee728b)  -> (artifact id: '2d4ceb9c2e5f5c92644e7d74b5e088a0') in 0.025943 seconds 
========================================================================
Received Import Request.
  Time since last request: 0.452164 seconds.
  path: Assets/500_skillicons/Skill_nobg/Shamanskill_27_nobg.png
  artifactKey: Guid(d34ede931c069be428225d60731c4cd5) Importer(815301076,1909f56bfc062723c751e8b465ee728b)
Start importing Assets/500_skillicons/Skill_nobg/Shamanskill_27_nobg.png using Guid(d34ede931c069be428225d60731c4cd5) Importer(815301076,1909f56bfc062723c751e8b465ee728b)  -> (artifact id: 'e9bfbef587bf553f4852558ee27a8c5b') in 0.025235 seconds 
========================================================================
Received Import Request.
  Time since last request: 0.282732 seconds.
  path: Assets/500_skillicons/Skill_nobg/Shamanskill_35_nobg.png
  artifactKey: Guid(3f1963f4f55efd34fbb7966942a2db70) Importer(815301076,1909f56bfc062723c751e8b465ee728b)
Start importing Assets/500_skillicons/Skill_nobg/Shamanskill_35_nobg.png using Guid(3f1963f4f55efd34fbb7966942a2db70) Importer(815301076,1909f56bfc062723c751e8b465ee728b)  -> (artifact id: '3b8dbd984a0ff94f499c66ff2b909653') in 0.035606 seconds 
========================================================================
Received Import Request.
  Time since last request: 0.220844 seconds.
  path: Assets/500_skillicons/Skill_nobg/Shamanskill_41_nobg.png
  artifactKey: Guid(7a93fed528cda654cb11769f1a120d13) Importer(815301076,1909f56bfc062723c751e8b465ee728b)
Start importing Assets/500_skillicons/Skill_nobg/Shamanskill_41_nobg.png using Guid(7a93fed528cda654cb11769f1a120d13) Importer(815301076,1909f56bfc062723c751e8b465ee728b)  -> (artifact id: '5097348046c74946f89ee7c18efebf7a') in 0.026031 seconds 
========================================================================
Received Import Request.
  Time since last request: 6.679290 seconds.
  path: Assets/500_skillicons/Skill_nobg/Warlock_18_nobg.png
  artifactKey: Guid(a38a6b1dcca10ae4082a979241c6b45b) Importer(815301076,1909f56bfc062723c751e8b465ee728b)
Start importing Assets/500_skillicons/Skill_nobg/Warlock_18_nobg.png using Guid(a38a6b1dcca10ae4082a979241c6b45b) Importer(815301076,1909f56bfc062723c751e8b465ee728b)  -> (artifact id: 'a195ad46f943c7c1ae5b8ab891bd58a1') in 0.024808 seconds 
========================================================================
Received Import Request.
  Time since last request: 1.740633 seconds.
  path: Assets/500_skillicons/Skill_nobg/Warlock_36_nobg.png
  artifactKey: Guid(d54af698fe02b8e428a76bd3f1a34136) Importer(815301076,1909f56bfc062723c751e8b465ee728b)
Start importing Assets/500_skillicons/Skill_nobg/Warlock_36_nobg.png using Guid(d54af698fe02b8e428a76bd3f1a34136) Importer(815301076,1909f56bfc062723c751e8b465ee728b)  -> (artifact id: '9819590d612c6426508700b586a81beb') in 0.023473 seconds 
========================================================================
Received Import Request.
  Time since last request: 0.460133 seconds.
  path: Assets/500_skillicons/Skill_nobg/Warlock_44_nobg.png
  artifactKey: Guid(583017b6c1abc2948939ae4d213f6847) Importer(815301076,1909f56bfc062723c751e8b465ee728b)
Start importing Assets/500_skillicons/Skill_nobg/Warlock_44_nobg.png using Guid(583017b6c1abc2948939ae4d213f6847) Importer(815301076,1909f56bfc062723c751e8b465ee728b)  -> (artifact id: '5eb3954e0daa95362766543eaed00eec') in 0.022852 seconds 
========================================================================
Received Import Request.
  Time since last request: 0.516130 seconds.
  path: Assets/500_skillicons/Skill_nobg/Warriorskill_02_nobg.png
  artifactKey: Guid(f5d9b6f6a9e903d4aa8e3179ae86e888) Importer(815301076,1909f56bfc062723c751e8b465ee728b)
Start importing Assets/500_skillicons/Skill_nobg/Warriorskill_02_nobg.png using Guid(f5d9b6f6a9e903d4aa8e3179ae86e888) Importer(815301076,1909f56bfc062723c751e8b465ee728b)  -> (artifact id: '1fb964ebf4a21384b85d6e757b89a8a5') in 0.024914 seconds 
========================================================================
Received Import Request.
  Time since last request: 0.833180 seconds.
  path: Assets/500_skillicons/Skill_nobg/Warriorskill_12_nobg.png
  artifactKey: Guid(e5beb3a8ba795634998475d09d76a79f) Importer(815301076,1909f56bfc062723c751e8b465ee728b)
Start importing Assets/500_skillicons/Skill_nobg/Warriorskill_12_nobg.png using Guid(e5beb3a8ba795634998475d09d76a79f) Importer(815301076,1909f56bfc062723c751e8b465ee728b)  -> (artifact id: 'ba01f2448c7ac83ca5bc25ae4bfe746a') in 0.025168 seconds 
========================================================================
Received Import Request.
  Time since last request: 0.544090 seconds.
  path: Assets/500_skillicons/Skill_nobg/Warriorskill_20_nobg.png
  artifactKey: Guid(e1b20d1725d2f08478ea6a3406c602ea) Importer(815301076,1909f56bfc062723c751e8b465ee728b)
Start importing Assets/500_skillicons/Skill_nobg/Warriorskill_20_nobg.png using Guid(e1b20d1725d2f08478ea6a3406c602ea) Importer(815301076,1909f56bfc062723c751e8b465ee728b)  -> (artifact id: '70c0101635ece6ab99414fbbc5541605') in 0.040718 seconds 
========================================================================
Received Import Request.
  Time since last request: 1.219002 seconds.
  path: Assets/500_skillicons/Skill_nobg/Warriorskill_30_nobg.png
  artifactKey: Guid(0c8eef87aabccf445bae2928488c639e) Importer(815301076,1909f56bfc062723c751e8b465ee728b)
Start importing Assets/500_skillicons/Skill_nobg/Warriorskill_30_nobg.png using Guid(0c8eef87aabccf445bae2928488c639e) Importer(815301076,1909f56bfc062723c751e8b465ee728b)  -> (artifact id: '1fb51f39ac7a846fdeb5c9ad739cf0e3') in 0.023366 seconds 
========================================================================
Received Import Request.
  Time since last request: 0.019726 seconds.
  path: Assets/500_skillicons/Skill_nobg/Warriorskill_34_nobg.png
  artifactKey: Guid(6a3efd622b63c044c9b6e0c7eaabdf72) Importer(815301076,1909f56bfc062723c751e8b465ee728b)
Start importing Assets/500_skillicons/Skill_nobg/Warriorskill_34_nobg.png using Guid(6a3efd622b63c044c9b6e0c7eaabdf72) Importer(815301076,1909f56bfc062723c751e8b465ee728b)  -> (artifact id: 'abb23ac529b8774958f2791b7f3c130c') in 0.026200 seconds 
========================================================================
Received Import Request.
  Time since last request: 0.445836 seconds.
  path: Assets/500_skillicons/Skill_nobg/Warriorskill_38_nobg.png
  artifactKey: Guid(1b3ab0e8cdde0e749bed50b7601cefaf) Importer(815301076,1909f56bfc062723c751e8b465ee728b)
Start importing Assets/500_skillicons/Skill_nobg/Warriorskill_38_nobg.png using Guid(1b3ab0e8cdde0e749bed50b7601cefaf) Importer(815301076,1909f56bfc062723c751e8b465ee728b)  -> (artifact id: 'd30ffed63b24915db3a0e08f26504bb6') in 0.023610 seconds 
========================================================================
Received Import Request.
  Time since last request: 0.029966 seconds.
  path: Assets/500_skillicons/Skill_nobg/Warriorskill_42_nobg.png
  artifactKey: Guid(d2897d513e06b4f49be0da339a8ca22f) Importer(815301076,1909f56bfc062723c751e8b465ee728b)
Start importing Assets/500_skillicons/Skill_nobg/Warriorskill_42_nobg.png using Guid(d2897d513e06b4f49be0da339a8ca22f) Importer(815301076,1909f56bfc062723c751e8b465ee728b)  -> (artifact id: '3798a5eec2055a7f7b835b0c12400d34') in 0.023045 seconds 
========================================================================
Received Import Request.
  Time since last request: 0.461153 seconds.
  path: Assets/500_skillicons/Skill_nobg/Warriorskill_48_nobg.png
  artifactKey: Guid(5e362a7e9a4412e4aa4fe2548e6d5398) Importer(815301076,1909f56bfc062723c751e8b465ee728b)
Start importing Assets/500_skillicons/Skill_nobg/Warriorskill_48_nobg.png using Guid(5e362a7e9a4412e4aa4fe2548e6d5398) Importer(815301076,1909f56bfc062723c751e8b465ee728b)  -> (artifact id: '88a7259a7dd96d926943ad8f65878535') in 0.022979 seconds 
========================================================================
Received Import Request.
  Time since last request: 2.162548 seconds.
  path: Assets/500_skillicons/Skill_nobg/Paladinskill_42_nobg.png
  artifactKey: Guid(f79d3128496c1e243b8bc5bb1475d3b4) Importer(815301076,1909f56bfc062723c751e8b465ee728b)
Start importing Assets/500_skillicons/Skill_nobg/Paladinskill_42_nobg.png using Guid(f79d3128496c1e243b8bc5bb1475d3b4) Importer(815301076,1909f56bfc062723c751e8b465ee728b)  -> (artifact id: 'a2ddec6dda1e9875f3d38ffd6e921eae') in 0.047414 seconds 
========================================================================
Received Import Request.
  Time since last request: 0.000019 seconds.
  path: Assets/500_skillicons/BonusIcons/neutral_nobg/dragon_coldbreath_nobg.png
  artifactKey: Guid(d57ff5f327c6c124cbb69b01ac3ffe05) Importer(815301076,1909f56bfc062723c751e8b465ee728b)
Start importing Assets/500_skillicons/BonusIcons/neutral_nobg/dragon_coldbreath_nobg.png using Guid(d57ff5f327c6c124cbb69b01ac3ffe05) Importer(815301076,1909f56bfc062723c751e8b465ee728b)  -> (artifact id: '45ea33249777515f14c8f83f1d4f5776') in 0.090033 seconds 
========================================================================
Received Import Request.
  Time since last request: 0.000027 seconds.
  path: Assets/500_skillicons/BonusIcons/Basic_Spells/No_bg/02_Big_fire_arrow_nobg.png
  artifactKey: Guid(3ec54dd7b3ecdfe4781c4baa72f1eba5) Importer(815301076,1909f56bfc062723c751e8b465ee728b)
Start importing Assets/500_skillicons/BonusIcons/Basic_Spells/No_bg/02_Big_fire_arrow_nobg.png using Guid(3ec54dd7b3ecdfe4781c4baa72f1eba5) Importer(815301076,1909f56bfc062723c751e8b465ee728b)  -> (artifact id: '467d3fdfef03f042730c1ad94cd227b0') in 0.022989 seconds 
========================================================================
Received Import Request.
  Time since last request: 0.000023 seconds.
  path: Assets/500_skillicons/Skill_nobg/Paladinskill_17_nobg.png
  artifactKey: Guid(a9527569446ee664ebee83facc4a81e4) Importer(815301076,1909f56bfc062723c751e8b465ee728b)
Start importing Assets/500_skillicons/Skill_nobg/Paladinskill_17_nobg.png using Guid(a9527569446ee664ebee83facc4a81e4) Importer(815301076,1909f56bfc062723c751e8b465ee728b)  -> (artifact id: '765061ffe1f4d644f175bac4e5e619ed') in 0.022003 seconds 
========================================================================
Received Import Request.
  Time since last request: 0.000025 seconds.
  path: Assets/500_skillicons/Skill_nobg/Paladinskill_18_nobg.png
  artifactKey: Guid(fe388e03a933dd04f87d369d6c2e67ac) Importer(815301076,1909f56bfc062723c751e8b465ee728b)
Start importing Assets/500_skillicons/Skill_nobg/Paladinskill_18_nobg.png using Guid(fe388e03a933dd04f87d369d6c2e67ac) Importer(815301076,1909f56bfc062723c751e8b465ee728b)  -> (artifact id: 'a1428e7e4611b513266ec48dd1aa7b70') in 0.024475 seconds 
========================================================================
Received Import Request.
  Time since last request: 0.000032 seconds.
  path: Assets/500_skillicons/Skill_nobg/Mageskill_06_nobg.png
  artifactKey: Guid(c60d31a127ca3e147abf325ffb5c53c3) Importer(815301076,1909f56bfc062723c751e8b465ee728b)
Start importing Assets/500_skillicons/Skill_nobg/Mageskill_06_nobg.png using Guid(c60d31a127ca3e147abf325ffb5c53c3) Importer(815301076,1909f56bfc062723c751e8b465ee728b)  -> (artifact id: '84f699427a2b877782b436dc9ab5b20b') in 0.023295 seconds 
========================================================================
Received Import Request.
  Time since last request: 0.000021 seconds.
  path: Assets/500_skillicons/BonusIcons/neutral_nobg/dragon_firebreath_nobg.png
  artifactKey: Guid(fbeab85ad4d63344395f499669d6eda8) Importer(815301076,1909f56bfc062723c751e8b465ee728b)
Start importing Assets/500_skillicons/BonusIcons/neutral_nobg/dragon_firebreath_nobg.png using Guid(fbeab85ad4d63344395f499669d6eda8) Importer(815301076,1909f56bfc062723c751e8b465ee728b)  -> (artifact id: 'eda8d3ee25355be07ec9e7ea9589c17e') in 0.022998 seconds 
========================================================================
Received Import Request.
  Time since last request: 0.000032 seconds.
  path: Assets/500_skillicons/BonusIcons/neutral_nobg/defiled_leaves_nobg.png
  artifactKey: Guid(2346b65faabcd77449fd85272a7ac2fe) Importer(815301076,1909f56bfc062723c751e8b465ee728b)
Start importing Assets/500_skillicons/BonusIcons/neutral_nobg/defiled_leaves_nobg.png using Guid(2346b65faabcd77449fd85272a7ac2fe) Importer(815301076,1909f56bfc062723c751e8b465ee728b)  -> (artifact id: 'b4eaea3c510199cc6199f5182f347b3f') in 0.024032 seconds 
========================================================================
Received Import Request.
  Time since last request: 0.000021 seconds.
  path: Assets/500_skillicons/Skill_nobg/Engineerskill_28_nobg.png
  artifactKey: Guid(f491567be688f5044b3cd607f4f8f30b) Importer(815301076,1909f56bfc062723c751e8b465ee728b)
Start importing Assets/500_skillicons/Skill_nobg/Engineerskill_28_nobg.png using Guid(f491567be688f5044b3cd607f4f8f30b) Importer(815301076,1909f56bfc062723c751e8b465ee728b)  -> (artifact id: '6038be2ece9a9333399e9c91500c7469') in 0.023276 seconds 
========================================================================
Received Import Request.
  Time since last request: 0.000019 seconds.
  path: Assets/500_skillicons/BonusIcons/Basic_Spells/No_bg/06_Death_blow2_nobg.png
  artifactKey: Guid(a3d062ea6a25490499dfac46c5bd7170) Importer(815301076,1909f56bfc062723c751e8b465ee728b)
Start importing Assets/500_skillicons/BonusIcons/Basic_Spells/No_bg/06_Death_blow2_nobg.png using Guid(a3d062ea6a25490499dfac46c5bd7170) Importer(815301076,1909f56bfc062723c751e8b465ee728b)  -> (artifact id: '61444c3b9352d87a4229d4650807aed9') in 0.023507 seconds 
========================================================================
Received Import Request.
  Time since last request: 0.000023 seconds.
  path: Assets/500_skillicons/Skill_nobg/Engineerskill_29_nobg.png
  artifactKey: Guid(91c9fb62ea077ce4ab30c47ed13cefe2) Importer(815301076,1909f56bfc062723c751e8b465ee728b)
Start importing Assets/500_skillicons/Skill_nobg/Engineerskill_29_nobg.png using Guid(91c9fb62ea077ce4ab30c47ed13cefe2) Importer(815301076,1909f56bfc062723c751e8b465ee728b)  -> (artifact id: '4e1d406e38e85a52fa650bca47be4fba') in 0.022714 seconds 
========================================================================
Received Import Request.
  Time since last request: 1.646982 seconds.
  path: Assets/500_skillicons/BonusIcons/Basic_Spells/No_bg/22_Big_Light_arrow_nobg.png
  artifactKey: Guid(d573b27bba2333f4180e5b21c7896a1b) Importer(815301076,1909f56bfc062723c751e8b465ee728b)
Start importing Assets/500_skillicons/BonusIcons/Basic_Spells/No_bg/22_Big_Light_arrow_nobg.png using Guid(d573b27bba2333f4180e5b21c7896a1b) Importer(815301076,1909f56bfc062723c751e8b465ee728b)  -> (artifact id: 'd5c026e7ca34a2d586cd77e5c7e9a0e2') in 0.023849 seconds 
========================================================================
Received Import Request.
  Time since last request: 0.908048 seconds.
  path: Assets/500_skillicons/BonusIcons/Basic_Spells/No_bg/31_Wave_of_evil3_nobg.png
  artifactKey: Guid(33b8cc0ea6f7a8e46b10faeeb94a3e9b) Importer(815301076,1909f56bfc062723c751e8b465ee728b)
Start importing Assets/500_skillicons/BonusIcons/Basic_Spells/No_bg/31_Wave_of_evil3_nobg.png using Guid(33b8cc0ea6f7a8e46b10faeeb94a3e9b) Importer(815301076,1909f56bfc062723c751e8b465ee728b)  -> (artifact id: '6eac8ae15b1983b9ee70aa29d5dde52d') in 0.022681 seconds 
Editor requested this worker to shutdown with reason: Scaling down because of idle timeout
AssetImportWorker is now disconnected from the server
Process exiting
Exiting without the bug reporter. Application will terminate with return code 0