Using pre-set license
Built from '2021.3/staging' branch; Version is '2021.3.9f1 (ad3870b89536) revision 11352176'; Using compiler version '192829333'; Build Type 'Release'
OS: 'Windows 11  (10.0.22621) 64bit Core' Language: 'en' Physical Memory: 32694 MB
BatchMode: 1, IsHumanControllingUs: 0, StartBugReporterOnCrash: 0, Is64bit: 1, IsPro: 1

COMMAND LINE ARGUMENTS:
C:\Program Files\Unity\Hub\Editor\2021.3.9f1\Editor\Unity.exe
-adb2
-batchMode
-noUpm
-name
AssetImportWorker2
-projectPath
C:/Users/cocru/Documents/GitHub/RandomlyGeneratedHexBoard/Tilemap Practice
-logFile
Logs/AssetImportWorker2.log
-srvPort
64981
Successfully changed project path to: C:/Users/cocru/Documents/GitHub/RandomlyGeneratedHexBoard/Tilemap Practice
C:/Users/cocru/Documents/GitHub/RandomlyGeneratedHexBoard/Tilemap Practice
[UnityMemory] Configuration Parameters - Can be set up in boot.config
    "memorysetup-bucket-allocator-granularity=16"
    "memorysetup-bucket-allocator-bucket-count=8"
    "memorysetup-bucket-allocator-block-size=33554432"
    "memorysetup-bucket-allocator-block-count=8"
    "memorysetup-main-allocator-block-size=16777216"
    "memorysetup-thread-allocator-block-size=16777216"
    "memorysetup-gfx-main-allocator-block-size=16777216"
    "memorysetup-gfx-thread-allocator-block-size=16777216"
    "memorysetup-cache-allocator-block-size=4194304"
    "memorysetup-typetree-allocator-block-size=2097152"
    "memorysetup-profiler-bucket-allocator-granularity=16"
    "memorysetup-profiler-bucket-allocator-bucket-count=8"
    "memorysetup-profiler-bucket-allocator-block-size=33554432"
    "memorysetup-profiler-bucket-allocator-block-count=8"
    "memorysetup-profiler-allocator-block-size=16777216"
    "memorysetup-profiler-editor-allocator-block-size=1048576"
    "memorysetup-temp-allocator-size-main=16777216"
    "memorysetup-job-temp-allocator-block-size=2097152"
    "memorysetup-job-temp-allocator-block-size-background=1048576"
    "memorysetup-job-temp-allocator-reduction-small-platforms=262144"
    "memorysetup-temp-allocator-size-background-worker=32768"
    "memorysetup-temp-allocator-size-job-worker=262144"
    "memorysetup-temp-allocator-size-preload-manager=33554432"
    "memorysetup-temp-allocator-size-nav-mesh-worker=65536"
    "memorysetup-temp-allocator-size-audio-worker=65536"
    "memorysetup-temp-allocator-size-cloud-worker=32768"
    "memorysetup-temp-allocator-size-gi-baking-worker=262144"
    "memorysetup-temp-allocator-size-gfx=262144"
Refreshing native plugins compatible for Editor in 105.43 ms, found 2 plugins.
Preloading 0 native plugins for Editor in 0.00 ms.
Initialize engine version: 2021.3.9f1 (ad3870b89536)
[Subsystems] Discovering subsystems at path C:/Program Files/Unity/Hub/Editor/2021.3.9f1/Editor/Data/Resources/UnitySubsystems
[Subsystems] Discovering subsystems at path C:/Users/cocru/Documents/GitHub/RandomlyGeneratedHexBoard/Tilemap Practice/Assets
GfxDevice: creating device client; threaded=0; jobified=0
Direct3D:
    Version:  Direct3D 11.0 [level 11.1]
    Renderer: NVIDIA GeForce RTX 3080 Ti (ID=0x2208)
    Vendor:   NVIDIA
    VRAM:     12108 MB
    Driver:   31.0.15.1694
Initialize mono
Mono path[0] = 'C:/Program Files/Unity/Hub/Editor/2021.3.9f1/Editor/Data/Managed'
Mono path[1] = 'C:/Program Files/Unity/Hub/Editor/2021.3.9f1/Editor/Data/MonoBleedingEdge/lib/mono/unityjit-win32'
Mono config path = 'C:/Program Files/Unity/Hub/Editor/2021.3.9f1/Editor/Data/MonoBleedingEdge/etc'
Using monoOptions --debugger-agent=transport=dt_socket,embedding=1,server=y,suspend=n,address=127.0.0.1:56348
Begin MonoManager ReloadAssembly
Registering precompiled unity dll's ...
Register platform support module: C:/Program Files/Unity/Hub/Editor/2021.3.9f1/Editor/Data/PlaybackEngines/AndroidPlayer/UnityEditor.Android.Extensions.dll
Register platform support module: C:/Program Files/Unity/Hub/Editor/2021.3.9f1/Editor/Data/PlaybackEngines/WindowsStandaloneSupport/UnityEditor.WindowsStandalone.Extensions.dll
Registered in 0.004772 seconds.
Native extension for WindowsStandalone target not found
Native extension for Android target not found
Refreshing native plugins compatible for Editor in 108.46 ms, found 2 plugins.
Preloading 0 native plugins for Editor in 0.00 ms.
Mono: successfully reloaded assembly
- Completed reload, in  0.567 seconds
Domain Reload Profiling:
	ReloadAssembly (567ms)
		BeginReloadAssembly (56ms)
			ExecutionOrderSort (0ms)
			DisableScriptedObjects (0ms)
			BackupInstance (0ms)
			ReleaseScriptingObjects (0ms)
			CreateAndSetChildDomain (1ms)
		EndReloadAssembly (422ms)
			LoadAssemblies (54ms)
			RebuildTransferFunctionScriptingTraits (0ms)
			SetupTypeCache (85ms)
			ReleaseScriptCaches (0ms)
			RebuildScriptCaches (22ms)
			SetupLoadedEditorAssemblies (275ms)
				LogAssemblyErrors (0ms)
				InitializePlatformSupportModulesInManaged (51ms)
				SetLoadedEditorAssemblies (0ms)
				RefreshPlugins (109ms)
				BeforeProcessingInitializeOnLoad (1ms)
				ProcessInitializeOnLoadAttributes (79ms)
				ProcessInitializeOnLoadMethodAttributes (36ms)
				AfterProcessingInitializeOnLoad (0ms)
				EditorAssembliesLoaded (0ms)
			ExecutionOrderSort2 (0ms)
			AwakeInstancesAfterBackupRestoration (0ms)
Platform modules already initialized, skipping
Registering precompiled user dll's ...
Registered in 0.007387 seconds.
Begin MonoManager ReloadAssembly
Symbol file LoadedFromMemory doesn't match image C:\Users\cocru\Documents\GitHub\RandomlyGeneratedHexBoard\Tilemap Practice\Library\PackageCache\com.unity.visualscripting@1.7.8\Editor\VisualScripting.Core\Dependencies\YamlDotNet\Unity.VisualScripting.YamlDotNet.dll
Symbol file LoadedFromMemory doesn't match image C:\Users\cocru\Documents\GitHub\RandomlyGeneratedHexBoard\Tilemap Practice\Library\PackageCache\com.unity.visualscripting@1.7.8\Editor\VisualScripting.Core\Dependencies\DotNetZip\Unity.VisualScripting.IonicZip.dll
Native extension for WindowsStandalone target not found
Native extension for Android target not found
Refreshing native plugins compatible for Editor in 103.33 ms, found 2 plugins.
Preloading 0 native plugins for Editor in 0.00 ms.
Mono: successfully reloaded assembly
- Completed reload, in  1.146 seconds
Domain Reload Profiling:
	ReloadAssembly (1146ms)
		BeginReloadAssembly (199ms)
			ExecutionOrderSort (0ms)
			DisableScriptedObjects (5ms)
			BackupInstance (0ms)
			ReleaseScriptingObjects (0ms)
			CreateAndSetChildDomain (116ms)
		EndReloadAssembly (847ms)
			LoadAssemblies (76ms)
			RebuildTransferFunctionScriptingTraits (0ms)
			SetupTypeCache (193ms)
			ReleaseScriptCaches (1ms)
			RebuildScriptCaches (52ms)
			SetupLoadedEditorAssemblies (476ms)
				LogAssemblyErrors (0ms)
				InitializePlatformSupportModulesInManaged (11ms)
				SetLoadedEditorAssemblies (0ms)
				RefreshPlugins (103ms)
				BeforeProcessingInitializeOnLoad (122ms)
				ProcessInitializeOnLoadAttributes (192ms)
				ProcessInitializeOnLoadMethodAttributes (41ms)
				AfterProcessingInitializeOnLoad (7ms)
				EditorAssembliesLoaded (0ms)
			ExecutionOrderSort2 (0ms)
			AwakeInstancesAfterBackupRestoration (5ms)
Platform modules already initialized, skipping
========================================================================
Worker process is ready to serve import requests
Launched and connected shader compiler UnityShaderCompiler.exe after 0.04 seconds
Refreshing native plugins compatible for Editor in 1.01 ms, found 2 plugins.
Preloading 0 native plugins for Editor in 0.00 ms.
Unloading 4943 Unused Serialized files (Serialized files now loaded: 0)
Unloading 37 unused Assets / (56.5 KB). Loaded Objects now: 5410.
Memory consumption went from 184.3 MB to 184.2 MB.
Total: 3.329400 ms (FindLiveObjects: 0.377100 ms CreateObjectMapping: 0.140600 ms MarkObjects: 2.719600 ms  DeleteObjects: 0.091200 ms)

AssetImportParameters requested are different than current active one (requested -> active):
  custom:video-decoder-ogg-theora: a1e56fd34408186e4bbccfd4996cb3dc -> 
  custom:container-muxer-webm: aa71ff27fc2769a1b78a27578f13a17b -> 
  custom:container-demuxer-webm: 4f35f7cbe854078d1ac9338744f61a02 -> 
  custom:video-encoder-webm-vp8: eb34c28f22e8b96e1ab97ce403110664 -> 
  custom:audio-encoder-webm-vorbis: bf7c407c2cedff20999df2af8eb42d56 -> 
  custom:framework-win-MediaFoundation: 216162199b28c13a410421893ffa2e32 -> 
  custom:container-demuxer-ogg: 62fdf1f143b41e24485cea50d1cbac27 -> 
  custom:video-decoder-webm-vp8: 9c59270c3fd7afecdb556c50c9e8de78 -> 
  custom:audio-decoder-ogg-vorbis: bf7c407c2cedff20999df2af8eb42d56 -> 
========================================================================
Received Import Request.
  Time since last request: 129831.509509 seconds.
  path: Assets/Prefabs/Cards/Images/Base.prefab
  artifactKey: Guid(ba5492d3aedae7f4c920e644181a98c8) Importer(815301076,1909f56bfc062723c751e8b465ee728b)
Start importing Assets/Prefabs/Cards/Images/Base.prefab using Guid(ba5492d3aedae7f4c920e644181a98c8) Importer(815301076,1909f56bfc062723c751e8b465ee728b)  -> (artifact id: 'b19251e9a969fd5be071a628f59b035c') in 0.153015 seconds 
========================================================================
Received Import Request.
  Time since last request: 11.637045 seconds.
  path: Assets/Prefabs/Cards/Images/meteorshower.png
  artifactKey: Guid(e11b71570314e0349bd851a8d88cd833) Importer(815301076,1909f56bfc062723c751e8b465ee728b)
Start importing Assets/Prefabs/Cards/Images/meteorshower.png using Guid(e11b71570314e0349bd851a8d88cd833) Importer(815301076,1909f56bfc062723c751e8b465ee728b)  -> (artifact id: 'd9c5dd95a10f774b53742d43b971557f') in 0.029132 seconds 
========================================================================
Received Import Request.
  Time since last request: 4.238915 seconds.
  path: Assets/Prefabs/Cards/Images/meteorshower.png
  artifactKey: Guid(e11b71570314e0349bd851a8d88cd833) Importer(815301076,1909f56bfc062723c751e8b465ee728b)
Start importing Assets/Prefabs/Cards/Images/meteorshower.png using Guid(e11b71570314e0349bd851a8d88cd833) Importer(815301076,1909f56bfc062723c751e8b465ee728b)  -> (artifact id: '7255f44943a92075cdfa2d2969210c82') in 0.009948 seconds 
========================================================================
Received Import Request.
  Time since last request: 3.602229 seconds.
  path: Assets/Prefabs/Cards/Images/meteorshower.mat
  artifactKey: Guid(cc11a872e636c284fa3d5eb6a6bea395) Importer(815301076,1909f56bfc062723c751e8b465ee728b)
Start importing Assets/Prefabs/Cards/Images/meteorshower.mat using Guid(cc11a872e636c284fa3d5eb6a6bea395) Importer(815301076,1909f56bfc062723c751e8b465ee728b)  -> (artifact id: '22f3eb9793f84de545baff28ac661b77') in 0.037266 seconds 
========================================================================
Received Import Request.
  Time since last request: 5.497785 seconds.
  path: Assets/Prefabs/Cards/Images/meteorshower.mat
  artifactKey: Guid(cc11a872e636c284fa3d5eb6a6bea395) Importer(815301076,1909f56bfc062723c751e8b465ee728b)
Start importing Assets/Prefabs/Cards/Images/meteorshower.mat using Guid(cc11a872e636c284fa3d5eb6a6bea395) Importer(815301076,1909f56bfc062723c751e8b465ee728b)  -> (artifact id: 'fc5cba1d5ddbfcccdd38bc5d2282fb42') in 0.011457 seconds 
========================================================================
Received Import Request.
  Time since last request: 66.869835 seconds.
  path: Assets/Prefabs/Cards/Images/mshower2.png
  artifactKey: Guid(711ac11a10eef7c4f954f98ffc11af5f) Importer(815301076,1909f56bfc062723c751e8b465ee728b)
Start importing Assets/Prefabs/Cards/Images/mshower2.png using Guid(711ac11a10eef7c4f954f98ffc11af5f) Importer(815301076,1909f56bfc062723c751e8b465ee728b)  -> (artifact id: '379fc77c3c899be221403a0d05a43cbc') in 0.023121 seconds 
========================================================================
Received Import Request.
  Time since last request: 3.933868 seconds.
  path: Assets/Prefabs/Cards/Images/mshower2.png
  artifactKey: Guid(711ac11a10eef7c4f954f98ffc11af5f) Importer(815301076,1909f56bfc062723c751e8b465ee728b)
Start importing Assets/Prefabs/Cards/Images/mshower2.png using Guid(711ac11a10eef7c4f954f98ffc11af5f) Importer(815301076,1909f56bfc062723c751e8b465ee728b)  -> (artifact id: '62bb628a6942d3231e0c42f928cacabb') in 0.011636 seconds 
========================================================================
Received Import Request.
  Time since last request: 4.623725 seconds.
  path: Assets/Prefabs/Cards/Images/mshower2.png
  artifactKey: Guid(711ac11a10eef7c4f954f98ffc11af5f) Importer(815301076,1909f56bfc062723c751e8b465ee728b)
Start importing Assets/Prefabs/Cards/Images/mshower2.png using Guid(711ac11a10eef7c4f954f98ffc11af5f) Importer(815301076,1909f56bfc062723c751e8b465ee728b)  -> (artifact id: '97de22a649dd837c70847dae645074b0') in 0.049462 seconds 
========================================================================
Received Import Request.
  Time since last request: 36.023387 seconds.
  path: Assets/Prefabs/Cards/MeteorShower.prefab
  artifactKey: Guid(5b89c2ae167118447ae9dc50def990d7) Importer(815301076,1909f56bfc062723c751e8b465ee728b)
Start importing Assets/Prefabs/Cards/MeteorShower.prefab using Guid(5b89c2ae167118447ae9dc50def990d7) Importer(815301076,1909f56bfc062723c751e8b465ee728b)  -> (artifact id: '042eaf5c397478528e44196b033dab62') in 0.042576 seconds 
========================================================================
Received Import Request.
  Time since last request: 10.813702 seconds.
  path: Assets/Prefabs/Cards/GoldspanDragon.prefab
  artifactKey: Guid(a537093ed9ea8cb4fa6b52c94ea281da) Importer(815301076,1909f56bfc062723c751e8b465ee728b)
Start importing Assets/Prefabs/Cards/GoldspanDragon.prefab using Guid(a537093ed9ea8cb4fa6b52c94ea281da) Importer(815301076,1909f56bfc062723c751e8b465ee728b)  -> (artifact id: '36589af3fb24ce5a573d8cc50104af73') in 0.050558 seconds 
========================================================================
Received Import Request.
  Time since last request: 7.247697 seconds.
  path: Assets/Prefabs/Cards/GoldspanDragon.prefab
  artifactKey: Guid(a537093ed9ea8cb4fa6b52c94ea281da) Importer(815301076,1909f56bfc062723c751e8b465ee728b)
Start importing Assets/Prefabs/Cards/GoldspanDragon.prefab using Guid(a537093ed9ea8cb4fa6b52c94ea281da) Importer(815301076,1909f56bfc062723c751e8b465ee728b)  -> (artifact id: '8a5f2f13e1a83e397bd54c2a085674f7') in 0.042554 seconds 
========================================================================
Received Import Request.
  Time since last request: 11.469559 seconds.
  path: Assets/Prefabs/Cards/ElvishMystic.prefab
  artifactKey: Guid(33196ad8a87031045969443ccdcd30f2) Importer(815301076,1909f56bfc062723c751e8b465ee728b)
Start importing Assets/Prefabs/Cards/ElvishMystic.prefab using Guid(33196ad8a87031045969443ccdcd30f2) Importer(815301076,1909f56bfc062723c751e8b465ee728b)  -> (artifact id: 'e933030dd1e08cda9ce39888d39ec946') in 0.041468 seconds 
========================================================================
Received Import Request.
  Time since last request: 31.037469 seconds.
  path: Assets/Prefabs/Cards/MeteorShower.prefab
  artifactKey: Guid(5b89c2ae167118447ae9dc50def990d7) Importer(815301076,1909f56bfc062723c751e8b465ee728b)
Start importing Assets/Prefabs/Cards/MeteorShower.prefab using Guid(5b89c2ae167118447ae9dc50def990d7) Importer(815301076,1909f56bfc062723c751e8b465ee728b)  -> (artifact id: '0f9c78282595531652bbd19ed958ed31') in 0.039973 seconds 
========================================================================
Received Import Request.
  Time since last request: 4.543588 seconds.
  path: Assets/Prefabs/Cards/MeteorShower.prefab
  artifactKey: Guid(5b89c2ae167118447ae9dc50def990d7) Importer(815301076,1909f56bfc062723c751e8b465ee728b)
Start importing Assets/Prefabs/Cards/MeteorShower.prefab using Guid(5b89c2ae167118447ae9dc50def990d7) Importer(815301076,1909f56bfc062723c751e8b465ee728b)  -> (artifact id: '5670fc9fc5b513ce2928d716ca54c01a') in 0.040653 seconds 
========================================================================
Received Import Request.
  Time since last request: 36.432267 seconds.
  path: Assets/Prefabs/Player.prefab
  artifactKey: Guid(90e69f4d79e06574f88d430fe6e8999f) Importer(815301076,1909f56bfc062723c751e8b465ee728b)
Start importing Assets/Prefabs/Player.prefab using Guid(90e69f4d79e06574f88d430fe6e8999f) Importer(815301076,1909f56bfc062723c751e8b465ee728b)  -> (artifact id: '579544871e6367c2f5cf5db9c324dacb') in 0.037053 seconds 
========================================================================
Received Import Request.
  Time since last request: 0.342028 seconds.
  path: Assets/Prefabs/Player.prefab
  artifactKey: Guid(90e69f4d79e06574f88d430fe6e8999f) Importer(815301076,1909f56bfc062723c751e8b465ee728b)
Start importing Assets/Prefabs/Player.prefab using Guid(90e69f4d79e06574f88d430fe6e8999f) Importer(815301076,1909f56bfc062723c751e8b465ee728b)  -> (artifact id: '8f8f853332d265435079e2830fbaba12') in 0.030035 seconds 
========================================================================
Received Import Request.
  Time since last request: 0.573294 seconds.
  path: Assets/Prefabs/Player.prefab
  artifactKey: Guid(90e69f4d79e06574f88d430fe6e8999f) Importer(815301076,1909f56bfc062723c751e8b465ee728b)
Start importing Assets/Prefabs/Player.prefab using Guid(90e69f4d79e06574f88d430fe6e8999f) Importer(815301076,1909f56bfc062723c751e8b465ee728b)  -> (artifact id: '17c37e7ded1a74ace157f981bcbf063b') in 0.030808 seconds 
========================================================================
Received Import Request.
  Time since last request: 0.358319 seconds.
  path: Assets/Prefabs/Player.prefab
  artifactKey: Guid(90e69f4d79e06574f88d430fe6e8999f) Importer(815301076,1909f56bfc062723c751e8b465ee728b)
Start importing Assets/Prefabs/Player.prefab using Guid(90e69f4d79e06574f88d430fe6e8999f) Importer(815301076,1909f56bfc062723c751e8b465ee728b)  -> (artifact id: '0b1d36d131fd351eba7350040054ec39') in 0.033552 seconds 
========================================================================
Received Import Request.
  Time since last request: 19.161263 seconds.
  path: Assets/Prefabs/Cards/MeteorShower.prefab
  artifactKey: Guid(5b89c2ae167118447ae9dc50def990d7) Importer(815301076,1909f56bfc062723c751e8b465ee728b)
Start importing Assets/Prefabs/Cards/MeteorShower.prefab using Guid(5b89c2ae167118447ae9dc50def990d7) Importer(815301076,1909f56bfc062723c751e8b465ee728b)  -> (artifact id: 'ac9c9ecb23ca78533c9277ec6fe5d3a3') in 0.042384 seconds 
========================================================================
Received Prepare
Registering precompiled user dll's ...
Registered in 0.006510 seconds.
Begin MonoManager ReloadAssembly
Symbol file LoadedFromMemory doesn't match image C:\Users\cocru\Documents\GitHub\RandomlyGeneratedHexBoard\Tilemap Practice\Library\PackageCache\com.unity.visualscripting@1.7.8\Editor\VisualScripting.Core\Dependencies\YamlDotNet\Unity.VisualScripting.YamlDotNet.dll
Symbol file LoadedFromMemory doesn't match image C:\Users\cocru\Documents\GitHub\RandomlyGeneratedHexBoard\Tilemap Practice\Library\PackageCache\com.unity.visualscripting@1.7.8\Editor\VisualScripting.Core\Dependencies\DotNetZip\Unity.VisualScripting.IonicZip.dll
Native extension for WindowsStandalone target not found
Native extension for Android target not found
Refreshing native plugins compatible for Editor in 0.83 ms, found 2 plugins.
Preloading 0 native plugins for Editor in 0.00 ms.
Mono: successfully reloaded assembly
- Completed reload, in  0.914 seconds
Domain Reload Profiling:
	ReloadAssembly (915ms)
		BeginReloadAssembly (108ms)
			ExecutionOrderSort (0ms)
			DisableScriptedObjects (5ms)
			BackupInstance (0ms)
			ReleaseScriptingObjects (0ms)
			CreateAndSetChildDomain (29ms)
		EndReloadAssembly (724ms)
			LoadAssemblies (76ms)
			RebuildTransferFunctionScriptingTraits (0ms)
			SetupTypeCache (200ms)
			ReleaseScriptCaches (1ms)
			RebuildScriptCaches (45ms)
			SetupLoadedEditorAssemblies (347ms)
				LogAssemblyErrors (0ms)
				InitializePlatformSupportModulesInManaged (20ms)
				SetLoadedEditorAssemblies (1ms)
				RefreshPlugins (1ms)
				BeforeProcessingInitializeOnLoad (90ms)
				ProcessInitializeOnLoadAttributes (183ms)
				ProcessInitializeOnLoadMethodAttributes (45ms)
				AfterProcessingInitializeOnLoad (7ms)
				EditorAssembliesLoaded (0ms)
			ExecutionOrderSort2 (0ms)
			AwakeInstancesAfterBackupRestoration (7ms)
Platform modules already initialized, skipping
Refreshing native plugins compatible for Editor in 2.24 ms, found 2 plugins.
Preloading 0 native plugins for Editor in 0.00 ms.
Unloading 4919 Unused Serialized files (Serialized files now loaded: 0)
Unloading 26 unused Assets / (25.6 KB). Loaded Objects now: 5458.
Memory consumption went from 187.1 MB to 187.1 MB.
Total: 3.311700 ms (FindLiveObjects: 0.388100 ms CreateObjectMapping: 0.138900 ms MarkObjects: 2.718700 ms  DeleteObjects: 0.065300 ms)

AssetImportParameters requested are different than current active one (requested -> active):
  custom:video-decoder-ogg-theora: a1e56fd34408186e4bbccfd4996cb3dc -> 
  custom:container-muxer-webm: aa71ff27fc2769a1b78a27578f13a17b -> 
  custom:container-demuxer-webm: 4f35f7cbe854078d1ac9338744f61a02 -> 
  custom:video-encoder-webm-vp8: eb34c28f22e8b96e1ab97ce403110664 -> 
  custom:audio-encoder-webm-vorbis: bf7c407c2cedff20999df2af8eb42d56 -> 
  custom:framework-win-MediaFoundation: 216162199b28c13a410421893ffa2e32 -> 
  custom:container-demuxer-ogg: 62fdf1f143b41e24485cea50d1cbac27 -> 
  custom:video-decoder-webm-vp8: 9c59270c3fd7afecdb556c50c9e8de78 -> 
  custom:audio-decoder-ogg-vorbis: bf7c407c2cedff20999df2af8eb42d56 -> 
========================================================================
Received Import Request.
  Time since last request: 52.969116 seconds.
  path: Assets/Prefabs/Cards/MeteorShower.prefab
  artifactKey: Guid(5b89c2ae167118447ae9dc50def990d7) Importer(815301076,1909f56bfc062723c751e8b465ee728b)
Start importing Assets/Prefabs/Cards/MeteorShower.prefab using Guid(5b89c2ae167118447ae9dc50def990d7) Importer(815301076,1909f56bfc062723c751e8b465ee728b)  -> (artifact id: '687a9c2bbfd2d38455c01ad28284e5ea') in 0.097860 seconds 
========================================================================
Received Import Request.
  Time since last request: 14.651691 seconds.
  path: Assets/Prefabs/Cards/MeteorShower.prefab
  artifactKey: Guid(5b89c2ae167118447ae9dc50def990d7) Importer(815301076,1909f56bfc062723c751e8b465ee728b)
Start importing Assets/Prefabs/Cards/MeteorShower.prefab using Guid(5b89c2ae167118447ae9dc50def990d7) Importer(815301076,1909f56bfc062723c751e8b465ee728b)  -> (artifact id: 'b6959868bc36c23b79cffcecf42dd3a3') in 0.037027 seconds 
========================================================================
Received Import Request.
  Time since last request: 13.646845 seconds.
  path: Assets/Prefabs/Cards/MeteorShower.prefab
  artifactKey: Guid(5b89c2ae167118447ae9dc50def990d7) Importer(815301076,1909f56bfc062723c751e8b465ee728b)
Start importing Assets/Prefabs/Cards/MeteorShower.prefab using Guid(5b89c2ae167118447ae9dc50def990d7) Importer(815301076,1909f56bfc062723c751e8b465ee728b)  -> (artifact id: 'fc10913a4ba58f01b6f53e96546ceb27') in 0.041883 seconds 
========================================================================
Received Import Request.
  Time since last request: 0.554607 seconds.
  path: Assets/Prefabs/Cards/MeteorShower.prefab
  artifactKey: Guid(5b89c2ae167118447ae9dc50def990d7) Importer(815301076,1909f56bfc062723c751e8b465ee728b)
Start importing Assets/Prefabs/Cards/MeteorShower.prefab using Guid(5b89c2ae167118447ae9dc50def990d7) Importer(815301076,1909f56bfc062723c751e8b465ee728b)  -> (artifact id: '90d07c8119324dd32a4d6ce240925d27') in 0.042030 seconds 
========================================================================
Received Import Request.
  Time since last request: 16.607560 seconds.
  path: Assets/Prefabs/Cards/MeteorShower.prefab
  artifactKey: Guid(5b89c2ae167118447ae9dc50def990d7) Importer(815301076,1909f56bfc062723c751e8b465ee728b)
Start importing Assets/Prefabs/Cards/MeteorShower.prefab using Guid(5b89c2ae167118447ae9dc50def990d7) Importer(815301076,1909f56bfc062723c751e8b465ee728b)  -> (artifact id: 'fa8f4a1744e6ab49ed28fe16187bab7c') in 0.039354 seconds 
========================================================================
Received Import Request.
  Time since last request: 6.612494 seconds.
  path: Assets/Prefabs/Cards/MeteorShower.prefab
  artifactKey: Guid(5b89c2ae167118447ae9dc50def990d7) Importer(815301076,1909f56bfc062723c751e8b465ee728b)
Start importing Assets/Prefabs/Cards/MeteorShower.prefab using Guid(5b89c2ae167118447ae9dc50def990d7) Importer(815301076,1909f56bfc062723c751e8b465ee728b)  -> (artifact id: '65c721f7ea59cf72f28bbbfc4002ea5a') in 0.038163 seconds 
========================================================================
Received Import Request.
  Time since last request: 19.513809 seconds.
  path: Assets/Prefabs/Cards/MeteorShower.prefab
  artifactKey: Guid(5b89c2ae167118447ae9dc50def990d7) Importer(815301076,1909f56bfc062723c751e8b465ee728b)
Start importing Assets/Prefabs/Cards/MeteorShower.prefab using Guid(5b89c2ae167118447ae9dc50def990d7) Importer(815301076,1909f56bfc062723c751e8b465ee728b)  -> (artifact id: '485e63fba4e698b338cbc8c300048c56') in 0.040165 seconds 
========================================================================
Received Import Request.
  Time since last request: 2.018601 seconds.
  path: Assets/Prefabs/Cards/MeteorShower.prefab
  artifactKey: Guid(5b89c2ae167118447ae9dc50def990d7) Importer(815301076,1909f56bfc062723c751e8b465ee728b)
Start importing Assets/Prefabs/Cards/MeteorShower.prefab using Guid(5b89c2ae167118447ae9dc50def990d7) Importer(815301076,1909f56bfc062723c751e8b465ee728b)  -> (artifact id: '1e37ca9552b799b55a4e3254c84497cd') in 0.038543 seconds 
========================================================================
Received Import Request.
  Time since last request: 8.288181 seconds.
  path: Assets/Prefabs/Cards/MeteorShower.prefab
  artifactKey: Guid(5b89c2ae167118447ae9dc50def990d7) Importer(815301076,1909f56bfc062723c751e8b465ee728b)
Start importing Assets/Prefabs/Cards/MeteorShower.prefab using Guid(5b89c2ae167118447ae9dc50def990d7) Importer(815301076,1909f56bfc062723c751e8b465ee728b)  -> (artifact id: 'dc57e559aca85db52bc41cf3c385526c') in 0.045119 seconds 
========================================================================
Received Import Request.
  Time since last request: 2.766337 seconds.
  path: Assets/Prefabs/Cards/MeteorShower.prefab
  artifactKey: Guid(5b89c2ae167118447ae9dc50def990d7) Importer(815301076,1909f56bfc062723c751e8b465ee728b)
Start importing Assets/Prefabs/Cards/MeteorShower.prefab using Guid(5b89c2ae167118447ae9dc50def990d7) Importer(815301076,1909f56bfc062723c751e8b465ee728b)  -> (artifact id: '5895fff5a9e1ea4e42a9fa09c6e9bf36') in 0.043046 seconds 
========================================================================
Received Import Request.
  Time since last request: 9.202434 seconds.
  path: Assets/Prefabs/Cards/MeteorShower.prefab
  artifactKey: Guid(5b89c2ae167118447ae9dc50def990d7) Importer(815301076,1909f56bfc062723c751e8b465ee728b)
Start importing Assets/Prefabs/Cards/MeteorShower.prefab using Guid(5b89c2ae167118447ae9dc50def990d7) Importer(815301076,1909f56bfc062723c751e8b465ee728b)  -> (artifact id: '787284a52e7254132c862db8f465703b') in 0.043886 seconds 
========================================================================
Received Import Request.
  Time since last request: 5.540903 seconds.
  path: Assets/Prefabs/Cards/MeteorShower.prefab
  artifactKey: Guid(5b89c2ae167118447ae9dc50def990d7) Importer(815301076,1909f56bfc062723c751e8b465ee728b)
Start importing Assets/Prefabs/Cards/MeteorShower.prefab using Guid(5b89c2ae167118447ae9dc50def990d7) Importer(815301076,1909f56bfc062723c751e8b465ee728b)  -> (artifact id: 'f5387e751a7db56c95b0e49ba9361c1c') in 0.039458 seconds 
========================================================================
Received Import Request.
  Time since last request: 2.975418 seconds.
  path: Assets/Prefabs/Cards/MeteorShower.prefab
  artifactKey: Guid(5b89c2ae167118447ae9dc50def990d7) Importer(815301076,1909f56bfc062723c751e8b465ee728b)
Start importing Assets/Prefabs/Cards/MeteorShower.prefab using Guid(5b89c2ae167118447ae9dc50def990d7) Importer(815301076,1909f56bfc062723c751e8b465ee728b)  -> (artifact id: 'f4c6e5c170d530d44214b0109f199760') in 0.039869 seconds 
========================================================================
Received Import Request.
  Time since last request: 6.215628 seconds.
  path: Assets/Prefabs/Cards/MeteorShower.prefab
  artifactKey: Guid(5b89c2ae167118447ae9dc50def990d7) Importer(815301076,1909f56bfc062723c751e8b465ee728b)
Start importing Assets/Prefabs/Cards/MeteorShower.prefab using Guid(5b89c2ae167118447ae9dc50def990d7) Importer(815301076,1909f56bfc062723c751e8b465ee728b)  -> (artifact id: '28453d1ea4d5e325a5fb9061761604f1') in 0.040948 seconds 
========================================================================
Received Import Request.
  Time since last request: 2.985726 seconds.
  path: Assets/Prefabs/Cards/MeteorShower.prefab
  artifactKey: Guid(5b89c2ae167118447ae9dc50def990d7) Importer(815301076,1909f56bfc062723c751e8b465ee728b)
Start importing Assets/Prefabs/Cards/MeteorShower.prefab using Guid(5b89c2ae167118447ae9dc50def990d7) Importer(815301076,1909f56bfc062723c751e8b465ee728b)  -> (artifact id: 'ca80ba65ef0a95a9eef141ad4b7918e7') in 0.041496 seconds 
========================================================================
Received Import Request.
  Time since last request: 1.603362 seconds.
  path: Assets/Prefabs/Cards/MeteorShower.prefab
  artifactKey: Guid(5b89c2ae167118447ae9dc50def990d7) Importer(815301076,1909f56bfc062723c751e8b465ee728b)
Start importing Assets/Prefabs/Cards/MeteorShower.prefab using Guid(5b89c2ae167118447ae9dc50def990d7) Importer(815301076,1909f56bfc062723c751e8b465ee728b)  -> (artifact id: '5f65f44adf1ccb09986b60aa255d552f') in 0.043877 seconds 
========================================================================
Received Import Request.
  Time since last request: 2.340472 seconds.
  path: Assets/Prefabs/Cards/MeteorShower.prefab
  artifactKey: Guid(5b89c2ae167118447ae9dc50def990d7) Importer(815301076,1909f56bfc062723c751e8b465ee728b)
Start importing Assets/Prefabs/Cards/MeteorShower.prefab using Guid(5b89c2ae167118447ae9dc50def990d7) Importer(815301076,1909f56bfc062723c751e8b465ee728b)  -> (artifact id: '3d89ff0c44bdc67c07e77914376a9a4d') in 0.041655 seconds 
========================================================================
Received Import Request.
  Time since last request: 6.125934 seconds.
  path: Assets/Prefabs/Cards/MeteorShower.prefab
  artifactKey: Guid(5b89c2ae167118447ae9dc50def990d7) Importer(815301076,1909f56bfc062723c751e8b465ee728b)
Start importing Assets/Prefabs/Cards/MeteorShower.prefab using Guid(5b89c2ae167118447ae9dc50def990d7) Importer(815301076,1909f56bfc062723c751e8b465ee728b)  -> (artifact id: 'cd4376a038c51eaf6e72d15f03a9b29b') in 0.039972 seconds 
========================================================================
Received Import Request.
  Time since last request: 12.873897 seconds.
  path: Assets/Prefabs/Cards/MeteorShower.prefab
  artifactKey: Guid(5b89c2ae167118447ae9dc50def990d7) Importer(815301076,1909f56bfc062723c751e8b465ee728b)
Start importing Assets/Prefabs/Cards/MeteorShower.prefab using Guid(5b89c2ae167118447ae9dc50def990d7) Importer(815301076,1909f56bfc062723c751e8b465ee728b)  -> (artifact id: '527f06eb821a56b113b953d74fc770c5') in 0.041308 seconds 
========================================================================
Received Import Request.
  Time since last request: 9.839962 seconds.
  path: Assets/Prefabs/Cards/GoldspanDragon.prefab
  artifactKey: Guid(a537093ed9ea8cb4fa6b52c94ea281da) Importer(815301076,1909f56bfc062723c751e8b465ee728b)
Start importing Assets/Prefabs/Cards/GoldspanDragon.prefab using Guid(a537093ed9ea8cb4fa6b52c94ea281da) Importer(815301076,1909f56bfc062723c751e8b465ee728b)  -> (artifact id: '902a5f213e641ffb14d452a9b497d9c1') in 0.046999 seconds 
