
=== Fri Jun 11 14:06:53 2021

Packages were changed.
Update Mode: mergeDefaultDependencies

The following packages were added:
  com.unity.visualscripting@1.6.1

=== Tue Jul  5 13:54:03 2022

Packages were changed.
Update Mode: updateDependencies

The following packages were updated:
  com.unity.ide.rider from version 3.0.6 to 3.0.7
  com.unity.ide.visualstudio from version 2.0.8 to 2.0.9
  com.unity.test-framework from version 1.1.24 to 1.1.27

=== Sun Sep 11 14:02:47 2022

Packages were changed.
Update Mode: updateDependencies

The following packages were updated:
  com.unity.2d.tilemap.extras from version 2.0.0 to 2.2.3
  com.unity.collab-proxy from version 1.5.7 to 1.17.1
  com.unity.ide.rider from version 3.0.7 to 3.0.15
  com.unity.ide.visualstudio from version 2.0.9 to 2.0.16
  com.unity.ide.vscode from version 1.2.3 to 1.2.5
  com.unity.test-framework from version 1.1.27 to 1.1.31
  com.unity.timeline from version 1.5.5 to 1.6.4
  com.unity.visualscripting from version 1.6.1 to 1.7.8

=== Sun Sep 11 14:18:56 2022

Packages were changed.
Update Mode: updateDependencies

The following packages were updated:
  com.unity.collab-proxy from version 1.17.1 to 1.17.2
